<?xml version="1.0" encoding="UTF-8"?>
<robot generator="Robot 3.2.2 (Python 3.9.0 on win32)" generated="20201102 18:10:05.745" rpa="false">
<suite id="s1" name="Tests" source="C:\Users\gabriel\Documents\Repositorios Git\robot-framework-web-test\tests">
<suite id="s1-s1" name="API" source="C:\Users\gabriel\Documents\Repositorios Git\robot-framework-web-test\tests\API">
<suite id="s1-s1-s1" name="APIBooks TestCases" source="C:\Users\gabriel\Documents\Repositorios Git\robot-framework-web-test\tests\API\APIBooks_TestCases.robot">
<kw name="Conectar a minha API" library="ResourceAPIBooks" type="setup">
<kw name="Create Session" library="RequestsLibrary">
<doc>Create Session: create a HTTP session to a server</doc>
<arguments>
<arg>fakeAPI</arg>
<arg>${URL_API}</arg>
</arguments>
<msg timestamp="20201102 18:10:05.996" level="INFO">Creating Session using : alias=fakeAPI, url=https://fakerestapi.azurewebsites.net/api/, headers={},                     cookies={}, auth=None, timeout=None, proxies=None, verify=False,                     debug=0 </msg>
<status status="PASS" starttime="20201102 18:10:05.995" endtime="20201102 18:10:05.996"></status>
</kw>
<kw name="Create Dictionary" library="BuiltIn">
<doc>Creates and returns a dictionary based on the given ``items``.</doc>
<arguments>
<arg>content-type=application/json</arg>
</arguments>
<assign>
<var>${HEADERS}</var>
</assign>
<msg timestamp="20201102 18:10:05.996" level="INFO">${HEADERS} = {'content-type': 'application/json'}</msg>
<status status="PASS" starttime="20201102 18:10:05.996" endtime="20201102 18:10:05.997"></status>
</kw>
<kw name="Set Suite Variable" library="BuiltIn">
<doc>Makes a variable available everywhere within the scope of the current suite.</doc>
<arguments>
<arg>${HEADERS}</arg>
</arguments>
<msg timestamp="20201102 18:10:05.997" level="INFO">${HEADERS} = {'content-type': 'application/json'}</msg>
<status status="PASS" starttime="20201102 18:10:05.997" endtime="20201102 18:10:05.997"></status>
</kw>
<status status="PASS" starttime="20201102 18:10:05.995" endtime="20201102 18:10:05.997"></status>
</kw>
<test id="s1-s1-s1-t1" name="Buscar a listagem de todos os livros (GET em todos os livros)">
<kw name="Requisitar todos os livros" library="ResourceAPIBooks">
<kw name="Get Request" library="RequestsLibrary">
<doc>Send a GET request on the session object found using the
given `alias`</doc>
<arguments>
<arg>fakeAPI</arg>
<arg>Books</arg>
</arguments>
<assign>
<var>${RESPOSTA}</var>
</assign>
<msg timestamp="20201102 18:10:07.373" level="INFO">GET Request : url=https://fakerestapi.azurewebsites.net/api//Books 
 path_url=/api//Books 
 headers={'User-Agent': 'python-requests/2.24.0', 'Accept-Encoding': 'gzip, deflate', 'Accept': '*/*', 'Connection': 'keep-alive'} 
 body=None 
 </msg>
<msg timestamp="20201102 18:10:07.373" level="INFO">GET Response : url=https://fakerestapi.azurewebsites.net/api//Books 
 status=200, reason=OK 
 body=[{"ID":1,"Title":"Book 1","Description":"Lorem lorem lorem. Lorem lorem lorem. Lorem lorem lorem.\r\n","PageCount":100,"Excerpt":"Lorem lorem lorem. Lorem lorem lorem. Lorem lorem lorem.\r\nLorem lorem lorem. Lorem lorem lorem. Lorem lorem lorem.\r\nLorem lorem lorem. Lorem lorem lorem. Lorem lorem lorem.\r\nLorem lorem lorem. Lorem lorem lorem. Lorem lorem lorem.\r\nLorem lorem lorem. Lorem lorem lorem. Lorem lorem lorem.\r\n","PublishDate":"2020-11-01T21:10:07.2464109+00:00"},{"ID":2,"Title":"Book 2","Description":"Lorem lorem lorem. Lorem lorem lorem. Lorem lorem lorem.\r\n","PageCount":200,"Excerpt":"Lorem lorem lorem. Lorem lorem lorem. Lorem lorem lorem.\r\nLorem lorem lorem. Lorem lorem lorem. Lorem lorem lorem.\r\nLorem lorem lorem. Lorem lorem lorem. Lorem lorem lorem.\r\nLorem lorem lorem. Lorem lorem lorem. Lorem lorem lorem.\r\nLorem lorem lorem. Lorem lorem lorem. Lorem lorem lorem.\r\n","PublishDate":"2020-10-31T21:10:07.2464109+00:00"},{"ID":3,"Title":"Book 3","Description":"Lorem lorem lorem. Lorem lorem lorem. Lorem lorem lorem.\r\n","PageCount":300,"Excerpt":"Lorem lorem lorem. Lorem lorem lorem. Lorem lorem lorem.\r\nLorem lorem lorem. Lorem lorem lorem. Lorem lorem lorem.\r\nLorem lorem lorem. Lorem lorem lorem. Lorem lorem lorem.\r\nLorem lorem lorem. Lorem lorem lorem. Lorem lorem lorem.\r\nLorem lorem lorem. Lorem lorem lorem. Lorem lorem lorem.\r\n","PublishDate":"2020-10-30T21:10:07.2464109+00:00"},{"ID":4,"Title":"Book 4","Description":"Lorem lorem lorem. Lorem lorem lorem. Lorem lorem lorem.\r\n","PageCount":400,"Excerpt":"Lorem lorem lorem. Lorem lorem lorem. Lorem lorem lorem.\r\nLorem lorem lorem. Lorem lorem lorem. Lorem lorem lorem.\r\nLorem lorem lorem. Lorem lorem lorem. Lorem lorem lorem.\r\nLorem lorem lorem. Lorem lorem lorem. Lorem lorem lorem.\r\nLorem lorem lorem. Lorem lorem lorem. Lorem lorem lorem.\r\n","PublishDate":"2020-10-29T21:10:07.2464109+00:00"},{"ID":5,"Title":"Book 5","Description":"Lorem lorem lorem. Lorem lorem lorem. Lorem lorem lorem.\r\n","PageCount":500,"Excerpt":"Lorem lorem lorem. Lorem lorem lorem. Lorem lorem lorem.\r\nLorem lorem lorem. Lorem lorem lorem. Lorem lorem lorem.\r\nLorem lorem lorem. Lorem lorem lorem. Lorem lorem lorem.\r\nLorem lorem lorem. Lorem lorem lorem. Lorem lorem lorem.\r\nLorem lorem lorem. Lorem lorem lorem. Lorem lorem lorem.\r\n","PublishDate":"2020-10-28T21:10:07.2464109+00:00"},{"ID":6,"Title":"Book 6","Description":"Lorem lorem lorem. Lorem lorem lorem. Lorem lorem lorem.\r\n","PageCount":600,"Excerpt":"Lorem lorem lorem. Lorem lorem lorem. Lorem lorem lorem.\r\nLorem lorem lorem. Lorem lorem lorem. Lorem lorem lorem.\r\nLorem lorem lorem. Lorem lorem lorem. Lorem lorem lorem.\r\nLorem lorem lorem. Lorem lorem lorem. Lorem lorem lorem.\r\nLorem lorem lorem. Lorem lorem lorem. Lorem lorem lorem.\r\n","PublishDate":"2020-10-27T21:10:07.2464109+00:00"},{"ID":7,"Title":"Book 7","Description":"Lorem lorem lorem. Lorem lorem lorem. Lorem lorem lorem.\r\n","PageCount":700,"Excerpt":"Lorem lorem lorem. Lorem lorem lorem. Lorem lorem lorem.\r\nLorem lorem lorem. Lorem lorem lorem. Lorem lorem lorem.\r\nLorem lorem lorem. Lorem lorem lorem. Lorem lorem lorem.\r\nLorem lorem lorem. Lorem lorem lorem. Lorem lorem lorem.\r\nLorem lorem lorem. Lorem lorem lorem. Lorem lorem lorem.\r\n","PublishDate":"2020-10-26T21:10:07.2464109+00:00"},{"ID":8,"Title":"Book 8","Description":"Lorem lorem lorem. Lorem lorem lorem. Lorem lorem lorem.\r\n","PageCount":800,"Excerpt":"Lorem lorem lorem. Lorem lorem lorem. Lorem lorem lorem.\r\nLorem lorem lorem. Lorem lorem lorem. Lorem lorem lorem.\r\nLorem lorem lorem. Lorem lorem lorem. Lorem lorem lorem.\r\nLorem lorem lorem. Lorem lorem lorem. Lorem lorem lorem.\r\nLorem lorem lorem. Lorem lorem lorem. Lorem lorem lorem.\r\n","PublishDate":"2020-10-25T21:10:07.2464109+00:00"},{"ID":9,"Title":"Book 9","Description":"Lorem lorem lorem. Lorem lorem lorem. Lorem lorem lorem.\r\n","PageCount":900,"Excerpt":"Lorem lorem lorem. Lorem lorem lorem. Lorem lorem lorem.\r\nLorem lorem lorem. Lorem lorem lorem. Lorem lorem lorem.\r\nLorem lorem lorem. Lorem lorem lorem. Lorem lorem lorem.\r\nLorem lorem lorem. Lorem lorem lorem. Lorem lorem lorem.\r\nLorem lorem lorem. Lorem lorem lorem. Lorem lorem lorem.\r\n","PublishDate":"2020-10-24T21:10:07.2464109+00:00"},{"ID":10,"Title":"Book 10","Description":"Lorem lorem lorem. Lorem lorem lorem. Lorem lorem lorem.\r\n","PageCount":1000,"Excerpt":"Lorem lorem lorem. Lorem lorem lorem. Lorem lorem lorem.\r\nLorem lorem lorem. Lorem lorem lorem. Lorem lorem lorem.\r\nLorem lorem lorem. Lorem lorem lorem. Lorem lorem lorem.\r\nLorem lorem lorem. Lorem lorem lorem. Lorem lorem lorem.\r\nLorem lorem lorem. Lorem lorem lorem. Lorem lorem lorem.\r\n","PublishDate":"2020-10-23T21:10:07.2464109+00:00"},{"ID":11,"Title":"Book 11","Description":"Lorem lorem lorem. Lorem lorem lorem. Lorem lorem lorem.\r\n","PageCount":1100,"Excerpt":"Lorem lorem lorem. Lorem lorem lorem. Lorem lorem lorem.\r\nLorem lorem lorem. Lorem lorem lorem. Lorem lorem lorem.\r\nLorem lorem lorem. Lorem lorem lorem. Lorem lorem lorem.\r\nLorem lorem lorem. Lorem lorem lorem. Lorem lorem lorem.\r\nLorem lorem lorem. Lorem lorem lorem. Lorem lorem lorem.\r\n","PublishDate":"2020-10-22T21:10:07.2464109+00:00"},{"ID":12,"Title":"Book 12","Description":"Lorem lorem lorem. Lorem lorem lorem. Lorem lorem lorem.\r\n","PageCount":1200,"Excerpt":"Lorem lorem lorem. Lorem lorem lorem. Lorem lorem lorem.\r\nLorem lorem lorem. Lorem lorem lorem. Lorem lorem lorem.\r\nLorem lorem lorem. Lorem lorem lorem. Lorem lorem lorem.\r\nLorem lorem lorem. Lorem lorem lorem. Lorem lorem lorem.\r\nLorem lorem lorem. Lorem lorem lorem. Lorem lorem lorem.\r\n","PublishDate":"2020-10-21T21:10:07.2464109+00:00"},{"ID":13,"Title":"Book 13","Description":"Lorem lorem lorem. Lorem lorem lorem. Lorem lorem lorem.\r\n","PageCount":1300,"Excerpt":"Lorem lorem lorem. Lorem lorem lorem. Lorem lorem lorem.\r\nLorem lorem lorem. Lorem lorem lorem. Lorem lorem lorem.\r\nLorem lorem lorem. Lorem lorem lorem. Lorem lorem lorem.\r\nLorem lorem lorem. Lorem lorem lorem. Lorem lorem lorem.\r\nLorem lorem lorem. Lorem lorem lorem. Lorem lorem lorem.\r\n","PublishDate":"2020-10-20T21:10:07.2464109+00:00"},{"ID":14,"Title":"Book 14","Description":"Lorem lorem lorem. Lorem lorem lorem. Lorem lorem lorem.\r\n","PageCount":1400,"Excerpt":"Lorem lorem lorem. Lorem lorem lorem. Lorem lorem lorem.\r\nLorem lorem lorem. Lorem lorem lorem. Lorem lorem lorem.\r\nLorem lorem lorem. Lorem lorem lorem. Lorem lorem lorem.\r\nLorem lorem lorem. Lorem lorem lorem. Lorem lorem lorem.\r\nLorem lorem lorem. Lorem lorem lorem. Lorem lorem lorem.\r\n","PublishDate":"2020-10-19T21:10:07.2464109+00:00"},{"ID":15,"Title":"Book 15","Description":"Lorem lorem lorem. Lorem lorem lorem. Lorem lorem lorem.\r\n","PageCount":1500,"Excerpt":"Lorem lorem lorem. Lorem lorem lorem. Lorem lorem lorem.\r\nLorem lorem lorem. Lorem lorem lorem. Lorem lorem lorem.\r\nLorem lorem lorem. Lorem lorem lorem. Lorem lorem lorem.\r\nLorem lorem lorem. Lorem lorem lorem. Lorem lorem lorem.\r\nLorem lorem lorem. Lorem lorem lorem. Lorem lorem lorem.\r\n","PublishDate":"2020-10-18T21:10:07.2464109+00:00"},{"ID":16,"Title":"Book 16","Description":"Lorem lorem lorem. Lorem lorem lorem. Lorem lorem lorem.\r\n","PageCount":1600,"Excerpt":"Lorem lorem lorem. Lorem lorem lorem. Lorem lorem lorem.\r\nLorem lorem lorem. Lorem lorem lorem. Lorem lorem lorem.\r\nLorem lorem lorem. Lorem lorem lorem. Lorem lorem lorem.\r\nLorem lorem lorem. Lorem lorem lorem. Lorem lorem lorem.\r\nLorem lorem lorem. Lorem lorem lorem. Lorem lorem lorem.\r\n","PublishDate":"2020-10-17T21:10:07.2464109+00:00"},{"ID":17,"Title":"Book 17","Description":"Lorem lorem lorem. Lorem lorem lorem. Lorem lorem lorem.\r\n","PageCount":1700,"Excerpt":"Lorem lorem lorem. Lorem lorem lorem. Lorem lorem lorem.\r\nLorem lorem lorem. Lorem lorem lorem. Lorem lorem lorem.\r\nLorem lorem lorem. Lorem lorem lorem. Lorem lorem lorem.\r\nLorem lorem lorem. Lorem lorem lorem. Lorem lorem lorem.\r\nLorem lorem lorem. Lorem lorem lorem. Lorem lorem lorem.\r\n","PublishDate":"2020-10-16T21:10:07.2464109+00:00"},{"ID":18,"Title":"Book 18","Description":"Lorem lorem lorem. Lorem lorem lorem. Lorem lorem lorem.\r\n","PageCount":1800,"Excerpt":"Lorem lorem lorem. Lorem lorem lorem. Lorem lorem lorem.\r\nLorem lorem lorem. Lorem lorem lorem. Lorem lorem lorem.\r\nLorem lorem lorem. Lorem lorem lorem. Lorem lorem lorem.\r\nLorem lorem lorem. Lorem lorem lorem. Lorem lorem lorem.\r\nLorem lorem lorem. Lorem lorem lorem. Lorem lorem lorem.\r\n","PublishDate":"2020-10-15T21:10:07.2464109+00:00"},{"ID":19,"Title":"Book 19","Description":"Lorem lorem lorem. Lorem lorem lorem. Lorem lorem lorem.\r\n","PageCount":1900,"Excerpt":"Lorem lorem lorem. Lorem lorem lorem. Lorem lorem lorem.\r\nLorem lorem lorem. Lorem lorem lorem. Lorem lorem lorem.\r\nLorem lorem lorem. Lorem lorem lorem. Lorem lorem lorem.\r\nLorem lorem lorem. Lorem lorem lorem. Lorem lorem lorem.\r\nLorem lorem lorem. Lorem lorem lorem. Lorem lorem lorem.\r\n","PublishDate":"2020-10-14T21:10:07.2464109+00:00"},{"ID":20,"Title":"Book 20","Description":"Lorem lorem lorem. Lorem lorem lorem. Lorem lorem lorem.\r\n","PageCount":2000,"Excerpt":"Lorem lorem lorem. Lorem lorem lorem. Lorem lorem lorem.\r\nLorem lorem lorem. Lorem lorem lorem. Lorem lorem lorem.\r\nLorem lorem lorem. Lorem lorem lorem. Lorem lorem lorem.\r\nLorem lorem lorem. Lorem lorem lorem. Lorem lorem lorem.\r\nLorem lorem lorem. Lorem lorem lorem. Lorem lorem lorem.\r\n","PublishDate":"2020-10-13T21:10:07.2464109+00:00"},{"ID":21,"Title":"Book 21","Description":"Lorem lorem lorem. Lorem lorem lorem. Lorem lorem lorem.\r\n","PageCount":2100,"Excerpt":"Lorem lorem lorem. Lorem lorem lorem. Lorem lorem lorem.\r\nLorem lorem lorem. Lorem lorem lorem. Lorem lorem lorem.\r\nLorem lorem lorem. Lorem lorem lorem. Lorem lorem lorem.\r\nLorem lorem lo... (set the log level to DEBUG or TRACE to see the full content) 
 </msg>
<msg timestamp="20201102 18:10:07.378" level="INFO">c:\users\gabriel\appdata\local\programs\python\python39\lib\site-packages\urllib3\connectionpool.py:981: InsecureRequestWarning: Unverified HTTPS request is being made to host 'fakerestapi.azurewebsites.net'. Adding certificate verification is strongly advised. See: https://urllib3.readthedocs.io/en/latest/advanced-usage.html#ssl-warnings
  warnings.warn(</msg>
<msg timestamp="20201102 18:10:07.382" level="INFO">${RESPOSTA} = &lt;Response [200]&gt;</msg>
<status status="PASS" starttime="20201102 18:10:05.998" endtime="20201102 18:10:07.382"></status>
</kw>
<kw name="Log" library="BuiltIn">
<doc>Logs the given message with the given level.</doc>
<arguments>
<arg>${RESPOSTA.text}</arg>
</arguments>
<msg timestamp="20201102 18:10:07.384" level="INFO">[{"ID":1,"Title":"Book 1","Description":"Lorem lorem lorem. Lorem lorem lorem. Lorem lorem lorem.\r\n","PageCount":100,"Excerpt":"Lorem lorem lorem. Lorem lorem lorem. Lorem lorem lorem.\r\nLorem lorem lorem. Lorem lorem lorem. Lorem lorem lorem.\r\nLorem lorem lorem. Lorem lorem lorem. Lorem lorem lorem.\r\nLorem lorem lorem. Lorem lorem lorem. Lorem lorem lorem.\r\nLorem lorem lorem. Lorem lorem lorem. Lorem lorem lorem.\r\n","PublishDate":"2020-11-01T21:10:07.2464109+00:00"},{"ID":2,"Title":"Book 2","Description":"Lorem lorem lorem. Lorem lorem lorem. Lorem lorem lorem.\r\n","PageCount":200,"Excerpt":"Lorem lorem lorem. Lorem lorem lorem. Lorem lorem lorem.\r\nLorem lorem lorem. Lorem lorem lorem. Lorem lorem lorem.\r\nLorem lorem lorem. Lorem lorem lorem. Lorem lorem lorem.\r\nLorem lorem lorem. Lorem lorem lorem. Lorem lorem lorem.\r\nLorem lorem lorem. Lorem lorem lorem. Lorem lorem lorem.\r\n","PublishDate":"2020-10-31T21:10:07.2464109+00:00"},{"ID":3,"Title":"Book 3","Description":"Lorem lorem lorem. Lorem lorem lorem. Lorem lorem lorem.\r\n","PageCount":300,"Excerpt":"Lorem lorem lorem. Lorem lorem lorem. Lorem lorem lorem.\r\nLorem lorem lorem. Lorem lorem lorem. Lorem lorem lorem.\r\nLorem lorem lorem. Lorem lorem lorem. Lorem lorem lorem.\r\nLorem lorem lorem. Lorem lorem lorem. Lorem lorem lorem.\r\nLorem lorem lorem. Lorem lorem lorem. Lorem lorem lorem.\r\n","PublishDate":"2020-10-30T21:10:07.2464109+00:00"},{"ID":4,"Title":"Book 4","Description":"Lorem lorem lorem. Lorem lorem lorem. Lorem lorem lorem.\r\n","PageCount":400,"Excerpt":"Lorem lorem lorem. Lorem lorem lorem. Lorem lorem lorem.\r\nLorem lorem lorem. Lorem lorem lorem. Lorem lorem lorem.\r\nLorem lorem lorem. Lorem lorem lorem. Lorem lorem lorem.\r\nLorem lorem lorem. Lorem lorem lorem. Lorem lorem lorem.\r\nLorem lorem lorem. Lorem lorem lorem. Lorem lorem lorem.\r\n","PublishDate":"2020-10-29T21:10:07.2464109+00:00"},{"ID":5,"Title":"Book 5","Description":"Lorem lorem lorem. Lorem lorem lorem. Lorem lorem lorem.\r\n","PageCount":500,"Excerpt":"Lorem lorem lorem. Lorem lorem lorem. Lorem lorem lorem.\r\nLorem lorem lorem. Lorem lorem lorem. Lorem lorem lorem.\r\nLorem lorem lorem. Lorem lorem lorem. Lorem lorem lorem.\r\nLorem lorem lorem. Lorem lorem lorem. Lorem lorem lorem.\r\nLorem lorem lorem. Lorem lorem lorem. Lorem lorem lorem.\r\n","PublishDate":"2020-10-28T21:10:07.2464109+00:00"},{"ID":6,"Title":"Book 6","Description":"Lorem lorem lorem. Lorem lorem lorem. Lorem lorem lorem.\r\n","PageCount":600,"Excerpt":"Lorem lorem lorem. Lorem lorem lorem. Lorem lorem lorem.\r\nLorem lorem lorem. Lorem lorem lorem. Lorem lorem lorem.\r\nLorem lorem lorem. Lorem lorem lorem. Lorem lorem lorem.\r\nLorem lorem lorem. Lorem lorem lorem. Lorem lorem lorem.\r\nLorem lorem lorem. Lorem lorem lorem. Lorem lorem lorem.\r\n","PublishDate":"2020-10-27T21:10:07.2464109+00:00"},{"ID":7,"Title":"Book 7","Description":"Lorem lorem lorem. Lorem lorem lorem. Lorem lorem lorem.\r\n","PageCount":700,"Excerpt":"Lorem lorem lorem. Lorem lorem lorem. Lorem lorem lorem.\r\nLorem lorem lorem. Lorem lorem lorem. Lorem lorem lorem.\r\nLorem lorem lorem. Lorem lorem lorem. Lorem lorem lorem.\r\nLorem lorem lorem. Lorem lorem lorem. Lorem lorem lorem.\r\nLorem lorem lorem. Lorem lorem lorem. Lorem lorem lorem.\r\n","PublishDate":"2020-10-26T21:10:07.2464109+00:00"},{"ID":8,"Title":"Book 8","Description":"Lorem lorem lorem. Lorem lorem lorem. Lorem lorem lorem.\r\n","PageCount":800,"Excerpt":"Lorem lorem lorem. Lorem lorem lorem. Lorem lorem lorem.\r\nLorem lorem lorem. Lorem lorem lorem. Lorem lorem lorem.\r\nLorem lorem lorem. Lorem lorem lorem. Lorem lorem lorem.\r\nLorem lorem lorem. Lorem lorem lorem. Lorem lorem lorem.\r\nLorem lorem lorem. Lorem lorem lorem. Lorem lorem lorem.\r\n","PublishDate":"2020-10-25T21:10:07.2464109+00:00"},{"ID":9,"Title":"Book 9","Description":"Lorem lorem lorem. Lorem lorem lorem. Lorem lorem lorem.\r\n","PageCount":900,"Excerpt":"Lorem lorem lorem. Lorem lorem lorem. Lorem lorem lorem.\r\nLorem lorem lorem. Lorem lorem lorem. Lorem lorem lorem.\r\nLorem lorem lorem. Lorem lorem lorem. Lorem lorem lorem.\r\nLorem lorem lorem. Lorem lorem lorem. Lorem lorem lorem.\r\nLorem lorem lorem. Lorem lorem lorem. Lorem lorem lorem.\r\n","PublishDate":"2020-10-24T21:10:07.2464109+00:00"},{"ID":10,"Title":"Book 10","Description":"Lorem lorem lorem. Lorem lorem lorem. Lorem lorem lorem.\r\n","PageCount":1000,"Excerpt":"Lorem lorem lorem. Lorem lorem lorem. Lorem lorem lorem.\r\nLorem lorem lorem. Lorem lorem lorem. Lorem lorem lorem.\r\nLorem lorem lorem. Lorem lorem lorem. Lorem lorem lorem.\r\nLorem lorem lorem. Lorem lorem lorem. Lorem lorem lorem.\r\nLorem lorem lorem. Lorem lorem lorem. Lorem lorem lorem.\r\n","PublishDate":"2020-10-23T21:10:07.2464109+00:00"},{"ID":11,"Title":"Book 11","Description":"Lorem lorem lorem. Lorem lorem lorem. Lorem lorem lorem.\r\n","PageCount":1100,"Excerpt":"Lorem lorem lorem. Lorem lorem lorem. Lorem lorem lorem.\r\nLorem lorem lorem. Lorem lorem lorem. Lorem lorem lorem.\r\nLorem lorem lorem. Lorem lorem lorem. Lorem lorem lorem.\r\nLorem lorem lorem. Lorem lorem lorem. Lorem lorem lorem.\r\nLorem lorem lorem. Lorem lorem lorem. Lorem lorem lorem.\r\n","PublishDate":"2020-10-22T21:10:07.2464109+00:00"},{"ID":12,"Title":"Book 12","Description":"Lorem lorem lorem. Lorem lorem lorem. Lorem lorem lorem.\r\n","PageCount":1200,"Excerpt":"Lorem lorem lorem. Lorem lorem lorem. Lorem lorem lorem.\r\nLorem lorem lorem. Lorem lorem lorem. Lorem lorem lorem.\r\nLorem lorem lorem. Lorem lorem lorem. Lorem lorem lorem.\r\nLorem lorem lorem. Lorem lorem lorem. Lorem lorem lorem.\r\nLorem lorem lorem. Lorem lorem lorem. Lorem lorem lorem.\r\n","PublishDate":"2020-10-21T21:10:07.2464109+00:00"},{"ID":13,"Title":"Book 13","Description":"Lorem lorem lorem. Lorem lorem lorem. Lorem lorem lorem.\r\n","PageCount":1300,"Excerpt":"Lorem lorem lorem. Lorem lorem lorem. Lorem lorem lorem.\r\nLorem lorem lorem. Lorem lorem lorem. Lorem lorem lorem.\r\nLorem lorem lorem. Lorem lorem lorem. Lorem lorem lorem.\r\nLorem lorem lorem. Lorem lorem lorem. Lorem lorem lorem.\r\nLorem lorem lorem. Lorem lorem lorem. Lorem lorem lorem.\r\n","PublishDate":"2020-10-20T21:10:07.2464109+00:00"},{"ID":14,"Title":"Book 14","Description":"Lorem lorem lorem. Lorem lorem lorem. Lorem lorem lorem.\r\n","PageCount":1400,"Excerpt":"Lorem lorem lorem. Lorem lorem lorem. Lorem lorem lorem.\r\nLorem lorem lorem. Lorem lorem lorem. Lorem lorem lorem.\r\nLorem lorem lorem. Lorem lorem lorem. Lorem lorem lorem.\r\nLorem lorem lorem. Lorem lorem lorem. Lorem lorem lorem.\r\nLorem lorem lorem. Lorem lorem lorem. Lorem lorem lorem.\r\n","PublishDate":"2020-10-19T21:10:07.2464109+00:00"},{"ID":15,"Title":"Book 15","Description":"Lorem lorem lorem. Lorem lorem lorem. Lorem lorem lorem.\r\n","PageCount":1500,"Excerpt":"Lorem lorem lorem. Lorem lorem lorem. Lorem lorem lorem.\r\nLorem lorem lorem. Lorem lorem lorem. Lorem lorem lorem.\r\nLorem lorem lorem. Lorem lorem lorem. Lorem lorem lorem.\r\nLorem lorem lorem. Lorem lorem lorem. Lorem lorem lorem.\r\nLorem lorem lorem. Lorem lorem lorem. Lorem lorem lorem.\r\n","PublishDate":"2020-10-18T21:10:07.2464109+00:00"},{"ID":16,"Title":"Book 16","Description":"Lorem lorem lorem. Lorem lorem lorem. Lorem lorem lorem.\r\n","PageCount":1600,"Excerpt":"Lorem lorem lorem. Lorem lorem lorem. Lorem lorem lorem.\r\nLorem lorem lorem. Lorem lorem lorem. Lorem lorem lorem.\r\nLorem lorem lorem. Lorem lorem lorem. Lorem lorem lorem.\r\nLorem lorem lorem. Lorem lorem lorem. Lorem lorem lorem.\r\nLorem lorem lorem. Lorem lorem lorem. Lorem lorem lorem.\r\n","PublishDate":"2020-10-17T21:10:07.2464109+00:00"},{"ID":17,"Title":"Book 17","Description":"Lorem lorem lorem. Lorem lorem lorem. Lorem lorem lorem.\r\n","PageCount":1700,"Excerpt":"Lorem lorem lorem. Lorem lorem lorem. Lorem lorem lorem.\r\nLorem lorem lorem. Lorem lorem lorem. Lorem lorem lorem.\r\nLorem lorem lorem. Lorem lorem lorem. Lorem lorem lorem.\r\nLorem lorem lorem. Lorem lorem lorem. Lorem lorem lorem.\r\nLorem lorem lorem. Lorem lorem lorem. Lorem lorem lorem.\r\n","PublishDate":"2020-10-16T21:10:07.2464109+00:00"},{"ID":18,"Title":"Book 18","Description":"Lorem lorem lorem. Lorem lorem lorem. Lorem lorem lorem.\r\n","PageCount":1800,"Excerpt":"Lorem lorem lorem. Lorem lorem lorem. Lorem lorem lorem.\r\nLorem lorem lorem. Lorem lorem lorem. Lorem lorem lorem.\r\nLorem lorem lorem. Lorem lorem lorem. Lorem lorem lorem.\r\nLorem lorem lorem. Lorem lorem lorem. Lorem lorem lorem.\r\nLorem lorem lorem. Lorem lorem lorem. Lorem lorem lorem.\r\n","PublishDate":"2020-10-15T21:10:07.2464109+00:00"},{"ID":19,"Title":"Book 19","Description":"Lorem lorem lorem. Lorem lorem lorem. Lorem lorem lorem.\r\n","PageCount":1900,"Excerpt":"Lorem lorem lorem. Lorem lorem lorem. Lorem lorem lorem.\r\nLorem lorem lorem. Lorem lorem lorem. Lorem lorem lorem.\r\nLorem lorem lorem. Lorem lorem lorem. Lorem lorem lorem.\r\nLorem lorem lorem. Lorem lorem lorem. Lorem lorem lorem.\r\nLorem lorem lorem. Lorem lorem lorem. Lorem lorem lorem.\r\n","PublishDate":"2020-10-14T21:10:07.2464109+00:00"},{"ID":20,"Title":"Book 20","Description":"Lorem lorem lorem. Lorem lorem lorem. Lorem lorem lorem.\r\n","PageCount":2000,"Excerpt":"Lorem lorem lorem. Lorem lorem lorem. Lorem lorem lorem.\r\nLorem lorem lorem. Lorem lorem lorem. Lorem lorem lorem.\r\nLorem lorem lorem. Lorem lorem lorem. Lorem lorem lorem.\r\nLorem lorem lorem. Lorem lorem lorem. Lorem lorem lorem.\r\nLorem lorem lorem. Lorem lorem lorem. Lorem lorem lorem.\r\n","PublishDate":"2020-10-13T21:10:07.2464109+00:00"},{"ID":21,"Title":"Book 21","Description":"Lorem lorem lorem. Lorem lorem lorem. Lorem lorem lorem.\r\n","PageCount":2100,"Excerpt":"Lorem lorem lorem. Lorem lorem lorem. Lorem lorem lorem.\r\nLorem lorem lorem. Lorem lorem lorem. Lorem lorem lorem.\r\nLorem lorem lorem. Lorem lorem lorem. Lorem lorem lorem.\r\nLorem lorem lorem. Lorem lorem lorem. Lorem lorem lorem.\r\nLorem lorem lorem. Lorem lorem lorem. Lorem lorem lorem.\r\n","PublishDate":"2020-10-12T21:10:07.2464109+00:00"},{"ID":22,"Title":"Book 22","Description":"Lorem lorem lorem. Lorem lorem lorem. Lorem lorem lorem.\r\n","PageCount":2200,"Excerpt":"Lorem lorem lorem. Lorem lorem lorem. Lorem lorem lorem.\r\nLorem lorem lorem. Lorem lorem lorem. Lorem lorem lorem.\r\nLorem lorem lorem. Lorem lorem lorem. Lorem lorem lorem.\r\nLorem lorem lorem. Lorem lorem lorem. Lorem lorem lorem.\r\nLorem lorem lorem. Lorem lorem lorem. Lorem lorem lorem.\r\n","PublishDate":"2020-10-11T21:10:07.2464109+00:00"},{"ID":23,"Title":"Book 23","Description":"Lorem lorem lorem. Lorem lorem lorem. Lorem lorem lorem.\r\n","PageCount":2300,"Excerpt":"Lorem lorem lorem. Lorem lorem lorem. Lorem lorem lorem.\r\nLorem lorem lorem. Lorem lorem lorem. Lorem lorem lorem.\r\nLorem lorem lorem. Lorem lorem lorem. Lorem lorem lorem.\r\nLorem lorem lorem. Lorem lorem lorem. Lorem lorem lorem.\r\nLorem lorem lorem. Lorem lorem lorem. Lorem lorem lorem.\r\n","PublishDate":"2020-10-10T21:10:07.2464109+00:00"},{"ID":24,"Title":"Book 24","Description":"Lorem lorem lorem. Lorem lorem lorem. Lorem lorem lorem.\r\n","PageCount":2400,"Excerpt":"Lorem lorem lorem. Lorem lorem lorem. Lorem lorem lorem.\r\nLorem lorem lorem. Lorem lorem lorem. Lorem lorem lorem.\r\nLorem lorem lorem. Lorem lorem lorem. Lorem lorem lorem.\r\nLorem lorem lorem. Lorem lorem lorem. Lorem lorem lorem.\r\nLorem lorem lorem. Lorem lorem lorem. Lorem lorem lorem.\r\n","PublishDate":"2020-10-09T21:10:07.2464109+00:00"},{"ID":25,"Title":"Book 25","Description":"Lorem lorem lorem. Lorem lorem lorem. Lorem lorem lorem.\r\n","PageCount":2500,"Excerpt":"Lorem lorem lorem. Lorem lorem lorem. Lorem lorem lorem.\r\nLorem lorem lorem. Lorem lorem lorem. Lorem lorem lorem.\r\nLorem lorem lorem. Lorem lorem lorem. Lorem lorem lorem.\r\nLorem lorem lorem. Lorem lorem lorem. Lorem lorem lorem.\r\nLorem lorem lorem. Lorem lorem lorem. Lorem lorem lorem.\r\n","PublishDate":"2020-10-08T21:10:07.2464109+00:00"},{"ID":26,"Title":"Book 26","Description":"Lorem lorem lorem. Lorem lorem lorem. Lorem lorem lorem.\r\n","PageCount":2600,"Excerpt":"Lorem lorem lorem. Lorem lorem lorem. Lorem lorem lorem.\r\nLorem lorem lorem. Lorem lorem lorem. Lorem lorem lorem.\r\nLorem lorem lorem. Lorem lorem lorem. Lorem lorem lorem.\r\nLorem lorem lorem. Lorem lorem lorem. Lorem lorem lorem.\r\nLorem lorem lorem. Lorem lorem lorem. Lorem lorem lorem.\r\n","PublishDate":"2020-10-07T21:10:07.2464109+00:00"},{"ID":27,"Title":"Book 27","Description":"Lorem lorem lorem. Lorem lorem lorem. Lorem lorem lorem.\r\n","PageCount":2700,"Excerpt":"Lorem lorem lorem. Lorem lorem lorem. Lorem lorem lorem.\r\nLorem lorem lorem. Lorem lorem lorem. Lorem lorem lorem.\r\nLorem lorem lorem. Lorem lorem lorem. Lorem lorem lorem.\r\nLorem lorem lorem. Lorem lorem lorem. Lorem lorem lorem.\r\nLorem lorem lorem. Lorem lorem lorem. Lorem lorem lorem.\r\n","PublishDate":"2020-10-06T21:10:07.2464109+00:00"},{"ID":28,"Title":"Book 28","Description":"Lorem lorem lorem. Lorem lorem lorem. Lorem lorem lorem.\r\n","PageCount":2800,"Excerpt":"Lorem lorem lorem. Lorem lorem lorem. Lorem lorem lorem.\r\nLorem lorem lorem. Lorem lorem lorem. Lorem lorem lorem.\r\nLorem lorem lorem. Lorem lorem lorem. Lorem lorem lorem.\r\nLorem lorem lorem. Lorem lorem lorem. Lorem lorem lorem.\r\nLorem lorem lorem. Lorem lorem lorem. Lorem lorem lorem.\r\n","PublishDate":"2020-10-05T21:10:07.2464109+00:00"},{"ID":29,"Title":"Book 29","Description":"Lorem lorem lorem. Lorem lorem lorem. Lorem lorem lorem.\r\n","PageCount":2900,"Excerpt":"Lorem lorem lorem. Lorem lorem lorem. Lorem lorem lorem.\r\nLorem lorem lorem. Lorem lorem lorem. Lorem lorem lorem.\r\nLorem lorem lorem. Lorem lorem lorem. Lorem lorem lorem.\r\nLorem lorem lorem. Lorem lorem lorem. Lorem lorem lorem.\r\nLorem lorem lorem. Lorem lorem lorem. Lorem lorem lorem.\r\n","PublishDate":"2020-10-04T21:10:07.2464109+00:00"},{"ID":30,"Title":"Book 30","Description":"Lorem lorem lorem. Lorem lorem lorem. Lorem lorem lorem.\r\n","PageCount":3000,"Excerpt":"Lorem lorem lorem. Lorem lorem lorem. Lorem lorem lorem.\r\nLorem lorem lorem. Lorem lorem lorem. Lorem lorem lorem.\r\nLorem lorem lorem. Lorem lorem lorem. Lorem lorem lorem.\r\nLorem lorem lorem. Lorem lorem lorem. Lorem lorem lorem.\r\nLorem lorem lorem. Lorem lorem lorem. Lorem lorem lorem.\r\n","PublishDate":"2020-10-03T21:10:07.2464109+00:00"},{"ID":31,"Title":"Book 31","Description":"Lorem lorem lorem. Lorem lorem lorem. Lorem lorem lorem.\r\n","PageCount":3100,"Excerpt":"Lorem lorem lorem. Lorem lorem lorem. Lorem lorem lorem.\r\nLorem lorem lorem. Lorem lorem lorem. Lorem lorem lorem.\r\nLorem lorem lorem. Lorem lorem lorem. Lorem lorem lorem.\r\nLorem lorem lorem. Lorem lorem lorem. Lorem lorem lorem.\r\nLorem lorem lorem. Lorem lorem lorem. Lorem lorem lorem.\r\n","PublishDate":"2020-10-02T21:10:07.2464109+00:00"},{"ID":32,"Title":"Book 32","Description":"Lorem lorem lorem. Lorem lorem lorem. Lorem lorem lorem.\r\n","PageCount":3200,"Excerpt":"Lorem lorem lorem. Lorem lorem lorem. Lorem lorem lorem.\r\nLorem lorem lorem. Lorem lorem lorem. Lorem lorem lorem.\r\nLorem lorem lorem. Lorem lorem lorem. Lorem lorem lorem.\r\nLorem lorem lorem. Lorem lorem lorem. Lorem lorem lorem.\r\nLorem lorem lorem. Lorem lorem lorem. Lorem lorem lorem.\r\n","PublishDate":"2020-10-01T21:10:07.2464109+00:00"},{"ID":33,"Title":"Book 33","Description":"Lorem lorem lorem. Lorem lorem lorem. Lorem lorem lorem.\r\n","PageCount":3300,"Excerpt":"Lorem lorem lorem. Lorem lorem lorem. Lorem lorem lorem.\r\nLorem lorem lorem. Lorem lorem lorem. Lorem lorem lorem.\r\nLorem lorem lorem. Lorem lorem lorem. Lorem lorem lorem.\r\nLorem lorem lorem. Lorem lorem lorem. Lorem lorem lorem.\r\nLorem lorem lorem. Lorem lorem lorem. Lorem lorem lorem.\r\n","PublishDate":"2020-09-30T21:10:07.2464109+00:00"},{"ID":34,"Title":"Book 34","Description":"Lorem lorem lorem. Lorem lorem lorem. Lorem lorem lorem.\r\n","PageCount":3400,"Excerpt":"Lorem lorem lorem. Lorem lorem lorem. Lorem lorem lorem.\r\nLorem lorem lorem. Lorem lorem lorem. Lorem lorem lorem.\r\nLorem lorem lorem. Lorem lorem lorem. Lorem lorem lorem.\r\nLorem lorem lorem. Lorem lorem lorem. Lorem lorem lorem.\r\nLorem lorem lorem. Lorem lorem lorem. Lorem lorem lorem.\r\n","PublishDate":"2020-09-29T21:10:07.2464109+00:00"},{"ID":35,"Title":"Book 35","Description":"Lorem lorem lorem. Lorem lorem lorem. Lorem lorem lorem.\r\n","PageCount":3500,"Excerpt":"Lorem lorem lorem. Lorem lorem lorem. Lorem lorem lorem.\r\nLorem lorem lorem. Lorem lorem lorem. Lorem lorem lorem.\r\nLorem lorem lorem. Lorem lorem lorem. Lorem lorem lorem.\r\nLorem lorem lorem. Lorem lorem lorem. Lorem lorem lorem.\r\nLorem lorem lorem. Lorem lorem lorem. Lorem lorem lorem.\r\n","PublishDate":"2020-09-28T21:10:07.2464109+00:00"},{"ID":36,"Title":"Book 36","Description":"Lorem lorem lorem. Lorem lorem lorem. Lorem lorem lorem.\r\n","PageCount":3600,"Excerpt":"Lorem lorem lorem. Lorem lorem lorem. Lorem lorem lorem.\r\nLorem lorem lorem. Lorem lorem lorem. Lorem lorem lorem.\r\nLorem lorem lorem. Lorem lorem lorem. Lorem lorem lorem.\r\nLorem lorem lorem. Lorem lorem lorem. Lorem lorem lorem.\r\nLorem lorem lorem. Lorem lorem lorem. Lorem lorem lorem.\r\n","PublishDate":"2020-09-27T21:10:07.2464109+00:00"},{"ID":37,"Title":"Book 37","Description":"Lorem lorem lorem. Lorem lorem lorem. Lorem lorem lorem.\r\n","PageCount":3700,"Excerpt":"Lorem lorem lorem. Lorem lorem lorem. Lorem lorem lorem.\r\nLorem lorem lorem. Lorem lorem lorem. Lorem lorem lorem.\r\nLorem lorem lorem. Lorem lorem lorem. Lorem lorem lorem.\r\nLorem lorem lorem. Lorem lorem lorem. Lorem lorem lorem.\r\nLorem lorem lorem. Lorem lorem lorem. Lorem lorem lorem.\r\n","PublishDate":"2020-09-26T21:10:07.2464109+00:00"},{"ID":38,"Title":"Book 38","Description":"Lorem lorem lorem. Lorem lorem lorem. Lorem lorem lorem.\r\n","PageCount":3800,"Excerpt":"Lorem lorem lorem. Lorem lorem lorem. Lorem lorem lorem.\r\nLorem lorem lorem. Lorem lorem lorem. Lorem lorem lorem.\r\nLorem lorem lorem. Lorem lorem lorem. Lorem lorem lorem.\r\nLorem lorem lorem. Lorem lorem lorem. Lorem lorem lorem.\r\nLorem lorem lorem. Lorem lorem lorem. Lorem lorem lorem.\r\n","PublishDate":"2020-09-25T21:10:07.2464109+00:00"},{"ID":39,"Title":"Book 39","Description":"Lorem lorem lorem. Lorem lorem lorem. Lorem lorem lorem.\r\n","PageCount":3900,"Excerpt":"Lorem lorem lorem. Lorem lorem lorem. Lorem lorem lorem.\r\nLorem lorem lorem. Lorem lorem lorem. Lorem lorem lorem.\r\nLorem lorem lorem. Lorem lorem lorem. Lorem lorem lorem.\r\nLorem lorem lorem. Lorem lorem lorem. Lorem lorem lorem.\r\nLorem lorem lorem. Lorem lorem lorem. Lorem lorem lorem.\r\n","PublishDate":"2020-09-24T21:10:07.2464109+00:00"},{"ID":40,"Title":"Book 40","Description":"Lorem lorem lorem. Lorem lorem lorem. Lorem lorem lorem.\r\n","PageCount":4000,"Excerpt":"Lorem lorem lorem. Lorem lorem lorem. Lorem lorem lorem.\r\nLorem lorem lorem. Lorem lorem lorem. Lorem lorem lorem.\r\nLorem lorem lorem. Lorem lorem lorem. Lorem lorem lorem.\r\nLorem lorem lorem. Lorem lorem lorem. Lorem lorem lorem.\r\nLorem lorem lorem. Lorem lorem lorem. Lorem lorem lorem.\r\n","PublishDate":"2020-09-23T21:10:07.2464109+00:00"},{"ID":41,"Title":"Book 41","Description":"Lorem lorem lorem. Lorem lorem lorem. Lorem lorem lorem.\r\n","PageCount":4100,"Excerpt":"Lorem lorem lorem. Lorem lorem lorem. Lorem lorem lorem.\r\nLorem lorem lorem. Lorem lorem lorem. Lorem lorem lorem.\r\nLorem lorem lorem. Lorem lorem lorem. Lorem lorem lorem.\r\nLorem lorem lorem. Lorem lorem lorem. Lorem lorem lorem.\r\nLorem lorem lorem. Lorem lorem lorem. Lorem lorem lorem.\r\n","PublishDate":"2020-09-22T21:10:07.2464109+00:00"},{"ID":42,"Title":"Book 42","Description":"Lorem lorem lorem. Lorem lorem lorem. Lorem lorem lorem.\r\n","PageCount":4200,"Excerpt":"Lorem lorem lorem. Lorem lorem lorem. Lorem lorem lorem.\r\nLorem lorem lorem. Lorem lorem lorem. Lorem lorem lorem.\r\nLorem lorem lorem. Lorem lorem lorem. Lorem lorem lorem.\r\nLorem lorem lorem. Lorem lorem lorem. Lorem lorem lorem.\r\nLorem lorem lorem. Lorem lorem lorem. Lorem lorem lorem.\r\n","PublishDate":"2020-09-21T21:10:07.2464109+00:00"},{"ID":43,"Title":"Book 43","Description":"Lorem lorem lorem. Lorem lorem lorem. Lorem lorem lorem.\r\n","PageCount":4300,"Excerpt":"Lorem lorem lorem. Lorem lorem lorem. Lorem lorem lorem.\r\nLorem lorem lorem. Lorem lorem lorem. Lorem lorem lorem.\r\nLorem lorem lorem. Lorem lorem lorem. Lorem lorem lorem.\r\nLorem lorem lorem. Lorem lorem lorem. Lorem lorem lorem.\r\nLorem lorem lorem. Lorem lorem lorem. Lorem lorem lorem.\r\n","PublishDate":"2020-09-20T21:10:07.2464109+00:00"},{"ID":44,"Title":"Book 44","Description":"Lorem lorem lorem. Lorem lorem lorem. Lorem lorem lorem.\r\n","PageCount":4400,"Excerpt":"Lorem lorem lorem. Lorem lorem lorem. Lorem lorem lorem.\r\nLorem lorem lorem. Lorem lorem lorem. Lorem lorem lorem.\r\nLorem lorem lorem. Lorem lorem lorem. Lorem lorem lorem.\r\nLorem lorem lorem. Lorem lorem lorem. Lorem lorem lorem.\r\nLorem lorem lorem. Lorem lorem lorem. Lorem lorem lorem.\r\n","PublishDate":"2020-09-19T21:10:07.2464109+00:00"},{"ID":45,"Title":"Book 45","Description":"Lorem lorem lorem. Lorem lorem lorem. Lorem lorem lorem.\r\n","PageCount":4500,"Excerpt":"Lorem lorem lorem. Lorem lorem lorem. Lorem lorem lorem.\r\nLorem lorem lorem. Lorem lorem lorem. Lorem lorem lorem.\r\nLorem lorem lorem. Lorem lorem lorem. Lorem lorem lorem.\r\nLorem lorem lorem. Lorem lorem lorem. Lorem lorem lorem.\r\nLorem lorem lorem. Lorem lorem lorem. Lorem lorem lorem.\r\n","PublishDate":"2020-09-18T21:10:07.2464109+00:00"},{"ID":46,"Title":"Book 46","Description":"Lorem lorem lorem. Lorem lorem lorem. Lorem lorem lorem.\r\n","PageCount":4600,"Excerpt":"Lorem lorem lorem. Lorem lorem lorem. Lorem lorem lorem.\r\nLorem lorem lorem. Lorem lorem lorem. Lorem lorem lorem.\r\nLorem lorem lorem. Lorem lorem lorem. Lorem lorem lorem.\r\nLorem lorem lorem. Lorem lorem lorem. Lorem lorem lorem.\r\nLorem lorem lorem. Lorem lorem lorem. Lorem lorem lorem.\r\n","PublishDate":"2020-09-17T21:10:07.2464109+00:00"},{"ID":47,"Title":"Book 47","Description":"Lorem lorem lorem. Lorem lorem lorem. Lorem lorem lorem.\r\n","PageCount":4700,"Excerpt":"Lorem lorem lorem. Lorem lorem lorem. Lorem lorem lorem.\r\nLorem lorem lorem. Lorem lorem lorem. Lorem lorem lorem.\r\nLorem lorem lorem. Lorem lorem lorem. Lorem lorem lorem.\r\nLorem lorem lorem. Lorem lorem lorem. Lorem lorem lorem.\r\nLorem lorem lorem. Lorem lorem lorem. Lorem lorem lorem.\r\n","PublishDate":"2020-09-16T21:10:07.2464109+00:00"},{"ID":48,"Title":"Book 48","Description":"Lorem lorem lorem. Lorem lorem lorem. Lorem lorem lorem.\r\n","PageCount":4800,"Excerpt":"Lorem lorem lorem. Lorem lorem lorem. Lorem lorem lorem.\r\nLorem lorem lorem. Lorem lorem lorem. Lorem lorem lorem.\r\nLorem lorem lorem. Lorem lorem lorem. Lorem lorem lorem.\r\nLorem lorem lorem. Lorem lorem lorem. Lorem lorem lorem.\r\nLorem lorem lorem. Lorem lorem lorem. Lorem lorem lorem.\r\n","PublishDate":"2020-09-15T21:10:07.2464109+00:00"},{"ID":49,"Title":"Book 49","Description":"Lorem lorem lorem. Lorem lorem lorem. Lorem lorem lorem.\r\n","PageCount":4900,"Excerpt":"Lorem lorem lorem. Lorem lorem lorem. Lorem lorem lorem.\r\nLorem lorem lorem. Lorem lorem lorem. Lorem lorem lorem.\r\nLorem lorem lorem. Lorem lorem lorem. Lorem lorem lorem.\r\nLorem lorem lorem. Lorem lorem lorem. Lorem lorem lorem.\r\nLorem lorem lorem. Lorem lorem lorem. Lorem lorem lorem.\r\n","PublishDate":"2020-09-14T21:10:07.2464109+00:00"},{"ID":50,"Title":"Book 50","Description":"Lorem lorem lorem. Lorem lorem lorem. Lorem lorem lorem.\r\n","PageCount":5000,"Excerpt":"Lorem lorem lorem. Lorem lorem lorem. Lorem lorem lorem.\r\nLorem lorem lorem. Lorem lorem lorem. Lorem lorem lorem.\r\nLorem lorem lorem. Lorem lorem lorem. Lorem lorem lorem.\r\nLorem lorem lorem. Lorem lorem lorem. Lorem lorem lorem.\r\nLorem lorem lorem. Lorem lorem lorem. Lorem lorem lorem.\r\n","PublishDate":"2020-09-13T21:10:07.2464109+00:00"},{"ID":51,"Title":"Book 51","Description":"Lorem lorem lorem. Lorem lorem lorem. Lorem lorem lorem.\r\n","PageCount":5100,"Excerpt":"Lorem lorem lorem. Lorem lorem lorem. Lorem lorem lorem.\r\nLorem lorem lorem. Lorem lorem lorem. Lorem lorem lorem.\r\nLorem lorem lorem. Lorem lorem lorem. Lorem lorem lorem.\r\nLorem lorem lorem. Lorem lorem lorem. Lorem lorem lorem.\r\nLorem lorem lorem. Lorem lorem lorem. Lorem lorem lorem.\r\n","PublishDate":"2020-09-12T21:10:07.2464109+00:00"},{"ID":52,"Title":"Book 52","Description":"Lorem lorem lorem. Lorem lorem lorem. Lorem lorem lorem.\r\n","PageCount":5200,"Excerpt":"Lorem lorem lorem. Lorem lorem lorem. Lorem lorem lorem.\r\nLorem lorem lorem. Lorem lorem lorem. Lorem lorem lorem.\r\nLorem lorem lorem. Lorem lorem lorem. Lorem lorem lorem.\r\nLorem lorem lorem. Lorem lorem lorem. Lorem lorem lorem.\r\nLorem lorem lorem. Lorem lorem lorem. Lorem lorem lorem.\r\n","PublishDate":"2020-09-11T21:10:07.2464109+00:00"},{"ID":53,"Title":"Book 53","Description":"Lorem lorem lorem. Lorem lorem lorem. Lorem lorem lorem.\r\n","PageCount":5300,"Excerpt":"Lorem lorem lorem. Lorem lorem lorem. Lorem lorem lorem.\r\nLorem lorem lorem. Lorem lorem lorem. Lorem lorem lorem.\r\nLorem lorem lorem. Lorem lorem lorem. Lorem lorem lorem.\r\nLorem lorem lorem. Lorem lorem lorem. Lorem lorem lorem.\r\nLorem lorem lorem. Lorem lorem lorem. Lorem lorem lorem.\r\n","PublishDate":"2020-09-10T21:10:07.2464109+00:00"},{"ID":54,"Title":"Book 54","Description":"Lorem lorem lorem. Lorem lorem lorem. Lorem lorem lorem.\r\n","PageCount":5400,"Excerpt":"Lorem lorem lorem. Lorem lorem lorem. Lorem lorem lorem.\r\nLorem lorem lorem. Lorem lorem lorem. Lorem lorem lorem.\r\nLorem lorem lorem. Lorem lorem lorem. Lorem lorem lorem.\r\nLorem lorem lorem. Lorem lorem lorem. Lorem lorem lorem.\r\nLorem lorem lorem. Lorem lorem lorem. Lorem lorem lorem.\r\n","PublishDate":"2020-09-09T21:10:07.2464109+00:00"},{"ID":55,"Title":"Book 55","Description":"Lorem lorem lorem. Lorem lorem lorem. Lorem lorem lorem.\r\n","PageCount":5500,"Excerpt":"Lorem lorem lorem. Lorem lorem lorem. Lorem lorem lorem.\r\nLorem lorem lorem. Lorem lorem lorem. Lorem lorem lorem.\r\nLorem lorem lorem. Lorem lorem lorem. Lorem lorem lorem.\r\nLorem lorem lorem. Lorem lorem lorem. Lorem lorem lorem.\r\nLorem lorem lorem. Lorem lorem lorem. Lorem lorem lorem.\r\n","PublishDate":"2020-09-08T21:10:07.2464109+00:00"},{"ID":56,"Title":"Book 56","Description":"Lorem lorem lorem. Lorem lorem lorem. Lorem lorem lorem.\r\n","PageCount":5600,"Excerpt":"Lorem lorem lorem. Lorem lorem lorem. Lorem lorem lorem.\r\nLorem lorem lorem. Lorem lorem lorem. Lorem lorem lorem.\r\nLorem lorem lorem. Lorem lorem lorem. Lorem lorem lorem.\r\nLorem lorem lorem. Lorem lorem lorem. Lorem lorem lorem.\r\nLorem lorem lorem. Lorem lorem lorem. Lorem lorem lorem.\r\n","PublishDate":"2020-09-07T21:10:07.2464109+00:00"},{"ID":57,"Title":"Book 57","Description":"Lorem lorem lorem. Lorem lorem lorem. Lorem lorem lorem.\r\n","PageCount":5700,"Excerpt":"Lorem lorem lorem. Lorem lorem lorem. Lorem lorem lorem.\r\nLorem lorem lorem. Lorem lorem lorem. Lorem lorem lorem.\r\nLorem lorem lorem. Lorem lorem lorem. Lorem lorem lorem.\r\nLorem lorem lorem. Lorem lorem lorem. Lorem lorem lorem.\r\nLorem lorem lorem. Lorem lorem lorem. Lorem lorem lorem.\r\n","PublishDate":"2020-09-06T21:10:07.2464109+00:00"},{"ID":58,"Title":"Book 58","Description":"Lorem lorem lorem. Lorem lorem lorem. Lorem lorem lorem.\r\n","PageCount":5800,"Excerpt":"Lorem lorem lorem. Lorem lorem lorem. Lorem lorem lorem.\r\nLorem lorem lorem. Lorem lorem lorem. Lorem lorem lorem.\r\nLorem lorem lorem. Lorem lorem lorem. Lorem lorem lorem.\r\nLorem lorem lorem. Lorem lorem lorem. Lorem lorem lorem.\r\nLorem lorem lorem. Lorem lorem lorem. Lorem lorem lorem.\r\n","PublishDate":"2020-09-05T21:10:07.2464109+00:00"},{"ID":59,"Title":"Book 59","Description":"Lorem lorem lorem. Lorem lorem lorem. Lorem lorem lorem.\r\n","PageCount":5900,"Excerpt":"Lorem lorem lorem. Lorem lorem lorem. Lorem lorem lorem.\r\nLorem lorem lorem. Lorem lorem lorem. Lorem lorem lorem.\r\nLorem lorem lorem. Lorem lorem lorem. Lorem lorem lorem.\r\nLorem lorem lorem. Lorem lorem lorem. Lorem lorem lorem.\r\nLorem lorem lorem. Lorem lorem lorem. Lorem lorem lorem.\r\n","PublishDate":"2020-09-04T21:10:07.2464109+00:00"},{"ID":60,"Title":"Book 60","Description":"Lorem lorem lorem. Lorem lorem lorem. Lorem lorem lorem.\r\n","PageCount":6000,"Excerpt":"Lorem lorem lorem. Lorem lorem lorem. Lorem lorem lorem.\r\nLorem lorem lorem. Lorem lorem lorem. Lorem lorem lorem.\r\nLorem lorem lorem. Lorem lorem lorem. Lorem lorem lorem.\r\nLorem lorem lorem. Lorem lorem lorem. Lorem lorem lorem.\r\nLorem lorem lorem. Lorem lorem lorem. Lorem lorem lorem.\r\n","PublishDate":"2020-09-03T21:10:07.2464109+00:00"},{"ID":61,"Title":"Book 61","Description":"Lorem lorem lorem. Lorem lorem lorem. Lorem lorem lorem.\r\n","PageCount":6100,"Excerpt":"Lorem lorem lorem. Lorem lorem lorem. Lorem lorem lorem.\r\nLorem lorem lorem. Lorem lorem lorem. Lorem lorem lorem.\r\nLorem lorem lorem. Lorem lorem lorem. Lorem lorem lorem.\r\nLorem lorem lorem. Lorem lorem lorem. Lorem lorem lorem.\r\nLorem lorem lorem. Lorem lorem lorem. Lorem lorem lorem.\r\n","PublishDate":"2020-09-02T21:10:07.2464109+00:00"},{"ID":62,"Title":"Book 62","Description":"Lorem lorem lorem. Lorem lorem lorem. Lorem lorem lorem.\r\n","PageCount":6200,"Excerpt":"Lorem lorem lorem. Lorem lorem lorem. Lorem lorem lorem.\r\nLorem lorem lorem. Lorem lorem lorem. Lorem lorem lorem.\r\nLorem lorem lorem. Lorem lorem lorem. Lorem lorem lorem.\r\nLorem lorem lorem. Lorem lorem lorem. Lorem lorem lorem.\r\nLorem lorem lorem. Lorem lorem lorem. Lorem lorem lorem.\r\n","PublishDate":"2020-09-01T21:10:07.2464109+00:00"},{"ID":63,"Title":"Book 63","Description":"Lorem lorem lorem. Lorem lorem lorem. Lorem lorem lorem.\r\n","PageCount":6300,"Excerpt":"Lorem lorem lorem. Lorem lorem lorem. Lorem lorem lorem.\r\nLorem lorem lorem. Lorem lorem lorem. Lorem lorem lorem.\r\nLorem lorem lorem. Lorem lorem lorem. Lorem lorem lorem.\r\nLorem lorem lorem. Lorem lorem lorem. Lorem lorem lorem.\r\nLorem lorem lorem. Lorem lorem lorem. Lorem lorem lorem.\r\n","PublishDate":"2020-08-31T21:10:07.2464109+00:00"},{"ID":64,"Title":"Book 64","Description":"Lorem lorem lorem. Lorem lorem lorem. Lorem lorem lorem.\r\n","PageCount":6400,"Excerpt":"Lorem lorem lorem. Lorem lorem lorem. Lorem lorem lorem.\r\nLorem lorem lorem. Lorem lorem lorem. Lorem lorem lorem.\r\nLorem lorem lorem. Lorem lorem lorem. Lorem lorem lorem.\r\nLorem lorem lorem. Lorem lorem lorem. Lorem lorem lorem.\r\nLorem lorem lorem. Lorem lorem lorem. Lorem lorem lorem.\r\n","PublishDate":"2020-08-30T21:10:07.2464109+00:00"},{"ID":65,"Title":"Book 65","Description":"Lorem lorem lorem. Lorem lorem lorem. Lorem lorem lorem.\r\n","PageCount":6500,"Excerpt":"Lorem lorem lorem. Lorem lorem lorem. Lorem lorem lorem.\r\nLorem lorem lorem. Lorem lorem lorem. Lorem lorem lorem.\r\nLorem lorem lorem. Lorem lorem lorem. Lorem lorem lorem.\r\nLorem lorem lorem. Lorem lorem lorem. Lorem lorem lorem.\r\nLorem lorem lorem. Lorem lorem lorem. Lorem lorem lorem.\r\n","PublishDate":"2020-08-29T21:10:07.2464109+00:00"},{"ID":66,"Title":"Book 66","Description":"Lorem lorem lorem. Lorem lorem lorem. Lorem lorem lorem.\r\n","PageCount":6600,"Excerpt":"Lorem lorem lorem. Lorem lorem lorem. Lorem lorem lorem.\r\nLorem lorem lorem. Lorem lorem lorem. Lorem lorem lorem.\r\nLorem lorem lorem. Lorem lorem lorem. Lorem lorem lorem.\r\nLorem lorem lorem. Lorem lorem lorem. Lorem lorem lorem.\r\nLorem lorem lorem. Lorem lorem lorem. Lorem lorem lorem.\r\n","PublishDate":"2020-08-28T21:10:07.2464109+00:00"},{"ID":67,"Title":"Book 67","Description":"Lorem lorem lorem. Lorem lorem lorem. Lorem lorem lorem.\r\n","PageCount":6700,"Excerpt":"Lorem lorem lorem. Lorem lorem lorem. Lorem lorem lorem.\r\nLorem lorem lorem. Lorem lorem lorem. Lorem lorem lorem.\r\nLorem lorem lorem. Lorem lorem lorem. Lorem lorem lorem.\r\nLorem lorem lorem. Lorem lorem lorem. Lorem lorem lorem.\r\nLorem lorem lorem. Lorem lorem lorem. Lorem lorem lorem.\r\n","PublishDate":"2020-08-27T21:10:07.2464109+00:00"},{"ID":68,"Title":"Book 68","Description":"Lorem lorem lorem. Lorem lorem lorem. Lorem lorem lorem.\r\n","PageCount":6800,"Excerpt":"Lorem lorem lorem. Lorem lorem lorem. Lorem lorem lorem.\r\nLorem lorem lorem. Lorem lorem lorem. Lorem lorem lorem.\r\nLorem lorem lorem. Lorem lorem lorem. Lorem lorem lorem.\r\nLorem lorem lorem. Lorem lorem lorem. Lorem lorem lorem.\r\nLorem lorem lorem. Lorem lorem lorem. Lorem lorem lorem.\r\n","PublishDate":"2020-08-26T21:10:07.2464109+00:00"},{"ID":69,"Title":"Book 69","Description":"Lorem lorem lorem. Lorem lorem lorem. Lorem lorem lorem.\r\n","PageCount":6900,"Excerpt":"Lorem lorem lorem. Lorem lorem lorem. Lorem lorem lorem.\r\nLorem lorem lorem. Lorem lorem lorem. Lorem lorem lorem.\r\nLorem lorem lorem. Lorem lorem lorem. Lorem lorem lorem.\r\nLorem lorem lorem. Lorem lorem lorem. Lorem lorem lorem.\r\nLorem lorem lorem. Lorem lorem lorem. Lorem lorem lorem.\r\n","PublishDate":"2020-08-25T21:10:07.2464109+00:00"},{"ID":70,"Title":"Book 70","Description":"Lorem lorem lorem. Lorem lorem lorem. Lorem lorem lorem.\r\n","PageCount":7000,"Excerpt":"Lorem lorem lorem. Lorem lorem lorem. Lorem lorem lorem.\r\nLorem lorem lorem. Lorem lorem lorem. Lorem lorem lorem.\r\nLorem lorem lorem. Lorem lorem lorem. Lorem lorem lorem.\r\nLorem lorem lorem. Lorem lorem lorem. Lorem lorem lorem.\r\nLorem lorem lorem. Lorem lorem lorem. Lorem lorem lorem.\r\n","PublishDate":"2020-08-24T21:10:07.2464109+00:00"},{"ID":71,"Title":"Book 71","Description":"Lorem lorem lorem. Lorem lorem lorem. Lorem lorem lorem.\r\n","PageCount":7100,"Excerpt":"Lorem lorem lorem. Lorem lorem lorem. Lorem lorem lorem.\r\nLorem lorem lorem. Lorem lorem lorem. Lorem lorem lorem.\r\nLorem lorem lorem. Lorem lorem lorem. Lorem lorem lorem.\r\nLorem lorem lorem. Lorem lorem lorem. Lorem lorem lorem.\r\nLorem lorem lorem. Lorem lorem lorem. Lorem lorem lorem.\r\n","PublishDate":"2020-08-23T21:10:07.2464109+00:00"},{"ID":72,"Title":"Book 72","Description":"Lorem lorem lorem. Lorem lorem lorem. Lorem lorem lorem.\r\n","PageCount":7200,"Excerpt":"Lorem lorem lorem. Lorem lorem lorem. Lorem lorem lorem.\r\nLorem lorem lorem. Lorem lorem lorem. Lorem lorem lorem.\r\nLorem lorem lorem. Lorem lorem lorem. Lorem lorem lorem.\r\nLorem lorem lorem. Lorem lorem lorem. Lorem lorem lorem.\r\nLorem lorem lorem. Lorem lorem lorem. Lorem lorem lorem.\r\n","PublishDate":"2020-08-22T21:10:07.2464109+00:00"},{"ID":73,"Title":"Book 73","Description":"Lorem lorem lorem. Lorem lorem lorem. Lorem lorem lorem.\r\n","PageCount":7300,"Excerpt":"Lorem lorem lorem. Lorem lorem lorem. Lorem lorem lorem.\r\nLorem lorem lorem. Lorem lorem lorem. Lorem lorem lorem.\r\nLorem lorem lorem. Lorem lorem lorem. Lorem lorem lorem.\r\nLorem lorem lorem. Lorem lorem lorem. Lorem lorem lorem.\r\nLorem lorem lorem. Lorem lorem lorem. Lorem lorem lorem.\r\n","PublishDate":"2020-08-21T21:10:07.2464109+00:00"},{"ID":74,"Title":"Book 74","Description":"Lorem lorem lorem. Lorem lorem lorem. Lorem lorem lorem.\r\n","PageCount":7400,"Excerpt":"Lorem lorem lorem. Lorem lorem lorem. Lorem lorem lorem.\r\nLorem lorem lorem. Lorem lorem lorem. Lorem lorem lorem.\r\nLorem lorem lorem. Lorem lorem lorem. Lorem lorem lorem.\r\nLorem lorem lorem. Lorem lorem lorem. Lorem lorem lorem.\r\nLorem lorem lorem. Lorem lorem lorem. Lorem lorem lorem.\r\n","PublishDate":"2020-08-20T21:10:07.2464109+00:00"},{"ID":75,"Title":"Book 75","Description":"Lorem lorem lorem. Lorem lorem lorem. Lorem lorem lorem.\r\n","PageCount":7500,"Excerpt":"Lorem lorem lorem. Lorem lorem lorem. Lorem lorem lorem.\r\nLorem lorem lorem. Lorem lorem lorem. Lorem lorem lorem.\r\nLorem lorem lorem. Lorem lorem lorem. Lorem lorem lorem.\r\nLorem lorem lorem. Lorem lorem lorem. Lorem lorem lorem.\r\nLorem lorem lorem. Lorem lorem lorem. Lorem lorem lorem.\r\n","PublishDate":"2020-08-19T21:10:07.2464109+00:00"},{"ID":76,"Title":"Book 76","Description":"Lorem lorem lorem. Lorem lorem lorem. Lorem lorem lorem.\r\n","PageCount":7600,"Excerpt":"Lorem lorem lorem. Lorem lorem lorem. Lorem lorem lorem.\r\nLorem lorem lorem. Lorem lorem lorem. Lorem lorem lorem.\r\nLorem lorem lorem. Lorem lorem lorem. Lorem lorem lorem.\r\nLorem lorem lorem. Lorem lorem lorem. Lorem lorem lorem.\r\nLorem lorem lorem. Lorem lorem lorem. Lorem lorem lorem.\r\n","PublishDate":"2020-08-18T21:10:07.2464109+00:00"},{"ID":77,"Title":"Book 77","Description":"Lorem lorem lorem. Lorem lorem lorem. Lorem lorem lorem.\r\n","PageCount":7700,"Excerpt":"Lorem lorem lorem. Lorem lorem lorem. Lorem lorem lorem.\r\nLorem lorem lorem. Lorem lorem lorem. Lorem lorem lorem.\r\nLorem lorem lorem. Lorem lorem lorem. Lorem lorem lorem.\r\nLorem lorem lorem. Lorem lorem lorem. Lorem lorem lorem.\r\nLorem lorem lorem. Lorem lorem lorem. Lorem lorem lorem.\r\n","PublishDate":"2020-08-17T21:10:07.2464109+00:00"},{"ID":78,"Title":"Book 78","Description":"Lorem lorem lorem. Lorem lorem lorem. Lorem lorem lorem.\r\n","PageCount":7800,"Excerpt":"Lorem lorem lorem. Lorem lorem lorem. Lorem lorem lorem.\r\nLorem lorem lorem. Lorem lorem lorem. Lorem lorem lorem.\r\nLorem lorem lorem. Lorem lorem lorem. Lorem lorem lorem.\r\nLorem lorem lorem. Lorem lorem lorem. Lorem lorem lorem.\r\nLorem lorem lorem. Lorem lorem lorem. Lorem lorem lorem.\r\n","PublishDate":"2020-08-16T21:10:07.2464109+00:00"},{"ID":79,"Title":"Book 79","Description":"Lorem lorem lorem. Lorem lorem lorem. Lorem lorem lorem.\r\n","PageCount":7900,"Excerpt":"Lorem lorem lorem. Lorem lorem lorem. Lorem lorem lorem.\r\nLorem lorem lorem. Lorem lorem lorem. Lorem lorem lorem.\r\nLorem lorem lorem. Lorem lorem lorem. Lorem lorem lorem.\r\nLorem lorem lorem. Lorem lorem lorem. Lorem lorem lorem.\r\nLorem lorem lorem. Lorem lorem lorem. Lorem lorem lorem.\r\n","PublishDate":"2020-08-15T21:10:07.2464109+00:00"},{"ID":80,"Title":"Book 80","Description":"Lorem lorem lorem. Lorem lorem lorem. Lorem lorem lorem.\r\n","PageCount":8000,"Excerpt":"Lorem lorem lorem. Lorem lorem lorem. Lorem lorem lorem.\r\nLorem lorem lorem. Lorem lorem lorem. Lorem lorem lorem.\r\nLorem lorem lorem. Lorem lorem lorem. Lorem lorem lorem.\r\nLorem lorem lorem. Lorem lorem lorem. Lorem lorem lorem.\r\nLorem lorem lorem. Lorem lorem lorem. Lorem lorem lorem.\r\n","PublishDate":"2020-08-14T21:10:07.2464109+00:00"},{"ID":81,"Title":"Book 81","Description":"Lorem lorem lorem. Lorem lorem lorem. Lorem lorem lorem.\r\n","PageCount":8100,"Excerpt":"Lorem lorem lorem. Lorem lorem lorem. Lorem lorem lorem.\r\nLorem lorem lorem. Lorem lorem lorem. Lorem lorem lorem.\r\nLorem lorem lorem. Lorem lorem lorem. Lorem lorem lorem.\r\nLorem lorem lorem. Lorem lorem lorem. Lorem lorem lorem.\r\nLorem lorem lorem. Lorem lorem lorem. Lorem lorem lorem.\r\n","PublishDate":"2020-08-13T21:10:07.2464109+00:00"},{"ID":82,"Title":"Book 82","Description":"Lorem lorem lorem. Lorem lorem lorem. Lorem lorem lorem.\r\n","PageCount":8200,"Excerpt":"Lorem lorem lorem. Lorem lorem lorem. Lorem lorem lorem.\r\nLorem lorem lorem. Lorem lorem lorem. Lorem lorem lorem.\r\nLorem lorem lorem. Lorem lorem lorem. Lorem lorem lorem.\r\nLorem lorem lorem. Lorem lorem lorem. Lorem lorem lorem.\r\nLorem lorem lorem. Lorem lorem lorem. Lorem lorem lorem.\r\n","PublishDate":"2020-08-12T21:10:07.2464109+00:00"},{"ID":83,"Title":"Book 83","Description":"Lorem lorem lorem. Lorem lorem lorem. Lorem lorem lorem.\r\n","PageCount":8300,"Excerpt":"Lorem lorem lorem. Lorem lorem lorem. Lorem lorem lorem.\r\nLorem lorem lorem. Lorem lorem lorem. Lorem lorem lorem.\r\nLorem lorem lorem. Lorem lorem lorem. Lorem lorem lorem.\r\nLorem lorem lorem. Lorem lorem lorem. Lorem lorem lorem.\r\nLorem lorem lorem. Lorem lorem lorem. Lorem lorem lorem.\r\n","PublishDate":"2020-08-11T21:10:07.2464109+00:00"},{"ID":84,"Title":"Book 84","Description":"Lorem lorem lorem. Lorem lorem lorem. Lorem lorem lorem.\r\n","PageCount":8400,"Excerpt":"Lorem lorem lorem. Lorem lorem lorem. Lorem lorem lorem.\r\nLorem lorem lorem. Lorem lorem lorem. Lorem lorem lorem.\r\nLorem lorem lorem. Lorem lorem lorem. Lorem lorem lorem.\r\nLorem lorem lorem. Lorem lorem lorem. Lorem lorem lorem.\r\nLorem lorem lorem. Lorem lorem lorem. Lorem lorem lorem.\r\n","PublishDate":"2020-08-10T21:10:07.2464109+00:00"},{"ID":85,"Title":"Book 85","Description":"Lorem lorem lorem. Lorem lorem lorem. Lorem lorem lorem.\r\n","PageCount":8500,"Excerpt":"Lorem lorem lorem. Lorem lorem lorem. Lorem lorem lorem.\r\nLorem lorem lorem. Lorem lorem lorem. Lorem lorem lorem.\r\nLorem lorem lorem. Lorem lorem lorem. Lorem lorem lorem.\r\nLorem lorem lorem. Lorem lorem lorem. Lorem lorem lorem.\r\nLorem lorem lorem. Lorem lorem lorem. Lorem lorem lorem.\r\n","PublishDate":"2020-08-09T21:10:07.2464109+00:00"},{"ID":86,"Title":"Book 86","Description":"Lorem lorem lorem. Lorem lorem lorem. Lorem lorem lorem.\r\n","PageCount":8600,"Excerpt":"Lorem lorem lorem. Lorem lorem lorem. Lorem lorem lorem.\r\nLorem lorem lorem. Lorem lorem lorem. Lorem lorem lorem.\r\nLorem lorem lorem. Lorem lorem lorem. Lorem lorem lorem.\r\nLorem lorem lorem. Lorem lorem lorem. Lorem lorem lorem.\r\nLorem lorem lorem. Lorem lorem lorem. Lorem lorem lorem.\r\n","PublishDate":"2020-08-08T21:10:07.2464109+00:00"},{"ID":87,"Title":"Book 87","Description":"Lorem lorem lorem. Lorem lorem lorem. Lorem lorem lorem.\r\n","PageCount":8700,"Excerpt":"Lorem lorem lorem. Lorem lorem lorem. Lorem lorem lorem.\r\nLorem lorem lorem. Lorem lorem lorem. Lorem lorem lorem.\r\nLorem lorem lorem. Lorem lorem lorem. Lorem lorem lorem.\r\nLorem lorem lorem. Lorem lorem lorem. Lorem lorem lorem.\r\nLorem lorem lorem. Lorem lorem lorem. Lorem lorem lorem.\r\n","PublishDate":"2020-08-07T21:10:07.2464109+00:00"},{"ID":88,"Title":"Book 88","Description":"Lorem lorem lorem. Lorem lorem lorem. Lorem lorem lorem.\r\n","PageCount":8800,"Excerpt":"Lorem lorem lorem. Lorem lorem lorem. Lorem lorem lorem.\r\nLorem lorem lorem. Lorem lorem lorem. Lorem lorem lorem.\r\nLorem lorem lorem. Lorem lorem lorem. Lorem lorem lorem.\r\nLorem lorem lorem. Lorem lorem lorem. Lorem lorem lorem.\r\nLorem lorem lorem. Lorem lorem lorem. Lorem lorem lorem.\r\n","PublishDate":"2020-08-06T21:10:07.2464109+00:00"},{"ID":89,"Title":"Book 89","Description":"Lorem lorem lorem. Lorem lorem lorem. Lorem lorem lorem.\r\n","PageCount":8900,"Excerpt":"Lorem lorem lorem. Lorem lorem lorem. Lorem lorem lorem.\r\nLorem lorem lorem. Lorem lorem lorem. Lorem lorem lorem.\r\nLorem lorem lorem. Lorem lorem lorem. Lorem lorem lorem.\r\nLorem lorem lorem. Lorem lorem lorem. Lorem lorem lorem.\r\nLorem lorem lorem. Lorem lorem lorem. Lorem lorem lorem.\r\n","PublishDate":"2020-08-05T21:10:07.2464109+00:00"},{"ID":90,"Title":"Book 90","Description":"Lorem lorem lorem. Lorem lorem lorem. Lorem lorem lorem.\r\n","PageCount":9000,"Excerpt":"Lorem lorem lorem. Lorem lorem lorem. Lorem lorem lorem.\r\nLorem lorem lorem. Lorem lorem lorem. Lorem lorem lorem.\r\nLorem lorem lorem. Lorem lorem lorem. Lorem lorem lorem.\r\nLorem lorem lorem. Lorem lorem lorem. Lorem lorem lorem.\r\nLorem lorem lorem. Lorem lorem lorem. Lorem lorem lorem.\r\n","PublishDate":"2020-08-04T21:10:07.2464109+00:00"},{"ID":91,"Title":"Book 91","Description":"Lorem lorem lorem. Lorem lorem lorem. Lorem lorem lorem.\r\n","PageCount":9100,"Excerpt":"Lorem lorem lorem. Lorem lorem lorem. Lorem lorem lorem.\r\nLorem lorem lorem. Lorem lorem lorem. Lorem lorem lorem.\r\nLorem lorem lorem. Lorem lorem lorem. Lorem lorem lorem.\r\nLorem lorem lorem. Lorem lorem lorem. Lorem lorem lorem.\r\nLorem lorem lorem. Lorem lorem lorem. Lorem lorem lorem.\r\n","PublishDate":"2020-08-03T21:10:07.2464109+00:00"},{"ID":92,"Title":"Book 92","Description":"Lorem lorem lorem. Lorem lorem lorem. Lorem lorem lorem.\r\n","PageCount":9200,"Excerpt":"Lorem lorem lorem. Lorem lorem lorem. Lorem lorem lorem.\r\nLorem lorem lorem. Lorem lorem lorem. Lorem lorem lorem.\r\nLorem lorem lorem. Lorem lorem lorem. Lorem lorem lorem.\r\nLorem lorem lorem. Lorem lorem lorem. Lorem lorem lorem.\r\nLorem lorem lorem. Lorem lorem lorem. Lorem lorem lorem.\r\n","PublishDate":"2020-08-02T21:10:07.2464109+00:00"},{"ID":93,"Title":"Book 93","Description":"Lorem lorem lorem. Lorem lorem lorem. Lorem lorem lorem.\r\n","PageCount":9300,"Excerpt":"Lorem lorem lorem. Lorem lorem lorem. Lorem lorem lorem.\r\nLorem lorem lorem. Lorem lorem lorem. Lorem lorem lorem.\r\nLorem lorem lorem. Lorem lorem lorem. Lorem lorem lorem.\r\nLorem lorem lorem. Lorem lorem lorem. Lorem lorem lorem.\r\nLorem lorem lorem. Lorem lorem lorem. Lorem lorem lorem.\r\n","PublishDate":"2020-08-01T21:10:07.2464109+00:00"},{"ID":94,"Title":"Book 94","Description":"Lorem lorem lorem. Lorem lorem lorem. Lorem lorem lorem.\r\n","PageCount":9400,"Excerpt":"Lorem lorem lorem. Lorem lorem lorem. Lorem lorem lorem.\r\nLorem lorem lorem. Lorem lorem lorem. Lorem lorem lorem.\r\nLorem lorem lorem. Lorem lorem lorem. Lorem lorem lorem.\r\nLorem lorem lorem. Lorem lorem lorem. Lorem lorem lorem.\r\nLorem lorem lorem. Lorem lorem lorem. Lorem lorem lorem.\r\n","PublishDate":"2020-07-31T21:10:07.2464109+00:00"},{"ID":95,"Title":"Book 95","Description":"Lorem lorem lorem. Lorem lorem lorem. Lorem lorem lorem.\r\n","PageCount":9500,"Excerpt":"Lorem lorem lorem. Lorem lorem lorem. Lorem lorem lorem.\r\nLorem lorem lorem. Lorem lorem lorem. Lorem lorem lorem.\r\nLorem lorem lorem. Lorem lorem lorem. Lorem lorem lorem.\r\nLorem lorem lorem. Lorem lorem lorem. Lorem lorem lorem.\r\nLorem lorem lorem. Lorem lorem lorem. Lorem lorem lorem.\r\n","PublishDate":"2020-07-30T21:10:07.2464109+00:00"},{"ID":96,"Title":"Book 96","Description":"Lorem lorem lorem. Lorem lorem lorem. Lorem lorem lorem.\r\n","PageCount":9600,"Excerpt":"Lorem lorem lorem. Lorem lorem lorem. Lorem lorem lorem.\r\nLorem lorem lorem. Lorem lorem lorem. Lorem lorem lorem.\r\nLorem lorem lorem. Lorem lorem lorem. Lorem lorem lorem.\r\nLorem lorem lorem. Lorem lorem lorem. Lorem lorem lorem.\r\nLorem lorem lorem. Lorem lorem lorem. Lorem lorem lorem.\r\n","PublishDate":"2020-07-29T21:10:07.2464109+00:00"},{"ID":97,"Title":"Book 97","Description":"Lorem lorem lorem. Lorem lorem lorem. Lorem lorem lorem.\r\n","PageCount":9700,"Excerpt":"Lorem lorem lorem. Lorem lorem lorem. Lorem lorem lorem.\r\nLorem lorem lorem. Lorem lorem lorem. Lorem lorem lorem.\r\nLorem lorem lorem. Lorem lorem lorem. Lorem lorem lorem.\r\nLorem lorem lorem. Lorem lorem lorem. Lorem lorem lorem.\r\nLorem lorem lorem. Lorem lorem lorem. Lorem lorem lorem.\r\n","PublishDate":"2020-07-28T21:10:07.2464109+00:00"},{"ID":98,"Title":"Book 98","Description":"Lorem lorem lorem. Lorem lorem lorem. Lorem lorem lorem.\r\n","PageCount":9800,"Excerpt":"Lorem lorem lorem. Lorem lorem lorem. Lorem lorem lorem.\r\nLorem lorem lorem. Lorem lorem lorem. Lorem lorem lorem.\r\nLorem lorem lorem. Lorem lorem lorem. Lorem lorem lorem.\r\nLorem lorem lorem. Lorem lorem lorem. Lorem lorem lorem.\r\nLorem lorem lorem. Lorem lorem lorem. Lorem lorem lorem.\r\n","PublishDate":"2020-07-27T21:10:07.2464109+00:00"},{"ID":99,"Title":"Book 99","Description":"Lorem lorem lorem. Lorem lorem lorem. Lorem lorem lorem.\r\n","PageCount":9900,"Excerpt":"Lorem lorem lorem. Lorem lorem lorem. Lorem lorem lorem.\r\nLorem lorem lorem. Lorem lorem lorem. Lorem lorem lorem.\r\nLorem lorem lorem. Lorem lorem lorem. Lorem lorem lorem.\r\nLorem lorem lorem. Lorem lorem lorem. Lorem lorem lorem.\r\nLorem lorem lorem. Lorem lorem lorem. Lorem lorem lorem.\r\n","PublishDate":"2020-07-26T21:10:07.2464109+00:00"},{"ID":100,"Title":"Book 100","Description":"Lorem lorem lorem. Lorem lorem lorem. Lorem lorem lorem.\r\n","PageCount":10000,"Excerpt":"Lorem lorem lorem. Lorem lorem lorem. Lorem lorem lorem.\r\nLorem lorem lorem. Lorem lorem lorem. Lorem lorem lorem.\r\nLorem lorem lorem. Lorem lorem lorem. Lorem lorem lorem.\r\nLorem lorem lorem. Lorem lorem lorem. Lorem lorem lorem.\r\nLorem lorem lorem. Lorem lorem lorem. Lorem lorem lorem.\r\n","PublishDate":"2020-07-25T21:10:07.2464109+00:00"},{"ID":101,"Title":"Book 101","Description":"Lorem lorem lorem. Lorem lorem lorem. Lorem lorem lorem.\r\n","PageCount":10100,"Excerpt":"Lorem lorem lorem. Lorem lorem lorem. Lorem lorem lorem.\r\nLorem lorem lorem. Lorem lorem lorem. Lorem lorem lorem.\r\nLorem lorem lorem. Lorem lorem lorem. Lorem lorem lorem.\r\nLorem lorem lorem. Lorem lorem lorem. Lorem lorem lorem.\r\nLorem lorem lorem. Lorem lorem lorem. Lorem lorem lorem.\r\n","PublishDate":"2020-07-24T21:10:07.2464109+00:00"},{"ID":102,"Title":"Book 102","Description":"Lorem lorem lorem. Lorem lorem lorem. Lorem lorem lorem.\r\n","PageCount":10200,"Excerpt":"Lorem lorem lorem. Lorem lorem lorem. Lorem lorem lorem.\r\nLorem lorem lorem. Lorem lorem lorem. Lorem lorem lorem.\r\nLorem lorem lorem. Lorem lorem lorem. Lorem lorem lorem.\r\nLorem lorem lorem. Lorem lorem lorem. Lorem lorem lorem.\r\nLorem lorem lorem. Lorem lorem lorem. Lorem lorem lorem.\r\n","PublishDate":"2020-07-23T21:10:07.2464109+00:00"},{"ID":103,"Title":"Book 103","Description":"Lorem lorem lorem. Lorem lorem lorem. Lorem lorem lorem.\r\n","PageCount":10300,"Excerpt":"Lorem lorem lorem. Lorem lorem lorem. Lorem lorem lorem.\r\nLorem lorem lorem. Lorem lorem lorem. Lorem lorem lorem.\r\nLorem lorem lorem. Lorem lorem lorem. Lorem lorem lorem.\r\nLorem lorem lorem. Lorem lorem lorem. Lorem lorem lorem.\r\nLorem lorem lorem. Lorem lorem lorem. Lorem lorem lorem.\r\n","PublishDate":"2020-07-22T21:10:07.2464109+00:00"},{"ID":104,"Title":"Book 104","Description":"Lorem lorem lorem. Lorem lorem lorem. Lorem lorem lorem.\r\n","PageCount":10400,"Excerpt":"Lorem lorem lorem. Lorem lorem lorem. Lorem lorem lorem.\r\nLorem lorem lorem. Lorem lorem lorem. Lorem lorem lorem.\r\nLorem lorem lorem. Lorem lorem lorem. Lorem lorem lorem.\r\nLorem lorem lorem. Lorem lorem lorem. Lorem lorem lorem.\r\nLorem lorem lorem. Lorem lorem lorem. Lorem lorem lorem.\r\n","PublishDate":"2020-07-21T21:10:07.2464109+00:00"},{"ID":105,"Title":"Book 105","Description":"Lorem lorem lorem. Lorem lorem lorem. Lorem lorem lorem.\r\n","PageCount":10500,"Excerpt":"Lorem lorem lorem. Lorem lorem lorem. Lorem lorem lorem.\r\nLorem lorem lorem. Lorem lorem lorem. Lorem lorem lorem.\r\nLorem lorem lorem. Lorem lorem lorem. Lorem lorem lorem.\r\nLorem lorem lorem. Lorem lorem lorem. Lorem lorem lorem.\r\nLorem lorem lorem. Lorem lorem lorem. Lorem lorem lorem.\r\n","PublishDate":"2020-07-20T21:10:07.2464109+00:00"},{"ID":106,"Title":"Book 106","Description":"Lorem lorem lorem. Lorem lorem lorem. Lorem lorem lorem.\r\n","PageCount":10600,"Excerpt":"Lorem lorem lorem. Lorem lorem lorem. Lorem lorem lorem.\r\nLorem lorem lorem. Lorem lorem lorem. Lorem lorem lorem.\r\nLorem lorem lorem. Lorem lorem lorem. Lorem lorem lorem.\r\nLorem lorem lorem. Lorem lorem lorem. Lorem lorem lorem.\r\nLorem lorem lorem. Lorem lorem lorem. Lorem lorem lorem.\r\n","PublishDate":"2020-07-19T21:10:07.2464109+00:00"},{"ID":107,"Title":"Book 107","Description":"Lorem lorem lorem. Lorem lorem lorem. Lorem lorem lorem.\r\n","PageCount":10700,"Excerpt":"Lorem lorem lorem. Lorem lorem lorem. Lorem lorem lorem.\r\nLorem lorem lorem. Lorem lorem lorem. Lorem lorem lorem.\r\nLorem lorem lorem. Lorem lorem lorem. Lorem lorem lorem.\r\nLorem lorem lorem. Lorem lorem lorem. Lorem lorem lorem.\r\nLorem lorem lorem. Lorem lorem lorem. Lorem lorem lorem.\r\n","PublishDate":"2020-07-18T21:10:07.2464109+00:00"},{"ID":108,"Title":"Book 108","Description":"Lorem lorem lorem. Lorem lorem lorem. Lorem lorem lorem.\r\n","PageCount":10800,"Excerpt":"Lorem lorem lorem. Lorem lorem lorem. Lorem lorem lorem.\r\nLorem lorem lorem. Lorem lorem lorem. Lorem lorem lorem.\r\nLorem lorem lorem. Lorem lorem lorem. Lorem lorem lorem.\r\nLorem lorem lorem. Lorem lorem lorem. Lorem lorem lorem.\r\nLorem lorem lorem. Lorem lorem lorem. Lorem lorem lorem.\r\n","PublishDate":"2020-07-17T21:10:07.2464109+00:00"},{"ID":109,"Title":"Book 109","Description":"Lorem lorem lorem. Lorem lorem lorem. Lorem lorem lorem.\r\n","PageCount":10900,"Excerpt":"Lorem lorem lorem. Lorem lorem lorem. Lorem lorem lorem.\r\nLorem lorem lorem. Lorem lorem lorem. Lorem lorem lorem.\r\nLorem lorem lorem. Lorem lorem lorem. Lorem lorem lorem.\r\nLorem lorem lorem. Lorem lorem lorem. Lorem lorem lorem.\r\nLorem lorem lorem. Lorem lorem lorem. Lorem lorem lorem.\r\n","PublishDate":"2020-07-16T21:10:07.2464109+00:00"},{"ID":110,"Title":"Book 110","Description":"Lorem lorem lorem. Lorem lorem lorem. Lorem lorem lorem.\r\n","PageCount":11000,"Excerpt":"Lorem lorem lorem. Lorem lorem lorem. Lorem lorem lorem.\r\nLorem lorem lorem. Lorem lorem lorem. Lorem lorem lorem.\r\nLorem lorem lorem. Lorem lorem lorem. Lorem lorem lorem.\r\nLorem lorem lorem. Lorem lorem lorem. Lorem lorem lorem.\r\nLorem lorem lorem. Lorem lorem lorem. Lorem lorem lorem.\r\n","PublishDate":"2020-07-15T21:10:07.2464109+00:00"},{"ID":111,"Title":"Book 111","Description":"Lorem lorem lorem. Lorem lorem lorem. Lorem lorem lorem.\r\n","PageCount":11100,"Excerpt":"Lorem lorem lorem. Lorem lorem lorem. Lorem lorem lorem.\r\nLorem lorem lorem. Lorem lorem lorem. Lorem lorem lorem.\r\nLorem lorem lorem. Lorem lorem lorem. Lorem lorem lorem.\r\nLorem lorem lorem. Lorem lorem lorem. Lorem lorem lorem.\r\nLorem lorem lorem. Lorem lorem lorem. Lorem lorem lorem.\r\n","PublishDate":"2020-07-14T21:10:07.2464109+00:00"},{"ID":112,"Title":"Book 112","Description":"Lorem lorem lorem. Lorem lorem lorem. Lorem lorem lorem.\r\n","PageCount":11200,"Excerpt":"Lorem lorem lorem. Lorem lorem lorem. Lorem lorem lorem.\r\nLorem lorem lorem. Lorem lorem lorem. Lorem lorem lorem.\r\nLorem lorem lorem. Lorem lorem lorem. Lorem lorem lorem.\r\nLorem lorem lorem. Lorem lorem lorem. Lorem lorem lorem.\r\nLorem lorem lorem. Lorem lorem lorem. Lorem lorem lorem.\r\n","PublishDate":"2020-07-13T21:10:07.2464109+00:00"},{"ID":113,"Title":"Book 113","Description":"Lorem lorem lorem. Lorem lorem lorem. Lorem lorem lorem.\r\n","PageCount":11300,"Excerpt":"Lorem lorem lorem. Lorem lorem lorem. Lorem lorem lorem.\r\nLorem lorem lorem. Lorem lorem lorem. Lorem lorem lorem.\r\nLorem lorem lorem. Lorem lorem lorem. Lorem lorem lorem.\r\nLorem lorem lorem. Lorem lorem lorem. Lorem lorem lorem.\r\nLorem lorem lorem. Lorem lorem lorem. Lorem lorem lorem.\r\n","PublishDate":"2020-07-12T21:10:07.2464109+00:00"},{"ID":114,"Title":"Book 114","Description":"Lorem lorem lorem. Lorem lorem lorem. Lorem lorem lorem.\r\n","PageCount":11400,"Excerpt":"Lorem lorem lorem. Lorem lorem lorem. Lorem lorem lorem.\r\nLorem lorem lorem. Lorem lorem lorem. Lorem lorem lorem.\r\nLorem lorem lorem. Lorem lorem lorem. Lorem lorem lorem.\r\nLorem lorem lorem. Lorem lorem lorem. Lorem lorem lorem.\r\nLorem lorem lorem. Lorem lorem lorem. Lorem lorem lorem.\r\n","PublishDate":"2020-07-11T21:10:07.2464109+00:00"},{"ID":115,"Title":"Book 115","Description":"Lorem lorem lorem. Lorem lorem lorem. Lorem lorem lorem.\r\n","PageCount":11500,"Excerpt":"Lorem lorem lorem. Lorem lorem lorem. Lorem lorem lorem.\r\nLorem lorem lorem. Lorem lorem lorem. Lorem lorem lorem.\r\nLorem lorem lorem. Lorem lorem lorem. Lorem lorem lorem.\r\nLorem lorem lorem. Lorem lorem lorem. Lorem lorem lorem.\r\nLorem lorem lorem. Lorem lorem lorem. Lorem lorem lorem.\r\n","PublishDate":"2020-07-10T21:10:07.2464109+00:00"},{"ID":116,"Title":"Book 116","Description":"Lorem lorem lorem. Lorem lorem lorem. Lorem lorem lorem.\r\n","PageCount":11600,"Excerpt":"Lorem lorem lorem. Lorem lorem lorem. Lorem lorem lorem.\r\nLorem lorem lorem. Lorem lorem lorem. Lorem lorem lorem.\r\nLorem lorem lorem. Lorem lorem lorem. Lorem lorem lorem.\r\nLorem lorem lorem. Lorem lorem lorem. Lorem lorem lorem.\r\nLorem lorem lorem. Lorem lorem lorem. Lorem lorem lorem.\r\n","PublishDate":"2020-07-09T21:10:07.2464109+00:00"},{"ID":117,"Title":"Book 117","Description":"Lorem lorem lorem. Lorem lorem lorem. Lorem lorem lorem.\r\n","PageCount":11700,"Excerpt":"Lorem lorem lorem. Lorem lorem lorem. Lorem lorem lorem.\r\nLorem lorem lorem. Lorem lorem lorem. Lorem lorem lorem.\r\nLorem lorem lorem. Lorem lorem lorem. Lorem lorem lorem.\r\nLorem lorem lorem. Lorem lorem lorem. Lorem lorem lorem.\r\nLorem lorem lorem. Lorem lorem lorem. Lorem lorem lorem.\r\n","PublishDate":"2020-07-08T21:10:07.2464109+00:00"},{"ID":118,"Title":"Book 118","Description":"Lorem lorem lorem. Lorem lorem lorem. Lorem lorem lorem.\r\n","PageCount":11800,"Excerpt":"Lorem lorem lorem. Lorem lorem lorem. Lorem lorem lorem.\r\nLorem lorem lorem. Lorem lorem lorem. Lorem lorem lorem.\r\nLorem lorem lorem. Lorem lorem lorem. Lorem lorem lorem.\r\nLorem lorem lorem. Lorem lorem lorem. Lorem lorem lorem.\r\nLorem lorem lorem. Lorem lorem lorem. Lorem lorem lorem.\r\n","PublishDate":"2020-07-07T21:10:07.2464109+00:00"},{"ID":119,"Title":"Book 119","Description":"Lorem lorem lorem. Lorem lorem lorem. Lorem lorem lorem.\r\n","PageCount":11900,"Excerpt":"Lorem lorem lorem. Lorem lorem lorem. Lorem lorem lorem.\r\nLorem lorem lorem. Lorem lorem lorem. Lorem lorem lorem.\r\nLorem lorem lorem. Lorem lorem lorem. Lorem lorem lorem.\r\nLorem lorem lorem. Lorem lorem lorem. Lorem lorem lorem.\r\nLorem lorem lorem. Lorem lorem lorem. Lorem lorem lorem.\r\n","PublishDate":"2020-07-06T21:10:07.2464109+00:00"},{"ID":120,"Title":"Book 120","Description":"Lorem lorem lorem. Lorem lorem lorem. Lorem lorem lorem.\r\n","PageCount":12000,"Excerpt":"Lorem lorem lorem. Lorem lorem lorem. Lorem lorem lorem.\r\nLorem lorem lorem. Lorem lorem lorem. Lorem lorem lorem.\r\nLorem lorem lorem. Lorem lorem lorem. Lorem lorem lorem.\r\nLorem lorem lorem. Lorem lorem lorem. Lorem lorem lorem.\r\nLorem lorem lorem. Lorem lorem lorem. Lorem lorem lorem.\r\n","PublishDate":"2020-07-05T21:10:07.2464109+00:00"},{"ID":121,"Title":"Book 121","Description":"Lorem lorem lorem. Lorem lorem lorem. Lorem lorem lorem.\r\n","PageCount":12100,"Excerpt":"Lorem lorem lorem. Lorem lorem lorem. Lorem lorem lorem.\r\nLorem lorem lorem. Lorem lorem lorem. Lorem lorem lorem.\r\nLorem lorem lorem. Lorem lorem lorem. Lorem lorem lorem.\r\nLorem lorem lorem. Lorem lorem lorem. Lorem lorem lorem.\r\nLorem lorem lorem. Lorem lorem lorem. Lorem lorem lorem.\r\n","PublishDate":"2020-07-04T21:10:07.2464109+00:00"},{"ID":122,"Title":"Book 122","Description":"Lorem lorem lorem. Lorem lorem lorem. Lorem lorem lorem.\r\n","PageCount":12200,"Excerpt":"Lorem lorem lorem. Lorem lorem lorem. Lorem lorem lorem.\r\nLorem lorem lorem. Lorem lorem lorem. Lorem lorem lorem.\r\nLorem lorem lorem. Lorem lorem lorem. Lorem lorem lorem.\r\nLorem lorem lorem. Lorem lorem lorem. Lorem lorem lorem.\r\nLorem lorem lorem. Lorem lorem lorem. Lorem lorem lorem.\r\n","PublishDate":"2020-07-03T21:10:07.2464109+00:00"},{"ID":123,"Title":"Book 123","Description":"Lorem lorem lorem. Lorem lorem lorem. Lorem lorem lorem.\r\n","PageCount":12300,"Excerpt":"Lorem lorem lorem. Lorem lorem lorem. Lorem lorem lorem.\r\nLorem lorem lorem. Lorem lorem lorem. Lorem lorem lorem.\r\nLorem lorem lorem. Lorem lorem lorem. Lorem lorem lorem.\r\nLorem lorem lorem. Lorem lorem lorem. Lorem lorem lorem.\r\nLorem lorem lorem. Lorem lorem lorem. Lorem lorem lorem.\r\n","PublishDate":"2020-07-02T21:10:07.2464109+00:00"},{"ID":124,"Title":"Book 124","Description":"Lorem lorem lorem. Lorem lorem lorem. Lorem lorem lorem.\r\n","PageCount":12400,"Excerpt":"Lorem lorem lorem. Lorem lorem lorem. Lorem lorem lorem.\r\nLorem lorem lorem. Lorem lorem lorem. Lorem lorem lorem.\r\nLorem lorem lorem. Lorem lorem lorem. Lorem lorem lorem.\r\nLorem lorem lorem. Lorem lorem lorem. Lorem lorem lorem.\r\nLorem lorem lorem. Lorem lorem lorem. Lorem lorem lorem.\r\n","PublishDate":"2020-07-01T21:10:07.2464109+00:00"},{"ID":125,"Title":"Book 125","Description":"Lorem lorem lorem. Lorem lorem lorem. Lorem lorem lorem.\r\n","PageCount":12500,"Excerpt":"Lorem lorem lorem. Lorem lorem lorem. Lorem lorem lorem.\r\nLorem lorem lorem. Lorem lorem lorem. Lorem lorem lorem.\r\nLorem lorem lorem. Lorem lorem lorem. Lorem lorem lorem.\r\nLorem lorem lorem. Lorem lorem lorem. Lorem lorem lorem.\r\nLorem lorem lorem. Lorem lorem lorem. Lorem lorem lorem.\r\n","PublishDate":"2020-06-30T21:10:07.2464109+00:00"},{"ID":126,"Title":"Book 126","Description":"Lorem lorem lorem. Lorem lorem lorem. Lorem lorem lorem.\r\n","PageCount":12600,"Excerpt":"Lorem lorem lorem. Lorem lorem lorem. Lorem lorem lorem.\r\nLorem lorem lorem. Lorem lorem lorem. Lorem lorem lorem.\r\nLorem lorem lorem. Lorem lorem lorem. Lorem lorem lorem.\r\nLorem lorem lorem. Lorem lorem lorem. Lorem lorem lorem.\r\nLorem lorem lorem. Lorem lorem lorem. Lorem lorem lorem.\r\n","PublishDate":"2020-06-29T21:10:07.2464109+00:00"},{"ID":127,"Title":"Book 127","Description":"Lorem lorem lorem. Lorem lorem lorem. Lorem lorem lorem.\r\n","PageCount":12700,"Excerpt":"Lorem lorem lorem. Lorem lorem lorem. Lorem lorem lorem.\r\nLorem lorem lorem. Lorem lorem lorem. Lorem lorem lorem.\r\nLorem lorem lorem. Lorem lorem lorem. Lorem lorem lorem.\r\nLorem lorem lorem. Lorem lorem lorem. Lorem lorem lorem.\r\nLorem lorem lorem. Lorem lorem lorem. Lorem lorem lorem.\r\n","PublishDate":"2020-06-28T21:10:07.2464109+00:00"},{"ID":128,"Title":"Book 128","Description":"Lorem lorem lorem. Lorem lorem lorem. Lorem lorem lorem.\r\n","PageCount":12800,"Excerpt":"Lorem lorem lorem. Lorem lorem lorem. Lorem lorem lorem.\r\nLorem lorem lorem. Lorem lorem lorem. Lorem lorem lorem.\r\nLorem lorem lorem. Lorem lorem lorem. Lorem lorem lorem.\r\nLorem lorem lorem. Lorem lorem lorem. Lorem lorem lorem.\r\nLorem lorem lorem. Lorem lorem lorem. Lorem lorem lorem.\r\n","PublishDate":"2020-06-27T21:10:07.2464109+00:00"},{"ID":129,"Title":"Book 129","Description":"Lorem lorem lorem. Lorem lorem lorem. Lorem lorem lorem.\r\n","PageCount":12900,"Excerpt":"Lorem lorem lorem. Lorem lorem lorem. Lorem lorem lorem.\r\nLorem lorem lorem. Lorem lorem lorem. Lorem lorem lorem.\r\nLorem lorem lorem. Lorem lorem lorem. Lorem lorem lorem.\r\nLorem lorem lorem. Lorem lorem lorem. Lorem lorem lorem.\r\nLorem lorem lorem. Lorem lorem lorem. Lorem lorem lorem.\r\n","PublishDate":"2020-06-26T21:10:07.2464109+00:00"},{"ID":130,"Title":"Book 130","Description":"Lorem lorem lorem. Lorem lorem lorem. Lorem lorem lorem.\r\n","PageCount":13000,"Excerpt":"Lorem lorem lorem. Lorem lorem lorem. Lorem lorem lorem.\r\nLorem lorem lorem. Lorem lorem lorem. Lorem lorem lorem.\r\nLorem lorem lorem. Lorem lorem lorem. Lorem lorem lorem.\r\nLorem lorem lorem. Lorem lorem lorem. Lorem lorem lorem.\r\nLorem lorem lorem. Lorem lorem lorem. Lorem lorem lorem.\r\n","PublishDate":"2020-06-25T21:10:07.2464109+00:00"},{"ID":131,"Title":"Book 131","Description":"Lorem lorem lorem. Lorem lorem lorem. Lorem lorem lorem.\r\n","PageCount":13100,"Excerpt":"Lorem lorem lorem. Lorem lorem lorem. Lorem lorem lorem.\r\nLorem lorem lorem. Lorem lorem lorem. Lorem lorem lorem.\r\nLorem lorem lorem. Lorem lorem lorem. Lorem lorem lorem.\r\nLorem lorem lorem. Lorem lorem lorem. Lorem lorem lorem.\r\nLorem lorem lorem. Lorem lorem lorem. Lorem lorem lorem.\r\n","PublishDate":"2020-06-24T21:10:07.2464109+00:00"},{"ID":132,"Title":"Book 132","Description":"Lorem lorem lorem. Lorem lorem lorem. Lorem lorem lorem.\r\n","PageCount":13200,"Excerpt":"Lorem lorem lorem. Lorem lorem lorem. Lorem lorem lorem.\r\nLorem lorem lorem. Lorem lorem lorem. Lorem lorem lorem.\r\nLorem lorem lorem. Lorem lorem lorem. Lorem lorem lorem.\r\nLorem lorem lorem. Lorem lorem lorem. Lorem lorem lorem.\r\nLorem lorem lorem. Lorem lorem lorem. Lorem lorem lorem.\r\n","PublishDate":"2020-06-23T21:10:07.2464109+00:00"},{"ID":133,"Title":"Book 133","Description":"Lorem lorem lorem. Lorem lorem lorem. Lorem lorem lorem.\r\n","PageCount":13300,"Excerpt":"Lorem lorem lorem. Lorem lorem lorem. Lorem lorem lorem.\r\nLorem lorem lorem. Lorem lorem lorem. Lorem lorem lorem.\r\nLorem lorem lorem. Lorem lorem lorem. Lorem lorem lorem.\r\nLorem lorem lorem. Lorem lorem lorem. Lorem lorem lorem.\r\nLorem lorem lorem. Lorem lorem lorem. Lorem lorem lorem.\r\n","PublishDate":"2020-06-22T21:10:07.2464109+00:00"},{"ID":134,"Title":"Book 134","Description":"Lorem lorem lorem. Lorem lorem lorem. Lorem lorem lorem.\r\n","PageCount":13400,"Excerpt":"Lorem lorem lorem. Lorem lorem lorem. Lorem lorem lorem.\r\nLorem lorem lorem. Lorem lorem lorem. Lorem lorem lorem.\r\nLorem lorem lorem. Lorem lorem lorem. Lorem lorem lorem.\r\nLorem lorem lorem. Lorem lorem lorem. Lorem lorem lorem.\r\nLorem lorem lorem. Lorem lorem lorem. Lorem lorem lorem.\r\n","PublishDate":"2020-06-21T21:10:07.2464109+00:00"},{"ID":135,"Title":"Book 135","Description":"Lorem lorem lorem. Lorem lorem lorem. Lorem lorem lorem.\r\n","PageCount":13500,"Excerpt":"Lorem lorem lorem. Lorem lorem lorem. Lorem lorem lorem.\r\nLorem lorem lorem. Lorem lorem lorem. Lorem lorem lorem.\r\nLorem lorem lorem. Lorem lorem lorem. Lorem lorem lorem.\r\nLorem lorem lorem. Lorem lorem lorem. Lorem lorem lorem.\r\nLorem lorem lorem. Lorem lorem lorem. Lorem lorem lorem.\r\n","PublishDate":"2020-06-20T21:10:07.2464109+00:00"},{"ID":136,"Title":"Book 136","Description":"Lorem lorem lorem. Lorem lorem lorem. Lorem lorem lorem.\r\n","PageCount":13600,"Excerpt":"Lorem lorem lorem. Lorem lorem lorem. Lorem lorem lorem.\r\nLorem lorem lorem. Lorem lorem lorem. Lorem lorem lorem.\r\nLorem lorem lorem. Lorem lorem lorem. Lorem lorem lorem.\r\nLorem lorem lorem. Lorem lorem lorem. Lorem lorem lorem.\r\nLorem lorem lorem. Lorem lorem lorem. Lorem lorem lorem.\r\n","PublishDate":"2020-06-19T21:10:07.2464109+00:00"},{"ID":137,"Title":"Book 137","Description":"Lorem lorem lorem. Lorem lorem lorem. Lorem lorem lorem.\r\n","PageCount":13700,"Ex
[...]
</arguments>
<msg timestamp="20201102 18:10:59.993" level="INFO">Current page contains link 'xpath=//*[@id="center_column"]/ul/li/div/div[2]/h5/a'.</msg>
<status status="PASS" starttime="20201102 18:10:59.980" endtime="20201102 18:10:59.993"></status>
</kw>
<status status="PASS" starttime="20201102 18:10:58.740" endtime="20201102 18:10:59.993"></status>
</kw>
<status status="PASS" starttime="20201102 18:10:58.739" endtime="20201102 18:10:59.993"></status>
</kw>
<kw name="Fechar navegador" library="Resource" type="teardown">
<kw name="Close Browser" library="SeleniumLibrary">
<doc>Closes the current browser.</doc>
<status status="PASS" starttime="20201102 18:11:00.002" endtime="20201102 18:11:02.080"></status>
</kw>
<status status="PASS" starttime="20201102 18:11:00.002" endtime="20201102 18:11:02.080"></status>
</kw>
<status status="PASS" starttime="20201102 18:10:50.288" endtime="20201102 18:11:02.081" critical="yes"></status>
</test>
<test id="s1-s2-s3-t2" name="Cenário 02: Pesquisar Produtos não Existentes">
<kw name="Abrir navegador" library="Resource" type="setup">
<kw name="Open Browser" library="SeleniumLibrary">
<doc>Opens a new browser instance to the optional ``url``.</doc>
<arguments>
<arg>about:blank</arg>
<arg>${BROWSER}</arg>
</arguments>
<msg timestamp="20201102 18:11:02.089" level="INFO">Opening browser 'headlesschrome' to base url 'about:blank'.</msg>
<status status="PASS" starttime="20201102 18:11:02.089" endtime="20201102 18:11:05.340"></status>
</kw>
<status status="PASS" starttime="20201102 18:11:02.088" endtime="20201102 18:11:05.341"></status>
</kw>
<kw name="Dado que estou na página home do site">
<kw name="Acessar a página home do site" library="Home">
<kw name="Go To" library="SeleniumLibrary">
<doc>Navigates the current browser window to the provided ``url``.</doc>
<arguments>
<arg>${HOME_URL}</arg>
</arguments>
<msg timestamp="20201102 18:11:05.343" level="INFO">Opening url 'http://automationpractice.com'</msg>
<status status="PASS" starttime="20201102 18:11:05.343" endtime="20201102 18:11:10.798"></status>
</kw>
<kw name="Wait Until Element Is Visible" library="SeleniumLibrary">
<doc>Waits until the element ``locator`` is visible.</doc>
<arguments>
<arg>${HOME_TOPMENU}</arg>
</arguments>
<status status="PASS" starttime="20201102 18:11:10.798" endtime="20201102 18:11:10.839"></status>
</kw>
<kw name="Title Should Be" library="SeleniumLibrary">
<doc>Verifies that the current page title equals ``title``.</doc>
<arguments>
<arg>${HOME_TITLE}</arg>
</arguments>
<msg timestamp="20201102 18:11:10.848" level="INFO">Page title is 'My Store'.</msg>
<status status="PASS" starttime="20201102 18:11:10.839" endtime="20201102 18:11:10.848"></status>
</kw>
<status status="PASS" starttime="20201102 18:11:05.342" endtime="20201102 18:11:10.848"></status>
</kw>
<status status="PASS" starttime="20201102 18:11:05.342" endtime="20201102 18:11:10.848"></status>
</kw>
<kw name="Quando eu pesquiso pelo produto &quot;produtoNãoExistente&quot;">
<kw name="Digitar o nome do produto &quot;${PRODUTO}&quot; no campo de pesquisa" library="Home">
<kw name="Input Text" library="SeleniumLibrary">
<doc>Types the given ``text`` into the text field identified by ``locator``.</doc>
<arguments>
<arg>${HOME_FIELD_PESQUISAR}</arg>
<arg>${PRODUTO}</arg>
</arguments>
<msg timestamp="20201102 18:11:10.850" level="INFO">Typing text 'produtoNãoExistente' into text field 'name=search_query'.</msg>
<status status="PASS" starttime="20201102 18:11:10.850" endtime="20201102 18:11:11.002"></status>
</kw>
<status status="PASS" starttime="20201102 18:11:10.850" endtime="20201102 18:11:11.002"></status>
</kw>
<kw name="Clicar no botão pesquisar" library="Home">
<kw name="Click Element" library="SeleniumLibrary">
<doc>Click the element identified by ``locator``.</doc>
<arguments>
<arg>${HOME_BTN_PESQUISAR}</arg>
</arguments>
<msg timestamp="20201102 18:11:11.004" level="INFO">Clicking element 'name=submit_search'.</msg>
<status status="PASS" starttime="20201102 18:11:11.003" endtime="20201102 18:11:11.087"></status>
</kw>
<status status="PASS" starttime="20201102 18:11:11.003" endtime="20201102 18:11:11.087"></status>
</kw>
<status status="PASS" starttime="20201102 18:11:10.849" endtime="20201102 18:11:11.087"></status>
</kw>
<kw name="Então a página deve exibir a mensagem &quot;No results were found for your search &quot;produtoNãoExistente&quot;&quot;">
<kw name="Conferir mensagem de erro &quot;${MESSAGE}&quot;" library="Home">
<kw name="Wait Until Element Is Visible" library="SeleniumLibrary">
<doc>Waits until the element ``locator`` is visible.</doc>
<arguments>
<arg>xpath=//p[@class='alert alert-warning']</arg>
</arguments>
<status status="PASS" starttime="20201102 18:11:11.089" endtime="20201102 18:11:12.084"></status>
</kw>
<kw name="Element Text Should Be" library="SeleniumLibrary">
<doc>Verifies that element ``locator`` contains exact the text ``expected``.</doc>
<arguments>
<arg>xpath=//p[@class='alert alert-warning']</arg>
<arg>${MESSAGE}</arg>
</arguments>
<msg timestamp="20201102 18:11:12.085" level="INFO">Verifying element 'xpath=//p[@class='alert alert-warning']' contains exact text 'No results were found for your search "produtoNãoExistente"'.</msg>
<status status="PASS" starttime="20201102 18:11:12.084" endtime="20201102 18:11:12.112"></status>
</kw>
<status status="PASS" starttime="20201102 18:11:11.089" endtime="20201102 18:11:12.113"></status>
</kw>
<status status="PASS" starttime="20201102 18:11:11.088" endtime="20201102 18:11:12.113"></status>
</kw>
<kw name="Fechar navegador" library="Resource" type="teardown">
<kw name="Close Browser" library="SeleniumLibrary">
<doc>Closes the current browser.</doc>
<status status="PASS" starttime="20201102 18:11:12.115" endtime="20201102 18:11:14.216"></status>
</kw>
<status status="PASS" starttime="20201102 18:11:12.114" endtime="20201102 18:11:14.216"></status>
</kw>
<status status="PASS" starttime="20201102 18:11:02.087" endtime="20201102 18:11:14.217" critical="yes"></status>
</test>
<test id="s1-s2-s3-t3" name="Cenário 03: Listar Produtos">
<kw name="Abrir navegador" library="Resource" type="setup">
<kw name="Open Browser" library="SeleniumLibrary">
<doc>Opens a new browser instance to the optional ``url``.</doc>
<arguments>
<arg>about:blank</arg>
<arg>${BROWSER}</arg>
</arguments>
<msg timestamp="20201102 18:11:14.225" level="INFO">Opening browser 'headlesschrome' to base url 'about:blank'.</msg>
<status status="PASS" starttime="20201102 18:11:14.225" endtime="20201102 18:11:17.541"></status>
</kw>
<status status="PASS" starttime="20201102 18:11:14.224" endtime="20201102 18:11:17.542"></status>
</kw>
<kw name="Dado que estou na página home do site">
<kw name="Acessar a página home do site" library="Home">
<kw name="Go To" library="SeleniumLibrary">
<doc>Navigates the current browser window to the provided ``url``.</doc>
<arguments>
<arg>${HOME_URL}</arg>
</arguments>
<msg timestamp="20201102 18:11:17.543" level="INFO">Opening url 'http://automationpractice.com'</msg>
<status status="PASS" starttime="20201102 18:11:17.543" endtime="20201102 18:11:26.776"></status>
</kw>
<kw name="Wait Until Element Is Visible" library="SeleniumLibrary">
<doc>Waits until the element ``locator`` is visible.</doc>
<arguments>
<arg>${HOME_TOPMENU}</arg>
</arguments>
<status status="PASS" starttime="20201102 18:11:26.776" endtime="20201102 18:11:26.808"></status>
</kw>
<kw name="Title Should Be" library="SeleniumLibrary">
<doc>Verifies that the current page title equals ``title``.</doc>
<arguments>
<arg>${HOME_TITLE}</arg>
</arguments>
<msg timestamp="20201102 18:11:26.815" level="INFO">Page title is 'My Store'.</msg>
<status status="PASS" starttime="20201102 18:11:26.809" endtime="20201102 18:11:26.816"></status>
</kw>
<status status="PASS" starttime="20201102 18:11:17.543" endtime="20201102 18:11:26.816"></status>
</kw>
<status status="PASS" starttime="20201102 18:11:17.543" endtime="20201102 18:11:26.816"></status>
</kw>
<kw name="Quando eu passo o mouse por cima da categoria &quot;Women&quot; no menu principal superior de categorias." library="Home">
<kw name="Mouse Over" library="SeleniumLibrary">
<doc>Simulates hovering the mouse over the element ``locator``.</doc>
<arguments>
<arg>xpath=//a[@title='Women']</arg>
</arguments>
<msg timestamp="20201102 18:11:26.818" level="INFO">Simulating Mouse Over on element 'xpath=//a[@title='Women']'.</msg>
<status status="PASS" starttime="20201102 18:11:26.817" endtime="20201102 18:11:27.106"></status>
</kw>
<kw name="Page Should Contain Link" library="SeleniumLibrary">
<doc>Verifies link identified by ``locator`` is found from current page.</doc>
<arguments>
<arg>xpath=//a[@title='Tops']</arg>
</arguments>
<msg timestamp="20201102 18:11:27.128" level="INFO">Current page contains link 'xpath=//a[@title='Tops']'.</msg>
<status status="PASS" starttime="20201102 18:11:27.106" endtime="20201102 18:11:27.128"></status>
</kw>
<status status="PASS" starttime="20201102 18:11:26.817" endtime="20201102 18:11:27.128"></status>
</kw>
<kw name="E Clico na sub categoria &quot;Summer Dresses&quot;" library="Home">
<kw name="Click Link" library="SeleniumLibrary">
<doc>Clicks a link identified by ``locator``.</doc>
<arguments>
<arg>xpath=//a[@title='Summer Dresses']</arg>
</arguments>
<msg timestamp="20201102 18:11:27.130" level="INFO">Clicking link 'xpath=//a[@title='Summer Dresses']'.</msg>
<status status="PASS" starttime="20201102 18:11:27.130" endtime="20201102 18:11:33.462"></status>
</kw>
<status status="PASS" starttime="20201102 18:11:27.129" endtime="20201102 18:11:33.462"></status>
</kw>
<kw name="Então a página com os produtos da categoria selecionada deve ser exibida." library="Home">
<kw name="Wait Until Element Is Visible" library="SeleniumLibrary">
<doc>Waits until the element ``locator`` is visible.</doc>
<arguments>
<arg>xpath=//div[@class='cat_desc']//span[1]</arg>
</arguments>
<status status="PASS" starttime="20201102 18:11:33.464" endtime="20201102 18:11:33.503"></status>
</kw>
<kw name="Element Should Be Visible" library="SeleniumLibrary">
<doc>Verifies that the element identified by ``locator`` is visible.</doc>
<arguments>
<arg>xpath=//div[@class='cat_desc']//span[1]</arg>
</arguments>
<msg timestamp="20201102 18:11:33.524" level="INFO">Element 'xpath=//div[@class='cat_desc']//span[1]' is displayed.</msg>
<status status="PASS" starttime="20201102 18:11:33.503" endtime="20201102 18:11:33.524"></status>
</kw>
<status status="PASS" starttime="20201102 18:11:33.463" endtime="20201102 18:11:33.524"></status>
</kw>
<kw name="Fechar navegador" library="Resource" type="teardown">
<kw name="Close Browser" library="SeleniumLibrary">
<doc>Closes the current browser.</doc>
<status status="PASS" starttime="20201102 18:11:33.526" endtime="20201102 18:11:35.626"></status>
</kw>
<status status="PASS" starttime="20201102 18:11:33.525" endtime="20201102 18:11:35.626"></status>
</kw>
<status status="PASS" starttime="20201102 18:11:14.223" endtime="20201102 18:11:35.627" critical="yes"></status>
</test>
<test id="s1-s2-s3-t4" name="Cenário 04: Adicionar Produtos no Carrinho">
<kw name="Abrir navegador" library="Resource" type="setup">
<kw name="Open Browser" library="SeleniumLibrary">
<doc>Opens a new browser instance to the optional ``url``.</doc>
<arguments>
<arg>about:blank</arg>
<arg>${BROWSER}</arg>
</arguments>
<msg timestamp="20201102 18:11:35.636" level="INFO">Opening browser 'headlesschrome' to base url 'about:blank'.</msg>
<status status="PASS" starttime="20201102 18:11:35.635" endtime="20201102 18:11:38.835"></status>
</kw>
<status status="PASS" starttime="20201102 18:11:35.635" endtime="20201102 18:11:38.835"></status>
</kw>
<kw name="Dado que estou na página home do site">
<kw name="Acessar a página home do site" library="Home">
<kw name="Go To" library="SeleniumLibrary">
<doc>Navigates the current browser window to the provided ``url``.</doc>
<arguments>
<arg>${HOME_URL}</arg>
</arguments>
<msg timestamp="20201102 18:11:38.837" level="INFO">Opening url 'http://automationpractice.com'</msg>
<status status="PASS" starttime="20201102 18:11:38.837" endtime="20201102 18:11:44.891"></status>
</kw>
<kw name="Wait Until Element Is Visible" library="SeleniumLibrary">
<doc>Waits until the element ``locator`` is visible.</doc>
<arguments>
<arg>${HOME_TOPMENU}</arg>
</arguments>
<status status="PASS" starttime="20201102 18:11:44.891" endtime="20201102 18:11:44.925"></status>
</kw>
<kw name="Title Should Be" library="SeleniumLibrary">
<doc>Verifies that the current page title equals ``title``.</doc>
<arguments>
<arg>${HOME_TITLE}</arg>
</arguments>
<msg timestamp="20201102 18:11:44.933" level="INFO">Page title is 'My Store'.</msg>
<status status="PASS" starttime="20201102 18:11:44.926" endtime="20201102 18:11:44.934"></status>
</kw>
<status status="PASS" starttime="20201102 18:11:38.836" endtime="20201102 18:11:44.934"></status>
</kw>
<status status="PASS" starttime="20201102 18:11:38.836" endtime="20201102 18:11:44.934"></status>
</kw>
<kw name="Quando eu pesquiso pelo produto &quot;t-shirt&quot;">
<kw name="Digitar o nome do produto &quot;${PRODUTO}&quot; no campo de pesquisa" library="Home">
<kw name="Input Text" library="SeleniumLibrary">
<doc>Types the given ``text`` into the text field identified by ``locator``.</doc>
<arguments>
<arg>${HOME_FIELD_PESQUISAR}</arg>
<arg>${PRODUTO}</arg>
</arguments>
<msg timestamp="20201102 18:11:44.936" level="INFO">Typing text 't-shirt' into text field 'name=search_query'.</msg>
<status status="PASS" starttime="20201102 18:11:44.936" endtime="20201102 18:11:45.057"></status>
</kw>
<status status="PASS" starttime="20201102 18:11:44.935" endtime="20201102 18:11:45.057"></status>
</kw>
<kw name="Clicar no botão pesquisar" library="Home">
<kw name="Click Element" library="SeleniumLibrary">
<doc>Click the element identified by ``locator``.</doc>
<arguments>
<arg>${HOME_BTN_PESQUISAR}</arg>
</arguments>
<msg timestamp="20201102 18:11:45.058" level="INFO">Clicking element 'name=submit_search'.</msg>
<status status="PASS" starttime="20201102 18:11:45.058" endtime="20201102 18:11:45.139"></status>
</kw>
<status status="PASS" starttime="20201102 18:11:45.058" endtime="20201102 18:11:45.139"></status>
</kw>
<status status="PASS" starttime="20201102 18:11:44.935" endtime="20201102 18:11:45.139"></status>
</kw>
<kw name="E Clico no botão &quot;Add to cart&quot; do produto.">
<kw name="Clicar no botão &quot;Add to Cart&quot; do produto" library="Home">
<kw name="Wait Until Element Is Visible" library="SeleniumLibrary">
<doc>Waits until the element ``locator`` is visible.</doc>
<arguments>
<arg>${HOME_PRODUCT}</arg>
</arguments>
<status status="PASS" starttime="20201102 18:11:45.142" endtime="20201102 18:11:46.140"></status>
</kw>
<kw name="Click Element" library="SeleniumLibrary">
<doc>Click the element identified by ``locator``.</doc>
<arguments>
<arg>${HOME_PRODUCT}</arg>
</arguments>
<msg timestamp="20201102 18:11:46.141" level="INFO">Clicking element 'xpath=//*[@id="center_column"]//img[@alt="Faded Short Sleeve T-shirts"]'.</msg>
<status status="PASS" starttime="20201102 18:11:46.140" endtime="20201102 18:11:46.984"></status>
</kw>
<kw name="Wait Until Element Is Visible" library="SeleniumLibrary">
<doc>Waits until the element ``locator`` is visible.</doc>
<arguments>
<arg>${HOME_BTN_ADDCART}</arg>
</arguments>
<status status="PASS" starttime="20201102 18:11:46.984" endtime="20201102 18:11:47.779"></status>
</kw>
<kw name="Click Button" library="SeleniumLibrary">
<doc>Clicks the button identified by ``locator``.</doc>
<arguments>
<arg>${HOME_BTN_ADDCART}</arg>
</arguments>
<msg timestamp="20201102 18:11:47.779" level="INFO">Clicking button 'xpath=//*[@id="add_to_cart"]/button'.</msg>
<status status="PASS" starttime="20201102 18:11:47.779" endtime="20201102 18:11:47.871"></status>
</kw>
<status status="PASS" starttime="20201102 18:11:45.141" endtime="20201102 18:11:47.871"></status>
</kw>
<status status="PASS" starttime="20201102 18:11:45.140" endtime="20201102 18:11:47.872"></status>
</kw>
<kw name="E Clico no botão &quot;Proceed to checkout&quot;">
<kw name="Clicar no botão &quot;Proceed to checkout&quot;" library="Home">
<kw name="Wait Until Element Is Visible" library="SeleniumLibrary">
<doc>Waits until the element ``locator`` is visible.</doc>
<arguments>
<arg>${HOME_BTN_CHECKOUT}</arg>
</arguments>
<status status="PASS" starttime="20201102 18:11:47.873" endtime="20201102 18:11:49.124"></status>
</kw>
<kw name="Click Element" library="SeleniumLibrary">
<doc>Click the element identified by ``locator``.</doc>
<arguments>
<arg>${HOME_BTN_CHECKOUT}</arg>
</arguments>
<msg timestamp="20201102 18:11:49.125" level="INFO">Clicking element 'xpath=//*[@id="layer_cart"]//a[@title="Proceed to checkout"]'.</msg>
<status status="PASS" starttime="20201102 18:11:49.125" endtime="20201102 18:11:50.946"></status>
</kw>
<status status="PASS" starttime="20201102 18:11:47.873" endtime="20201102 18:11:50.946"></status>
</kw>
<status status="PASS" starttime="20201102 18:11:47.872" endtime="20201102 18:11:50.946"></status>
</kw>
<kw name="Então a tela do carrinho deve ser exibida com seus dados" library="Home">
<kw name="Wait Until Element Is Visible" library="SeleniumLibrary">
<doc>Waits until the element ``locator`` is visible.</doc>
<arguments>
<arg>xpath=//span[text()=' Summary']</arg>
</arguments>
<status status="PASS" starttime="20201102 18:11:50.948" endtime="20201102 18:11:50.985"></status>
</kw>
<kw name="Title Should Be" library="SeleniumLibrary">
<doc>Verifies that the current page title equals ``title``.</doc>
<arguments>
<arg>Order - My Store</arg>
</arguments>
<msg timestamp="20201102 18:11:50.991" level="INFO">Page title is 'Order - My Store'.</msg>
<status status="PASS" starttime="20201102 18:11:50.985" endtime="20201102 18:11:50.992"></status>
</kw>
<kw name="Element Should Be Visible" library="SeleniumLibrary">
<doc>Verifies that the element identified by ``locator`` is visible.</doc>
<arguments>
<arg>xpath=//span[text()=' Summary']</arg>
</arguments>
<msg timestamp="20201102 18:11:51.015" level="INFO">Element 'xpath=//span[text()=' Summary']' is displayed.</msg>
<status status="PASS" starttime="20201102 18:11:50.992" endtime="20201102 18:11:51.015"></status>
</kw>
<status status="PASS" starttime="20201102 18:11:50.947" endtime="20201102 18:11:51.015"></status>
</kw>
<kw name="Fechar navegador" library="Resource" type="teardown">
<kw name="Close Browser" library="SeleniumLibrary">
<doc>Closes the current browser.</doc>
<status status="PASS" starttime="20201102 18:11:51.017" endtime="20201102 18:11:53.103"></status>
</kw>
<status status="PASS" starttime="20201102 18:11:51.017" endtime="20201102 18:11:53.103"></status>
</kw>
<status status="PASS" starttime="20201102 18:11:35.633" endtime="20201102 18:11:53.105" critical="yes"></status>
</test>
<status status="PASS" starttime="20201102 18:10:50.261" endtime="20201102 18:11:53.114"></status>
</suite>
<status status="PASS" starttime="20201102 18:10:08.778" endtime="20201102 18:11:53.122"></status>
</suite>
<status status="PASS" starttime="20201102 18:10:05.754" endtime="20201102 18:11:53.131"></status>
</suite>
<statistics>
<total>
<stat pass="11" fail="0">Critical Tests</stat>
<stat pass="11" fail="0">All Tests</stat>
</total>
<tag>
</tag>
<suite>
<stat pass="11" fail="0" id="s1" name="Tests">Tests</stat>
<stat pass="5" fail="0" id="s1-s1" name="API">Tests.API</stat>
<stat pass="5" fail="0" id="s1-s1-s1" name="APIBooks TestCases">Tests.API.APIBooks TestCases</stat>
<stat pass="6" fail="0" id="s1-s2" name="Web">Tests.Web</stat>
<stat pass="1" fail="0" id="s1-s2-s1" name="Account steps">Tests.Web.Account steps</stat>
<stat pass="1" fail="0" id="s1-s2-s2" name="Carrinho steps">Tests.Web.Carrinho steps</stat>
<stat pass="4" fail="0" id="s1-s2-s3" name="Home steps">Tests.Web.Home steps</stat>
</suite>
</statistics>
<errors>
</errors>
</robot>
