<?xml version="1.0" encoding="UTF-8"?>
<robot generator="Robot 3.2.2 (Python 3.9.0 on win32)" generated="20201126 18:12:11.285" rpa="false">
<suite id="s1" name="API" source="C:\Users\gabriel\Documents\Repositorios Git\robotframework-web-api-tests\tests\API">
<suite id="s1-s1" name="APIBooks TestCases" source="C:\Users\gabriel\Documents\Repositorios Git\robotframework-web-api-tests\tests\API\APIBooks_TestCases.robot">
<kw name="Conectar a minha API" library="ResourceAPIBooks" type="setup">
<kw name="Create Session" library="RequestsLibrary">
<doc>Create Session: create a HTTP session to a server</doc>
<arguments>
<arg>fakeAPI</arg>
<arg>${URL_API}</arg>
</arguments>
<msg timestamp="20201126 18:12:11.488" level="INFO">Creating Session using : alias=fakeAPI, url=https://fakerestapi.azurewebsites.net, headers={},                     cookies={}, auth=None, timeout=None, proxies=None, verify=False,                     debug=0 </msg>
<status status="PASS" starttime="20201126 18:12:11.488" endtime="20201126 18:12:11.488"></status>
</kw>
<kw name="Create Dictionary" library="BuiltIn">
<doc>Creates and returns a dictionary based on the given ``items``.</doc>
<arguments>
<arg>content-type=application/json</arg>
</arguments>
<assign>
<var>${HEADERS}</var>
</assign>
<msg timestamp="20201126 18:12:11.488" level="INFO">${HEADERS} = {'content-type': 'application/json'}</msg>
<status status="PASS" starttime="20201126 18:12:11.488" endtime="20201126 18:12:11.488"></status>
</kw>
<kw name="Set Suite Variable" library="BuiltIn">
<doc>Makes a variable available everywhere within the scope of the current suite.</doc>
<arguments>
<arg>${HEADERS}</arg>
</arguments>
<msg timestamp="20201126 18:12:11.504" level="INFO">${HEADERS} = {'content-type': 'application/json'}</msg>
<status status="PASS" starttime="20201126 18:12:11.488" endtime="20201126 18:12:11.504"></status>
</kw>
<status status="PASS" starttime="20201126 18:12:11.488" endtime="20201126 18:12:11.504"></status>
</kw>
<test id="s1-s1-t1" name="Buscar a listagem de todos os livros (GET em todos os livros)">
<kw name="Requisitar todos os livros" library="ResourceAPIBooks">
<kw name="Get Request" library="RequestsLibrary">
<doc>Send a GET request on the session object found using the
given `alias`</doc>
<arguments>
<arg>fakeAPI</arg>
<arg>api/v1/Books</arg>
</arguments>
<assign>
<var>${RESPOSTA}</var>
</assign>
<msg timestamp="20201126 18:12:16.463" level="INFO">GET Request : url=https://fakerestapi.azurewebsites.net/api/v1/Books 
 path_url=/api/v1/Books 
 headers={'User-Agent': 'python-requests/2.24.0', 'Accept-Encoding': 'gzip, deflate', 'Accept': '*/*', 'Connection': 'keep-alive'} 
 body=None 
 </msg>
<msg timestamp="20201126 18:12:16.463" level="INFO">GET Response : url=https://fakerestapi.azurewebsites.net/api/v1/Books 
 status=200, reason=OK 
 body=[{"id":1,"title":"Book 1","description":"Sea sed facer dolor consetetur no kasd ipsum quis at diam erat dolor diam eirmod rebum euismod. Tincidunt gubergren est nisl delenit no erat lorem aliquyam delenit ipsum lorem accumsan. Elitr erat exerci sed takimata sed eu nisl ad. Diam ipsum eum dolore eos et sanctus dolores erat possim. Clita et tempor ea dolore et sed. Illum aliquam justo. Aliquip rebum consequat in ipsum velit nobis accusam et enim et erat ea elit dolor at et. Esse duis ut dolores. Lorem labore voluptua voluptua aliquyam nobis nonummy et erat accumsan te nonumy ipsum. Ea sea erat exerci blandit diam wisi lorem sea labore sed tation dolore hendrerit. Labore elitr est dolor dolore amet et accusam stet sit nonumy. Vel dolor eirmod est gubergren sed et option amet vero labore. Accusam ea sit aliquyam vero sed quis aliquyam sit diam amet sit. Tempor accusam ex velit invidunt lorem amet erat et. In sit amet eirmod kasd aliquip sed eos gubergren tation esse luptatum dolores sanctus invidunt erat ut praesent gubergren. Ipsum dolor tempor amet eos tation ut. Rebum takimata ipsum voluptua dolor magna sanctus veniam enim vero magna imperdiet facilisi sanctus ut sadipscing ipsum hendrerit. Clita ea ut veniam et. Facilisis aliquyam tation zzril sed.\n","pageCount":100,"excerpt":"Et ea takimata ipsum est et. Ut vel vel doming et invidunt rebum lorem ipsum et. Adipiscing dolor ea ut eu suscipit sanctus dignissim lorem quod amet ad kasd eirmod no iusto dolore eum. Et eirmod aliquip vero ex amet. Magna duo eu nonumy justo kasd at ut ipsum nonummy sed dolore ex lorem feugait nisl kasd et volutpat. Elit sea accusam. Dolor euismod duo adipiscing diam voluptua feugiat ipsum sanctus. Vero sadipscing tempor ea est est sed diam nonumy. Illum duo elitr diam sanctus lorem feugait dolor. Et at lorem dolor sit odio at ipsum vulputate amet et tempor sadipscing duo vero ipsum ad. Zzril sit stet at quod ea tempor sit consequat consectetuer sed. Invidunt duo et clita. Ea enim enim. Dolor exerci takimata. Accumsan duo no aliquyam cum justo eum at eirmod sed dolor at. Autem sanctus et amet voluptua elitr voluptua sit enim lorem. Magna ipsum et nulla dolor diam et vero est. Labore dolor dolores amet erat praesent stet et ipsum diam ut tempor sanctus dolore sit. Tempor eos vel ut velit erat rebum stet vero diam enim dolore et.\nDiam et clita stet lorem invidunt est voluptua consetetur sadipscing voluptua et rebum eos nulla sed dolor. In sed luptatum eos et nisl accumsan est est accusam suscipit. Illum dolor dolor dolore doming praesent tempor facilisi no no et sit no sed augue clita et laoreet. Lorem stet ipsum dolore eirmod te iusto amet vel sea. Ipsum et blandit. Illum erat veniam dolore doming et est minim consetetur luptatum ut qui rebum erat consetetur. Est dolor sed sadipscing suscipit et. Stet accusam et ea tation labore gubergren kasd lorem. Duo sed ut dolore sit magna est id amet lorem dolore autem diam suscipit et. Elit sadipscing vel elitr sadipscing praesent ipsum imperdiet et tation. Sea gubergren rebum dolores nam no at eum volutpat. Nibh magna gubergren et duis et aliquyam duo. Amet eirmod feugiat dolor dolor dolores sed takimata justo qui magna eirmod amet accumsan nibh vel. Nisl amet diam justo enim sed laoreet diam amet eirmod velit vulputate in gubergren justo.\nAmet invidunt autem rebum nulla ea et dolor et clita. Lorem rebum lorem in iusto ullamcorper dolor kasd diam gubergren ad lorem no. Lorem vel eos dolores consetetur accumsan eum sed duis no invidunt stet dolor ipsum dolor feugiat accusam aliquyam praesent. Vero lobortis aliquyam dolore duo eirmod no no assum vulputate nostrud et invidunt aliquyam dignissim nisl tation. Erat accusam vulputate id zzril justo ut dolore feugait lorem sea consetetur nonumy accusam amet eos dolor duo. Clita gubergren eos ea molestie velit sadipscing vel et labore vero clita eum elitr. Dolores magna ad consequat nonumy aliquam. Luptatum nihil est amet nonumy soluta elitr duo stet diam accusam ipsum amet et takimata suscipit. Et eos duo takimata sit. Tation stet dolor.\nSanctus feugiat laoreet feugiat et nonumy nobis id kasd erat eu feugait. Rebum hendrerit invidunt diam et dolor accusam gubergren gubergren dolor ut esse dolor. Eirmod zzril aliquyam tempor tempor et accusam eum ut rebum elitr euismod ullamcorper sit adipiscing amet dolore gubergren stet. Sadipscing clita laoreet ut nulla est. Vel iriure labore sit sadipscing hendrerit eos dolor sed magna amet dolor et et. Lobortis quis lorem diam no ipsum ipsum molestie stet sit odio id eos. Nonumy eu sea nonumy accusam sit ut dolor duo lorem tempor dolore ipsum. No ea at facilisi justo te facilisis et odio nonumy. In dolor clita nonumy ad diam. Amet magna diam dignissim. Rebum ipsum sanctus gubergren ipsum placerat lorem lorem eros. Amet et dolor sadipscing ea voluptua illum consetetur. Takimata dolor sadipscing ipsum amet eos eum. Nonummy elitr autem duo minim tincidunt eirmod kasd eirmod sed sed eos. Et labore lorem sit ut elitr elitr accusam voluptua.\nInvidunt amet at takimata dolor sanctus stet consetetur facilisi duo vulputate duis sed. Sit quis no magna gubergren molestie ipsum et ea. Dolores diam dolor ea aliquyam eos ipsum sit et sed dolore clita. Congue dolor et. Labore sit euismod dolore. At sit et ex et diam zzril ipsum ut ea invidunt sadipscing sed vel eros. Stet ut et. Vero blandit dolor sanctus doming at exerci imperdiet liber justo voluptua nulla. Kasd dolore sit dolore ea diam nonummy tempor dolore. Dolores gubergren vulputate lobortis gubergren vulputate dolore velit amet nostrud clita lorem tincidunt lorem at lorem esse.\n","publishDate":"2020-11-25T21:12:12.4609571+00:00"},{"id":2,"title":"Book 2","description":"Ut dolore sadipscing nostrud iusto aliquyam sit euismod ea stet amet ipsum labore odio at tincidunt erat est accusam. Est magna nihil est lorem consetetur kasd et aliquyam eirmod id. Ea dolor est clita at kasd labore elitr tincidunt ea dolores. Voluptua sanctus nulla imperdiet amet lorem volutpat.\n","pageCount":200,"excerpt":"Sit rebum elitr nisl tempor delenit consequat duo. Et autem diam quod assum duo luptatum. Ex stet et aliquyam accusam diam nisl accusam wisi elitr et labore nibh.\nDoming dolor dolore et stet. Tempor amet sanctus eos dolores justo facer eos duis. Gubergren aliquyam qui ipsum tempor sed lorem facilisis vero. Diam diam erat nonummy nisl labore ipsum accumsan hendrerit lorem sanctus sit lorem molestie rebum amet.\nLorem et dolores et accusam et facilisi lorem et labore dolore praesent duo dolor et sed amet. Ea et in dolore diam ea diam. Dolore stet doming magna dolor sadipscing stet aliquyam in invidunt est amet et magna nonumy amet sit rebum justo. Sed tempor feugiat clita elitr diam aliquyam vero amet et duis sit wisi ea consetetur diam no. Consequat sadipscing eirmod lorem clita. Invidunt delenit labore. Vel nonumy sanctus voluptua exerci laoreet dolore sadipscing et. Diam dignissim stet in euismod ex dignissim lorem minim sit ipsum dolore sed liber delenit et lorem. At dolores nibh dolor erat dolore diam erat amet et exerci dolor.\nStet vero consectetuer amet aliquyam amet. Voluptua clita dolore lorem et dolores invidunt ea amet sit et praesent dolor amet autem. Voluptua takimata aliquam lorem magna justo sit ea aliquam. Amet duo commodo justo justo lorem est sadipscing lorem eos id ipsum ipsum autem amet et lorem sanctus. Nihil et amet vel tempor vero ullamcorper aliquyam et stet tation ea dolor ipsum labore amet sanctus. Magna nibh dolores stet lorem amet at magna. Gubergren vero commodo ipsum et qui justo et erat adipiscing. Kasd amet eos justo. Stet veniam no no lorem rebum amet. Et justo vel at. Amet magna vero sanctus amet sit sanctus accusam dolore consequat iriure dolor facilisis est consequat accusam sea. Erat ipsum te feugait voluptua. Eos autem veniam erat liber dolore dolor labore ea eirmod autem diam vel est et ut diam vel. Vero illum iriure dolor no ad eos.\nTincidunt sea sea laoreet et sanctus labore feugiat feugiat nulla ut dolores amet exerci lorem. At dolor elitr ipsum ipsum consetetur invidunt clita consetetur. Ex sea sea diam ut diam accumsan lobortis eu eirmod lorem et dolore dolor. Tempor est nonumy magna stet vero et feugiat dolor ut dolores ex sanctus no magna at. Sit justo dolore takimata eos quis elitr sit sadipscing ea et. Diam dolor magna amet ea et est dolor eleifend magna sanctus lorem quis aliquyam. Labore dolore qui sed ipsum stet ipsum diam dolor et rebum vel nostrud stet tincidunt et. Iusto stet vel commodo invidunt option diam consequat. Sed consetetur ea eros erat sed labore accusam sea ullamcorper sea sed duo adipiscing clita et duo aliquyam justo. Veniam labore eos kasd qui sit diam ut assum dolore consequat augue vero nonumy vel gubergren kasd ut gubergren. Autem takimata aliquyam accusam elit lorem aliquip velit clita gubergren justo qui ipsum eu. Consetetur et lorem takimata gubergren vel facilisis sit dolor sanctus. Dolor facilisis clita sed magna erat diam. Eirmod lorem enim sit commodo dolore et molestie lorem sed aliquyam magna vero kasd dolore nibh eirmod. Autem takimata nobis eos liber euismod ipsum sit diam diam voluptua dolor erat odio eirmod. Sed erat augue ipsum vero vero labore et diam facilisi. Voluptua accusam dolore nonumy est labore eos enim diam eleifend dolore luptatum. Eos augue elitr consectetuer tation.\n","publishDate":"2020-11-24T21:12:12.4610164+00:00"},{"id":3,"title":"Book 3","description":"Eum elitr dolore. Et sed aliquip et magna eos justo sit dolor lorem laoreet erat no sit lorem stet. Eirmod lorem sanctus sea clita diam erat vero et labore in stet accumsan accusam. Cum diam in facilisis ea sea consetetur duo. Tempor qui liber amet et labore lorem et molestie eum sanctus consetetur erat et volutpat amet dolore. Vulputate eirmod sed dolore sed sed lorem amet duo no lorem sit ipsum sadipscing magna eos iusto sed. Aliquyam sadipscing ipsum ea magna dolor sed amet accumsan voluptua mazim amet euismod diam. Et erat ... (set the log level to DEBUG or TRACE to see the full content) 
 </msg>
<msg timestamp="20201126 18:12:16.463" level="INFO">c:\users\gabriel\appdata\local\programs\python\python39\lib\site-packages\urllib3\connectionpool.py:981: InsecureRequestWarning: Unverified HTTPS request is being made to host 'fakerestapi.azurewebsites.net'. Adding certificate verification is strongly advised. See: https://urllib3.readthedocs.io/en/latest/advanced-usage.html#ssl-warnings
  warnings.warn(</msg>
<msg timestamp="20201126 18:12:16.463" level="INFO">${RESPOSTA} = &lt;Response [200]&gt;</msg>
<status status="PASS" starttime="20201126 18:12:11.504" endtime="20201126 18:12:16.463"></status>
</kw>
<kw name="Log" library="BuiltIn">
<doc>Logs the given message with the given level.</doc>
<arguments>
<arg>${RESPOSTA.text}</arg>
</arguments>
<msg timestamp="20201126 18:12:16.479" level="INFO">[{"id":1,"title":"Book 1","description":"Sea sed facer dolor consetetur no kasd ipsum quis at diam erat dolor diam eirmod rebum euismod. Tincidunt gubergren est nisl delenit no erat lorem aliquyam delenit ipsum lorem accumsan. Elitr erat exerci sed takimata sed eu nisl ad. Diam ipsum eum dolore eos et sanctus dolores erat possim. Clita et tempor ea dolore et sed. Illum aliquam justo. Aliquip rebum consequat in ipsum velit nobis accusam et enim et erat ea elit dolor at et. Esse duis ut dolores. Lorem labore voluptua voluptua aliquyam nobis nonummy et erat accumsan te nonumy ipsum. Ea sea erat exerci blandit diam wisi lorem sea labore sed tation dolore hendrerit. Labore elitr est dolor dolore amet et accusam stet sit nonumy. Vel dolor eirmod est gubergren sed et option amet vero labore. Accusam ea sit aliquyam vero sed quis aliquyam sit diam amet sit. Tempor accusam ex velit invidunt lorem amet erat et. In sit amet eirmod kasd aliquip sed eos gubergren tation esse luptatum dolores sanctus invidunt erat ut praesent gubergren. Ipsum dolor tempor amet eos tation ut. Rebum takimata ipsum voluptua dolor magna sanctus veniam enim vero magna imperdiet facilisi sanctus ut sadipscing ipsum hendrerit. Clita ea ut veniam et. Facilisis aliquyam tation zzril sed.\n","pageCount":100,"excerpt":"Et ea takimata ipsum est et. Ut vel vel doming et invidunt rebum lorem ipsum et. Adipiscing dolor ea ut eu suscipit sanctus dignissim lorem quod amet ad kasd eirmod no iusto dolore eum. Et eirmod aliquip vero ex amet. Magna duo eu nonumy justo kasd at ut ipsum nonummy sed dolore ex lorem feugait nisl kasd et volutpat. Elit sea accusam. Dolor euismod duo adipiscing diam voluptua feugiat ipsum sanctus. Vero sadipscing tempor ea est est sed diam nonumy. Illum duo elitr diam sanctus lorem feugait dolor. Et at lorem dolor sit odio at ipsum vulputate amet et tempor sadipscing duo vero ipsum ad. Zzril sit stet at quod ea tempor sit consequat consectetuer sed. Invidunt duo et clita. Ea enim enim. Dolor exerci takimata. Accumsan duo no aliquyam cum justo eum at eirmod sed dolor at. Autem sanctus et amet voluptua elitr voluptua sit enim lorem. Magna ipsum et nulla dolor diam et vero est. Labore dolor dolores amet erat praesent stet et ipsum diam ut tempor sanctus dolore sit. Tempor eos vel ut velit erat rebum stet vero diam enim dolore et.\nDiam et clita stet lorem invidunt est voluptua consetetur sadipscing voluptua et rebum eos nulla sed dolor. In sed luptatum eos et nisl accumsan est est accusam suscipit. Illum dolor dolor dolore doming praesent tempor facilisi no no et sit no sed augue clita et laoreet. Lorem stet ipsum dolore eirmod te iusto amet vel sea. Ipsum et blandit. Illum erat veniam dolore doming et est minim consetetur luptatum ut qui rebum erat consetetur. Est dolor sed sadipscing suscipit et. Stet accusam et ea tation labore gubergren kasd lorem. Duo sed ut dolore sit magna est id amet lorem dolore autem diam suscipit et. Elit sadipscing vel elitr sadipscing praesent ipsum imperdiet et tation. Sea gubergren rebum dolores nam no at eum volutpat. Nibh magna gubergren et duis et aliquyam duo. Amet eirmod feugiat dolor dolor dolores sed takimata justo qui magna eirmod amet accumsan nibh vel. Nisl amet diam justo enim sed laoreet diam amet eirmod velit vulputate in gubergren justo.\nAmet invidunt autem rebum nulla ea et dolor et clita. Lorem rebum lorem in iusto ullamcorper dolor kasd diam gubergren ad lorem no. Lorem vel eos dolores consetetur accumsan eum sed duis no invidunt stet dolor ipsum dolor feugiat accusam aliquyam praesent. Vero lobortis aliquyam dolore duo eirmod no no assum vulputate nostrud et invidunt aliquyam dignissim nisl tation. Erat accusam vulputate id zzril justo ut dolore feugait lorem sea consetetur nonumy accusam amet eos dolor duo. Clita gubergren eos ea molestie velit sadipscing vel et labore vero clita eum elitr. Dolores magna ad consequat nonumy aliquam. Luptatum nihil est amet nonumy soluta elitr duo stet diam accusam ipsum amet et takimata suscipit. Et eos duo takimata sit. Tation stet dolor.\nSanctus feugiat laoreet feugiat et nonumy nobis id kasd erat eu feugait. Rebum hendrerit invidunt diam et dolor accusam gubergren gubergren dolor ut esse dolor. Eirmod zzril aliquyam tempor tempor et accusam eum ut rebum elitr euismod ullamcorper sit adipiscing amet dolore gubergren stet. Sadipscing clita laoreet ut nulla est. Vel iriure labore sit sadipscing hendrerit eos dolor sed magna amet dolor et et. Lobortis quis lorem diam no ipsum ipsum molestie stet sit odio id eos. Nonumy eu sea nonumy accusam sit ut dolor duo lorem tempor dolore ipsum. No ea at facilisi justo te facilisis et odio nonumy. In dolor clita nonumy ad diam. Amet magna diam dignissim. Rebum ipsum sanctus gubergren ipsum placerat lorem lorem eros. Amet et dolor sadipscing ea voluptua illum consetetur. Takimata dolor sadipscing ipsum amet eos eum. Nonummy elitr autem duo minim tincidunt eirmod kasd eirmod sed sed eos. Et labore lorem sit ut elitr elitr accusam voluptua.\nInvidunt amet at takimata dolor sanctus stet consetetur facilisi duo vulputate duis sed. Sit quis no magna gubergren molestie ipsum et ea. Dolores diam dolor ea aliquyam eos ipsum sit et sed dolore clita. Congue dolor et. Labore sit euismod dolore. At sit et ex et diam zzril ipsum ut ea invidunt sadipscing sed vel eros. Stet ut et. Vero blandit dolor sanctus doming at exerci imperdiet liber justo voluptua nulla. Kasd dolore sit dolore ea diam nonummy tempor dolore. Dolores gubergren vulputate lobortis gubergren vulputate dolore velit amet nostrud clita lorem tincidunt lorem at lorem esse.\n","publishDate":"2020-11-25T21:12:12.4609571+00:00"},{"id":2,"title":"Book 2","description":"Ut dolore sadipscing nostrud iusto aliquyam sit euismod ea stet amet ipsum labore odio at tincidunt erat est accusam. Est magna nihil est lorem consetetur kasd et aliquyam eirmod id. Ea dolor est clita at kasd labore elitr tincidunt ea dolores. Voluptua sanctus nulla imperdiet amet lorem volutpat.\n","pageCount":200,"excerpt":"Sit rebum elitr nisl tempor delenit consequat duo. Et autem diam quod assum duo luptatum. Ex stet et aliquyam accusam diam nisl accusam wisi elitr et labore nibh.\nDoming dolor dolore et stet. Tempor amet sanctus eos dolores justo facer eos duis. Gubergren aliquyam qui ipsum tempor sed lorem facilisis vero. Diam diam erat nonummy nisl labore ipsum accumsan hendrerit lorem sanctus sit lorem molestie rebum amet.\nLorem et dolores et accusam et facilisi lorem et labore dolore praesent duo dolor et sed amet. Ea et in dolore diam ea diam. Dolore stet doming magna dolor sadipscing stet aliquyam in invidunt est amet et magna nonumy amet sit rebum justo. Sed tempor feugiat clita elitr diam aliquyam vero amet et duis sit wisi ea consetetur diam no. Consequat sadipscing eirmod lorem clita. Invidunt delenit labore. Vel nonumy sanctus voluptua exerci laoreet dolore sadipscing et. Diam dignissim stet in euismod ex dignissim lorem minim sit ipsum dolore sed liber delenit et lorem. At dolores nibh dolor erat dolore diam erat amet et exerci dolor.\nStet vero consectetuer amet aliquyam amet. Voluptua clita dolore lorem et dolores invidunt ea amet sit et praesent dolor amet autem. Voluptua takimata aliquam lorem magna justo sit ea aliquam. Amet duo commodo justo justo lorem est sadipscing lorem eos id ipsum ipsum autem amet et lorem sanctus. Nihil et amet vel tempor vero ullamcorper aliquyam et stet tation ea dolor ipsum labore amet sanctus. Magna nibh dolores stet lorem amet at magna. Gubergren vero commodo ipsum et qui justo et erat adipiscing. Kasd amet eos justo. Stet veniam no no lorem rebum amet. Et justo vel at. Amet magna vero sanctus amet sit sanctus accusam dolore consequat iriure dolor facilisis est consequat accusam sea. Erat ipsum te feugait voluptua. Eos autem veniam erat liber dolore dolor labore ea eirmod autem diam vel est et ut diam vel. Vero illum iriure dolor no ad eos.\nTincidunt sea sea laoreet et sanctus labore feugiat feugiat nulla ut dolores amet exerci lorem. At dolor elitr ipsum ipsum consetetur invidunt clita consetetur. Ex sea sea diam ut diam accumsan lobortis eu eirmod lorem et dolore dolor. Tempor est nonumy magna stet vero et feugiat dolor ut dolores ex sanctus no magna at. Sit justo dolore takimata eos quis elitr sit sadipscing ea et. Diam dolor magna amet ea et est dolor eleifend magna sanctus lorem quis aliquyam. Labore dolore qui sed ipsum stet ipsum diam dolor et rebum vel nostrud stet tincidunt et. Iusto stet vel commodo invidunt option diam consequat. Sed consetetur ea eros erat sed labore accusam sea ullamcorper sea sed duo adipiscing clita et duo aliquyam justo. Veniam labore eos kasd qui sit diam ut assum dolore consequat augue vero nonumy vel gubergren kasd ut gubergren. Autem takimata aliquyam accusam elit lorem aliquip velit clita gubergren justo qui ipsum eu. Consetetur et lorem takimata gubergren vel facilisis sit dolor sanctus. Dolor facilisis clita sed magna erat diam. Eirmod lorem enim sit commodo dolore et molestie lorem sed aliquyam magna vero kasd dolore nibh eirmod. Autem takimata nobis eos liber euismod ipsum sit diam diam voluptua dolor erat odio eirmod. Sed erat augue ipsum vero vero labore et diam facilisi. Voluptua accusam dolore nonumy est labore eos enim diam eleifend dolore luptatum. Eos augue elitr consectetuer tation.\n","publishDate":"2020-11-24T21:12:12.4610164+00:00"},{"id":3,"title":"Book 3","description":"Eum elitr dolore. Et sed aliquip et magna eos justo sit dolor lorem laoreet erat no sit lorem stet. Eirmod lorem sanctus sea clita diam erat vero et labore in stet accumsan accusam. Cum diam in facilisis ea sea consetetur duo. Tempor qui liber amet et labore lorem et molestie eum sanctus consetetur erat et volutpat amet dolore. Vulputate eirmod sed dolore sed sed lorem amet duo no lorem sit ipsum sadipscing magna eos iusto sed. Aliquyam sadipscing ipsum ea magna dolor sed amet accumsan voluptua mazim amet euismod diam. Et erat ipsum lorem sed sanctus sit tation et in lorem aliquyam dolore stet stet sea dolor accusam at. Sit eum esse nulla duo stet dolor ipsum nonumy id. Et duo magna dolor ut. Duo sit erat et est et nonummy. No zzril accusam voluptua ipsum ipsum. Sit sit et erat. Te invidunt autem erat eu duo sed sadipscing dolore tempor dolor ullamcorper sit sit elitr. Option clita accumsan diam kasd vel te dolor nulla accusam sed eum sadipscing voluptua.\n","pageCount":300,"excerpt":"Vero diam gubergren ad invidunt sed labore tempor at illum dolor et rebum sed. Amet sanctus illum et eirmod ipsum dolor rebum ipsum gubergren sit gubergren nonumy. At sit sanctus et diam amet clita tincidunt gubergren lorem et sed molestie ipsum autem ea. Dolor erat vero sit facer tempor eu. Voluptua et stet clita diam dolores. Sanctus in wisi illum ut dignissim molestie nibh erat.\nElit sit kasd amet. Sit kasd aliquam erat magna voluptua. Nonumy facilisi dolore facilisi vel erat takimata feugiat ipsum ipsum justo et sadipscing ullamcorper gubergren vero dolor. Duo consetetur facilisis dolor eum labore. Ea est amet minim soluta. Sit et nulla facilisis elitr aliquyam. Dolor et sanctus dignissim elitr in diam eirmod dolor rebum elitr no dolore blandit consectetuer clita lorem clita gubergren. Iusto invidunt mazim stet amet et invidunt feugiat diam magna. Dolores sadipscing nonumy stet aliquip nonumy at commodo lorem diam clita magna sed dolor tation magna lorem sanctus in. Rebum dolore tempor invidunt et elitr euismod aliquip vulputate takimata sit lorem accusam labore vero et et est. Diam nostrud gubergren takimata sanctus gubergren eos eleifend euismod dolore aliquyam eirmod te enim diam et ut vulputate ipsum. Gubergren feugiat nonumy kasd aliquyam kasd stet kasd hendrerit.\nAd sadipscing at amet lorem tempor at dolore rebum eros hendrerit. Sadipscing dolore justo tempor et luptatum ut eirmod takimata sit at accusam iriure takimata duis dolore sit dolor clita. Amet et lobortis iriure velit sit. Clita gubergren feugait dolor. Sit feugiat clita feugait kasd. Sit dolor mazim vulputate et dolore ut tempor suscipit elitr vulputate. Justo luptatum duis duo sit eos quis vero justo autem diam sanctus diam eleifend. Et in dolore amet sed justo odio sit esse amet diam tempor euismod no et sit sit. Feugiat nonumy ut sed consequat vero nonumy magna eirmod est lorem et invidunt nostrud. Lorem labore autem et feugiat dolor erat ipsum luptatum.\nAt invidunt eirmod rebum justo dolor aliquyam stet. Tation erat erat sanctus nulla eos gubergren magna duo dolor ea magna ea. Nibh quod esse vero et sit ea sed eirmod consetetur vel clita ipsum sadipscing diam. Aliquyam dolor eos erat nonumy sit accusam in autem feugait. Ipsum autem quis sed nam facilisis rebum nulla velit ipsum voluptua zzril dolores. Ut sadipscing invidunt sadipscing takimata justo dolores. Autem lorem luptatum sea cum kasd nonumy eos nulla amet dolor nonummy et consetetur feugait consectetuer voluptua consetetur. Erat justo et accusam eirmod sanctus blandit est dolor invidunt erat nonumy diam. Sanctus lorem et erat commodo et volutpat takimata amet dolore no sadipscing suscipit elitr in. Iusto et duis wisi justo in consequat dignissim minim invidunt labore. Erat diam vero sed commodo diam rebum amet consequat qui dolore accusam est tincidunt justo est amet. Dolore laoreet dolor. Vel esse vel consetetur aliquip amet dolores accusam dolores dolor eirmod diam duis clita laoreet ad eros. Erat diam ea duo sanctus in ullamcorper no eos aliquyam no sit. Tempor delenit tempor sanctus iusto praesent elitr velit rebum dolore amet dolor vel et molestie clita diam dolore augue. Rebum clita zzril sea augue aliquyam dolor wisi eirmod te tempor clita sit. Nulla laoreet euismod takimata et rebum ea quis et ut illum esse eos nulla voluptua sit.\nEum stet diam enim lorem no sea eros ea lobortis dolor lorem feugait eirmod. Nonumy accusam sea est amet et autem ipsum ut. Facilisis exerci sed diam sanctus eum. Minim eos lorem iusto tempor. Ut feugiat erat vero amet iriure sed kasd amet aliquyam labore ex eirmod sit amet labore dolore et. Accusam dolore lorem et amet et odio rebum veniam ullamcorper dolor eirmod erat dolor est dolores dolore lorem. Congue at sea invidunt. Kasd sed odio diam sadipscing at eu feugait et veniam et dolores sanctus dolore. Eirmod consequat illum illum invidunt in sed est. Dolores duo diam augue accusam cum aliquip rebum dolor sit sit sanctus duis. Et ipsum magna diam sanctus dolor ut tempor nibh sed dolore lorem. Sadipscing id adipiscing feugait at laoreet invidunt takimata hendrerit qui feugiat lorem congue takimata ipsum magna lobortis autem. Nonumy dolores gubergren in sanctus dolores. Eirmod sit aliquyam esse ea vero invidunt ut tation assum. Elitr voluptua dolor nihil at stet invidunt consequat takimata tempor euismod feugiat esse at tempor et et. Commodo duo euismod sea no et ut nibh nonumy assum nulla duo sit dolore labore vero rebum accusam in.\n","publishDate":"2020-11-23T21:12:12.4611005+00:00"},{"id":4,"title":"Book 4","description":"Dolor est facer nostrud. Id tempor rebum rebum et sea tempor duo no vel velit rebum vel labore clita. Sed dolores in diam dolore duis dolore clita sit. Consetetur ut sadipscing aliquip rebum nonumy sit duo et dolore stet. Ad dolor aliquyam iriure eos commodo tempor ipsum. Sanctus ipsum consetetur sanctus takimata ea qui gubergren ipsum sanctus dolor volutpat ut vel sed et. Odio ipsum stet erat amet elit lorem ut amet diam kasd dignissim invidunt. At praesent dolores eirmod. Dolore rebum laoreet takimata dolores sea ullamcorper voluptua consetetur voluptua magna lorem et. Ut in facilisi sit erat clita vel nonumy takimata nam te nostrud sea sea. Consetetur amet sit no accusam eum exerci magna diam sit gubergren ut qui quis at lobortis et sed.\n","pageCount":400,"excerpt":"Sed vel et autem voluptua vulputate sadipscing et et vel laoreet wisi. Ipsum amet takimata magna consetetur. Kasd amet augue luptatum est amet. Dolore ipsum duo dolor diam adipiscing sea diam aliquyam nulla ut et. Eleifend option labore gubergren. Aliquyam hendrerit duo rebum ullamcorper dolore justo at dolor nonumy consetetur clita justo sanctus tempor molestie. Enim ut duo in amet. Nihil et elitr sanctus iriure stet consetetur et gubergren dolor eos. Nisl in duo esse invidunt. Sed erat dolor kasd ipsum sea. Labore et nulla invidunt ipsum elitr dignissim kasd amet diam justo dolor takimata diam stet elitr. Praesent tation veniam clita labore sed nonumy in illum nonumy sea duis et invidunt vero et eleifend dolore. Dolor consetetur stet no dolor aliquam eirmod eirmod. Lobortis eum lorem lorem vulputate tincidunt nulla voluptua dolor clita. Et qui sed ad aliquam exerci sit nibh ipsum ea ea feugait dolore sed at lorem possim.\nVelit veniam accusam sadipscing. Eos labore et erat magna sea eos diam ipsum imperdiet nonumy dolore ea wisi accusam. Sea dolore sit ea invidunt ipsum accusam nisl stet consetetur eirmod gubergren et eos nisl lorem consetetur eos. Dolor nonumy et duis consetetur dolores amet est lorem in mazim et et. Dolor consequat justo tempor sadipscing invidunt et adipiscing et. Tempor accusam eirmod sea nulla consetetur labore ullamcorper sadipscing rebum aliquip tempor clita labore vulputate sed.\nDuo stet assum. Justo commodo rebum id. Sit amet tempor invidunt takimata et magna sed vero augue. At diam accumsan tempor diam eros erat. Dolores qui kasd aliquyam consetetur eos rebum. Veniam sed ipsum accumsan. Accusam diam ea sanctus est sadipscing amet ea magna vero feugiat justo est et sed. Ut justo gubergren justo et consetetur aliquyam ut accusam consetetur rebum voluptua justo ut lorem. Lorem autem est ad takimata. Ut amet duo. Et dolor sit diam exerci labore. Duis stet accusam te vero gubergren kasd augue ad ut clita erat erat. Magna at no ipsum no duo sadipscing. Dolore labore diam nobis dolore diam invidunt et consetetur tempor autem accusam lorem eirmod tincidunt et. Illum consetetur justo sea sit eos suscipit et lorem nonumy justo. Clita congue luptatum magna duo ullamcorper sanctus elit. Sit odio exerci magna sed tempor.\nConsetetur elitr kasd nihil duis sadipscing accumsan vero sea facilisis duis diam gubergren facilisis labore sit iriure magna. Dolore sed et dolor voluptua feugiat ut eos sanctus et sed eirmod aliquyam sanctus eirmod no sit dolore sed. Diam takimata laoreet ullamcorper et feugait tempor euismod commodo suscipit amet esse dolor labore dolores dolore at delenit. Ea sea et invidunt ipsum zzril nonumy dolore dolores amet ut eirmod facilisis ea duo duis vero luptatum feugiat. Imperdiet aliquyam sit iusto sit aliquyam eros at eros et consectetuer ut sit veniam clita takimata. In vero amet consetetur diam elitr dolore magna dolor ad et nibh laoreet no eos. Ut vel iriure sanctus dolore dolor dolores est. Diam duis adipiscing sit invidunt invidunt dolor clita consequat. Eos et ut ut dolor ipsum diam. Et elitr dolor est congue nulla est dolores erat. Amet eirmod lorem gubergren diam labore aliquam ipsum ipsum veniam. Rebum kasd ea voluptua at amet kasd et stet eos ut elitr. Duo clita nonummy.\nEos sit et vero sanctus stet no stet diam no labore dolor ipsum takimata consetetur dolor justo eleifend aliquip. Vero et et amet amet tempor ipsum nulla invidunt iriure sanctus sanctus ipsum ut vero aliquam iriure diam lorem. Illum exerci lorem eos ea et labore feugiat ipsum et lorem aliquyam. Takimata nonumy ut takimata justo. Dolor rebum nibh diam. Magna diam eu adipiscing dolore et tincidunt nihil sit invidunt clita illum cum vel nisl consequat. Nonumy enim et sadipscing magna. Dolore autem accumsan. Laoreet eirmod luptatum diam est lorem rebum sed eirmod sanctus dolor iriure sanctus sea qui ut ut nostrud. Minim accusam esse eum sit sea stet in aliquyam sit sadipscing lorem. No vel ipsum lorem rebum sit tation feugiat velit consetetur et sed sit in amet sadipscing et minim dolor. Duo consetetur et sed diam ea. Sadipscing sadipscing labore sed consetetur takimata ea lorem feugait clita est accusam. Sanctus sit voluptua sit et ea amet et. Delenit takimata lorem minim dolore justo et takimata. No congue sit augue nonumy liber justo lorem est. Sed vel ea tempor no aliquam eum et duo sed est eum ea et elitr ad.\n","publishDate":"2020-11-22T21:12:12.4611799+00:00"},{"id":5,"title":"Book 5","description":"At sed vel dolore accusam. Amet sed at te facilisis hendrerit. Quis feugait consequat vero sit et lorem vel elitr tempor sit ipsum feugiat ipsum ea sit. Et voluptua euismod erat diam autem et sit lorem nibh dolor molestie nihil tempor nulla nihil ut voluptua.\n","pageCount":500,"excerpt":"In elitr no eos sit consequat liber amet ut sadipscing dolores erat facilisi. Eirmod eleifend gubergren amet amet kasd sed accusam ut lorem eos takimata rebum erat et et sea dolore et. Autem aliquyam nulla nam ut elitr consetetur dolore ea sanctus nostrud veniam amet placerat ipsum ea dolor. Tation et accusam dolore accusam eros at.\nEirmod labore lorem ut eos dolor facer sed elitr justo eirmod kasd autem dolores. Sanctus commodo vero et kasd eos volutpat sit. Justo est gubergren aliquyam vero diam justo vel. Ut sanctus amet kasd tempor diam delenit vero clita est aliquyam congue facilisis. Est ad delenit elitr sit est vero dolores invidunt et est dolores justo tempor feugait liber ipsum amet at. Te clita nonumy amet sanctus ut sed nam. Aliquyam lorem justo justo sadipscing. Esse sed ipsum duo hendrerit esse velit esse duo dolore accusam lorem hendrerit rebum vero ipsum sit eos amet. Sadipscing tincidunt vel option dolores rebum et nam nam sed dolore diam. Dolore at diam est dolore elit sed vero elitr accusam est takimata magna consequat.\nDiam doming amet diam vulputate clita kasd in volutpat sit sed praesent. Et et eos sed. No dolore ipsum duis rebum sea no dolor labore ipsum. Elitr justo lorem ipsum sit sed consequat accusam iusto erat. Stet soluta suscipit magna dignissim at consetetur voluptua augue et stet lorem ut duo sea sea illum liber magna. Sed eros erat voluptua ex vel vulputate nulla dolore vero labore lorem vero nonumy.\nRebum dolore sit labore justo no vulputate rebum. Et at sit elitr ipsum et illum placerat sed elitr. Ut aliquyam delenit sea odio commodo aliquam esse eu sea. Illum accumsan autem dolor congue duo dolor at justo dolor lorem zzril ut. Elitr molestie dolor est eirmod. Enim diam sanctus sea et duo nulla ipsum esse accusam invidunt dolore accusam qui voluptua possim wisi. Velit et autem et vero blandit takimata rebum ipsum lorem ipsum vero lorem lorem duo. Et dolor wisi diam ea aliquyam voluptua dolore tempor dolor praesent et consetetur minim eum dolor diam dolor sit. Aliquam amet exerci eirmod dolore justo lorem gubergren amet diam adipiscing stet. Stet ipsum vero accusam sed sanctus sadipscing facilisis nostrud. Sed dolor elitr liber ad hendrerit iriure ullamcorper takimata.\nEst possim stet dolore est sit nibh amet dolore tincidunt magna rebum qui ea sed eos aliquyam erat sed. Eirmod gubergren duis dolore. Sed adipiscing et blandit nonumy diam sanctus iusto feugiat sea eos consetetur no sanctus gubergren luptatum. Nibh sanctus aliquyam liber dolor lorem lorem lorem. Feugiat luptatum sanctus rebum amet sadipscing magna. Delenit consequat lorem sed dolor stet justo elitr eirmod takimata enim diam hendrerit voluptua minim. Nonumy lorem est justo duis duo sed sit consequat iriure clita nibh magna dolores diam in. Et voluptua dolore aliquyam ullamcorper sit ex gubergren facilisis.\n","publishDate":"2020-11-21T21:12:12.4612375+00:00"},{"id":6,"title":"Book 6","description":"Sea et sed et amet. At sit nonumy stet facilisis magna in lorem at clita. Ut kasd possim kasd voluptua aliquyam invidunt dolor et erat commodo dolor invidunt no. Rebum sadipscing sadipscing et. In dolor ut sadipscing adipiscing amet vel tempor sed lorem diam in duis nonumy invidunt blandit. Aliquam eirmod consetetur. At aliquyam sit. Praesent dolor lorem feugait et autem gubergren sanctus lorem blandit ad no sit. In no qui duo et accusam eos autem sed voluptua duo. Accusam euismod sed magna. Rebum molestie sit duo commodo nonummy kasd feugiat vero.\n","pageCount":600,"excerpt":"Imperdiet te at no duo sed magna. Amet takimata rebum lorem aliquam ut kasd ad nibh et. Amet diam sanctus dolores zzril sadipscing amet voluptua sit praesent sea suscipit kasd lorem. Invidunt magna ea sadipscing dolore sed sanctus ipsum aliquyam in adipiscing invidunt ex gubergren eirmod ea ipsum. Dolore duo iriure ipsum in et illum suscipit ut diam magna elitr magna erat amet et. Erat praesent et dolores magna consetetur stet at elitr. Vero nostrud gubergren in cum ut accusam et invidunt exerci wisi et sea hendrerit dolor tempor autem et facilisi. Rebum vero duo enim sea erat invidunt rebum amet facilisi dolor erat justo te gubergren amet et dolor. Duo magna at voluptua vero justo et diam ullamcorper sadipscing eirmod ipsum et. Ut dolor eirmod doming kasd sit voluptua vulputate at erat clita exerci consectetuer ipsum. Et duis nobis feugait justo ipsum. Nisl elit sadipscing option. Lorem amet et stet no amet.\nFeugait diam duo eirmod et sed lorem velit sit dolor dolore dolor aliquam facilisis nulla ea. Diam duis feugiat et rebum illum ipsum clita erat dolor sadipscing lorem dolores nisl. Vero amet eos sanctus erat dolor ut erat invidunt lorem tation sit consetetur ipsum amet. Duo laoreet laoreet qui ipsum erat no aliquyam veniam ea accusam sit et takimata. Autem clita invidunt consetetur ut sanctus et diam lorem et enim elitr tempor sit. Sea zzril eos sea at at. Amet elitr sed in diam duis stet magna. Takimata dolores labore stet exerci no ipsum gubergren tempor delenit et iusto dolor est. Eos nibh at in iusto nihil ea dolore et et. Quis amet sadipscing feugiat no eos vero sed exerci at. Laoreet takimata amet kasd erat accusam diam at lorem dolor tempor iusto et et.\nNo sea elitr qui sadipscing diam amet stet lorem dolores feugiat accusam lorem amet elitr at. Lobortis amet vulputate no gubergren duo euismod dolor ut justo minim eros sed vero no no. Rebum consequat justo ut gubergren consequat rebum invidunt sea sit tation et at esse et nulla. Molestie qui magna vel lorem no adipiscing ea elitr et lorem. At nibh et kasd dolore dolor nam.\nAmet et vero et ipsum eos justo magna no dolore. Amet erat et takimata nihil ipsum et sit eirmod vulputate duo et ea ut et nobis sed kasd. Dignissim duo et aliquyam diam accusam vero sadipscing sit dolore. Labore et nonumy eos odio eirmod et stet eirmod ipsum tempor. Est ipsum tempor et no eirmod justo facer diam accusam dolore sed vero ea facilisi. Invidunt invidunt kasd et gubergren consetetur facilisi. Diam elitr vel. Euismod sed imperdiet amet consequat. Rebum sed eum tempor ipsum accusam. Eum consectetuer stet magna nonummy lorem. Ea nonumy voluptua gubergren diam duo ut. Rebum sadipscing sea dolores nulla. Kasd illum quod takimata dolor sit sit quis tempor ex voluptua nonumy elitr dolor. Dolor lorem amet in elitr lorem possim ut. Sed et placerat ipsum diam et dolor dolor adipiscing in. Dolor nonumy ullamcorper illum. Et sit dolor autem.\nAt tempor dolor dignissim est facilisi sea ad takimata accusam et takimata lorem delenit. Sed magna sit ipsum erat nulla esse. In nonumy ad tempor gubergren et autem eirmod vulputate cum minim in tempor sit.\n","publishDate":"2020-11-20T21:12:12.4612929+00:00"},{"id":7,"title":"Book 7","description":"Facilisi eos rebum elit delenit amet et consetetur eu vero et et consequat elitr est. Tempor dolor sed ex tation. Commodo dolor sed sit in accusam invidunt elitr diam diam est dolor eum takimata duis elitr.\n","pageCount":700,"excerpt":"Sanctus justo aliquip erat. Sadipscing dolor eu ea in. No in autem vulputate tempor consetetur eirmod invidunt nostrud consetetur kasd tation exerci labore. Ea duo aliquyam ipsum tempor consetetur clita accumsan in iriure sit. Gubergren molestie amet kasd accusam aliquyam. Aliquyam elitr nonummy iriure.\nSea diam et gubergren consetetur nibh sit. Gubergren erat dolor invidunt aliquip lorem sea dolor et. Lorem dolor volutpat feugiat dolor. Et diam sed qui ipsum gubergren voluptua et lorem invidunt duo. In facilisis delenit clita. Vero duo sanctus feugiat no hendrerit ea ea et gubergren laoreet duis tincidunt. Aliquyam nonumy accumsan sed lorem invidunt id duis consetetur sanctus nibh et amet aliquyam lobortis. Tempor eirmod accusam vel consetetur kasd rebum autem ut aliquam stet accusam dignissim takimata. Amet consequat tempor eirmod luptatum ipsum sit gubergren consetetur consetetur. Vero duis tempor doming nonumy nisl consetetur erat nonumy lorem voluptua sadipscing. Et sea elitr possim. Eos eos erat tempor voluptua duo consequat rebum elitr ipsum dolor invidunt. Voluptua esse ut aliquip zzril dolore augue erat no diam sed blandit sed ut.\nDuo sea consetetur magna at accusam nonumy erat eirmod eos consequat vero gubergren kasd elitr nostrud lorem voluptua amet. Et ut sadipscing dolore sed eos rebum dolor eirmod dolor lorem duo. Aliquyam sed amet sed eirmod tempor tincidunt labore tincidunt amet sea gubergren eirmod et. Labore ipsum zzril sit ut dolore. Dolores zzril erat possim dolor takimata elitr elitr invidunt invidunt diam eum delenit accusam erat invidunt ea nonumy dolor. Ad labore et et ipsum consequat amet stet eos sit eos ipsum dolores et eos aliquyam. Et qui duo no kasd delenit invidunt sanctus stet. At iusto kasd sit vel gubergren iriure erat. Ipsum takimata vel ut sea vel justo et elitr eirmod diam ut dolor dolores vero magna nisl. Aliquyam dolore nonumy erat amet nostrud ea dolore diam dolore ipsum. Eirmod iusto sed sed et in ad eirmod. Elit dolor illum consetetur.\nDiam aliquyam ullamcorper eirmod ex consetetur et zzril stet sed duo sed diam sit. Et eirmod erat elitr sit laoreet labore takimata vel. Et kasd luptatum erat dolores takimata ut. Et at in ipsum sadipscing erat tincidunt sanctus et sit clita dolor. Facer accusam invidunt et no aliquip volutpat dolores rebum aliquyam. Molestie magna lorem clita ut dolore invidunt et labore nulla est at stet vulputate nibh dolore dolores amet.\nFacilisis takimata ipsum tincidunt vel et gubergren et invidunt et minim sed. Volutpat luptatum facilisi rebum nostrud lorem laoreet gubergren. Stet et vel ea sea lorem ipsum et justo accusam lorem et minim lorem dolores vero invidunt sea. Euismod magna ut clita consectetuer et ad accusam eirmod et diam diam. Sit possim sadipscing. Sadipscing aliquyam ea tincidunt sed dolor rebum feugait elitr molestie sanctus duo sea accusam sed sit lorem feugiat sadipscing. Consetetur ipsum id autem et no dolore facilisis dolore vero tempor. Est dolore ut. Sadipscing magna luptatum congue hendrerit ipsum invidunt et exerci dolor autem amet stet consetetur ipsum.\n","publishDate":"2020-11-19T21:12:12.4613423+00:00"},{"id":8,"title":"Book 8","description":"Consequat odio nonumy cum sit elitr molestie duis illum nostrud ut amet et eum. Consectetuer lorem ipsum et ea nibh nonumy sed stet minim ut nibh dolore nibh ea tempor ut nisl exerci. Delenit nonummy sit. Vulputate rebum ut est no diam et facilisis. Eros sed gubergren sed. Ut illum amet ea voluptua elitr sadipscing illum sed et illum euismod eleifend sed. At facilisis sanctus dolores kasd eu amet te et magna mazim et dolore. Et ut sanctus nonumy sit sanctus sed. Et lobortis eum enim sed eos ipsum et et magna. Eirmod et amet labore id lorem dignissim duo diam sed enim ea eum clita feugait accusam ut facilisis aliquyam. Sanctus kasd ipsum gubergren magna magna in diam at hendrerit clita ipsum duo. Iriure esse justo rebum dolore aliquyam rebum et eirmod dolores dolores sit ea ullamcorper blandit. Tempor diam erat ut dolore te duo eos dolor accusam ut amet nam. Dolores vel duis hendrerit amet est sit ipsum gubergren amet ut wisi diam magna sadipscing. Eos voluptua dignissim kasd eirmod qui amet facilisis.\n","pageCount":800,"excerpt":"Consequat dolor amet nulla sadipscing ea sit lorem sit diam ipsum amet sanctus ad amet sit gubergren est labore. Lobortis tempor erat duo lorem labore nonummy aliquyam erat magna. Est sit ea ipsum ipsum sea feugait sea et ut justo. Aliquyam luptatum sit dolores sed diam invidunt dolor nonumy. Ad option duis sit consetetur quis sea ipsum aliquyam dolor justo vero dolor ipsum. Kasd consetetur consetetur ut ipsum sit stet. Sanctus wisi magna volutpat labore hendrerit dolor sadipscing molestie qui dolor et et tempor eos rebum et. Consequat aliquyam et eum eos wisi dolor facilisis aliquyam et sadipscing consetetur tation nonumy amet rebum. Praesent facilisi diam ullamcorper stet invidunt dolores dolore et sit et sea. Nonumy erat duo ea zzril dolore sadipscing te iriure. Vero in no justo ea. Sea takimata et et sadipscing sanctus takimata diam facilisi esse sadipscing. Autem duo blandit eos erat eos duis autem elitr eum takimata molestie. Amet accusam sanctus nobis labore et esse ut molestie veniam sadipscing kasd nam vel amet et at at voluptua. Labore clita diam dolor at sed invidunt takimata. Accusam erat praesent duo ipsum. Labore dolores at magna duo facilisis et kasd lorem at et kasd sed erat. Sit accusam eos dolor tempor eirmod dolor et eros.\nAt labore dolores dolores dolor ipsum elitr sanctus duis odio lorem dolor. Ipsum aliquyam sit takimata voluptua no et consetetur. Sadipscing et voluptua clita et sea. Diam dolore labore clita ipsum dolor esse consetetur est feugiat duo sit invidunt. Et dolor ipsum ut wisi laoreet tempor sanctus duis enim et iriure et. Sit elitr sea sadipscing aliquyam sit quis. Et vulputate sed amet in takimata ipsum sit elitr eros sea lorem et dolor facilisi duis no dignissim sit. Lorem dolor veniam vero dolore sed.\nSed sea iusto invidunt eirmod gubergren esse quis elitr ea amet aliquyam ipsum nobis diam velit duo. Et amet sit feugait ut erat justo facilisi kasd amet gubergren eos duo. Consetetur nonumy esse ut et. Veniam veniam esse erat et consetetur volutpat magna consequat et te sed sed minim euismod ipsum vel diam. Kasd adipiscing magna amet invidunt cum eirmod nulla eirmod aliquip.\nSanctus duo diam vero gubergren vero. Tempor sed feugait ipsum sadipscing duis possim duo dolore sit sanctus. Voluptua elitr veniam nonummy sanctus erat exerci amet eum ipsum ipsum. Ea justo esse lorem eos stet sanctus minim gubergren. Gubergren dolores ea dolor accusam voluptua veniam ut sanctus diam zzril rebum diam molestie rebum gubergren lorem. Et clita stet nisl sadipscing kasd dolore invidunt vero vel. Erat dolor dolore erat ut magna diam at tempor no diam qui sea dolor tempor dolore amet. Et ullamcorper diam gubergren erat vel dolore aliquyam et. Placerat et ad erat aliquyam diam ullamcorper aliquyam voluptua dolores ipsum in dolor esse. Tempor diam hendrerit lorem sanctus sanctus sed magna lobortis no at vel no blandit sadipscing commodo. Nonumy justo dolor adipiscing.\nFacer sit sed takimata takimata labore magna consetetur facilisi magna vero at ut diam at invidunt dolor stet. Gubergren nonumy lorem sea dolor sit dolore eirmod ipsum. Et et aliquam doming blandit tempor ipsum ea elit lorem illum. Sed invidunt invidunt sit in liber sea nulla ipsum dolor eirmod kasd enim et vulputate. Consetetur nibh at rebum labore sadipscing at rebum vero lorem ipsum ipsum eos et sit no sadipscing dolore. Consectetuer facer adipiscing ex sit erat praesent delenit rebum amet sea. Ipsum illum no lorem. Et dolores sadipscing est clita nonumy gubergren clita ea liber hendrerit feugiat aliquip erat dolores amet rebum dolor dolore.\n","publishDate":"2020-11-18T21:12:12.461409+00:00"},{"id":9,"title":"Book 9","description":"Stet esse esse erat veniam duo et dolore est et rebum amet dolor augue diam euismod vel dolore dolor. Et vero sadipscing at dolore dolore ea in diam nisl dolore ullamcorper et. Ut eleifend in. Erat et consetetur sed nihil esse diam aliquyam ex sit. Sadipscing at stet et kasd. Et elitr nostrud magna aliquyam lorem vel. Dignissim eirmod eros veniam justo dolore doming duis no sanctus. Sadipscing consequat magna sea ea dolor at ipsum duis cum at et invidunt kasd elitr sit. Amet rebum nonumy amet illum gubergren diam ipsum dolor labore amet. Magna dolor justo sanctus accusam justo stet diam labore amet sed invidunt est consetetur diam te dolor diam cum. Justo tempor volutpat erat amet dolore elitr dolores. At minim lorem diam stet justo sea vero stet wisi et est eos at et invidunt lorem id. Tempor dolor dolor augue. Eos et consetetur diam velit sanctus.\n","pageCount":900,"excerpt":"Accusam eirmod ut eleifend in sea elitr eum dolore est diam feugait sanctus. Diam nibh sit dolor vel voluptua ut. Labore consectetuer ea iusto. Sed elitr magna labore takimata. Erat ut ut sit velit sed delenit soluta ea sit sit hendrerit. Ipsum ut nisl consectetuer ea kasd sadipscing dolores sadipscing magna tempor sed sit et soluta sed dolor labore et. Dolor dolore invidunt imperdiet consetetur lorem molestie duo dolor tempor. Eirmod est clita et in erat vero et et. Suscipit invidunt iusto dolore gubergren lorem takimata clita ut stet clita doming aliquyam. Est commodo takimata dolor gubergren sit sed. Takimata blandit lorem invidunt nonumy amet ea ea et labore consequat ipsum at sit eirmod quis et dolor. Takimata rebum eos illum sea id voluptua et nonumy voluptua eirmod sanctus doming sea id erat. Aliquip suscipit ea no sit no et sed ipsum ipsum sadipscing hendrerit et sanctus odio sed eirmod ut enim. Et eirmod ullamcorper stet. At sadipscing invidunt sea dolor diam. Et sed clita sadipscing tempor amet consetetur est dignissim et aliquyam consequat et vero eos consetetur duo elit takimata. Voluptua erat accusam rebum lorem sit accumsan accusam amet dolor dolor sit sea no eum et et sit. Et vero dolor eos clita sea stet aliquyam imperdiet dolore ipsum ea dolore augue et.\nUt dolore consetetur invidunt gubergren et est ut est labore diam at rebum sit erat sanctus stet ut. Commodo dolor sea est tempor accusam erat lobortis ut et eos eleifend sed sit. Eu gubergren dolor ut sanctus et dolor dolor sed vero sanctus nonumy. Labore justo clita ipsum tincidunt nobis. Sed lorem amet tation rebum dolore duo et. Erat aliquip et eos sed diam nulla dolor erat in clita takimata ut dolores adipiscing magna consequat. Accusam consectetuer et voluptua et lobortis elitr no labore et augue et dolor dolor et. At elitr et et tempor dolor sea sea ipsum tempor esse volutpat in illum rebum facilisis adipiscing amet. Nonumy aliquyam suscipit at nibh. Ea et et at vero autem sed tempor facilisi. Nonumy vero ea sed vero at stet et invidunt et liber eos consequat sea. Exerci erat tempor aliquyam magna vero stet amet luptatum labore voluptua illum et nulla feugait gubergren elit. Vero et ipsum sit. Vero zzril sit. Takimata ullamcorper amet et duo zzril tempor elit rebum. Takimata eros ut. At cum accumsan ipsum nulla aliquyam sadipscing amet no accusam sed vel gubergren ut.\nEum lorem delenit nostrud sanctus dolore ut sit vero labore amet magna sit invidunt. Invidunt eos labore iriure tincidunt. Vero sed et in elit imperdiet eos labore odio dolores ipsum et eirmod. Facilisis diam et lorem stet dolor at in dolore consequat stet lorem vero aliquyam vel vulputate. Tation cum consetetur et. Rebum et eum ea consequat feugiat et esse elitr vero facilisi takimata ut dolor ipsum. Ipsum iriure molestie vero esse adipiscing sed diam molestie consetetur autem aliquyam dolor rebum justo consetetur no duo dolore. Gubergren duis consequat sit luptatum nonumy diam lobortis. Dolores nostrud nonumy eros dolor ullamcorper eos sed vel vero augue ullamcorper clita sea aliquyam. Sed amet clita et facilisis. Labore stet facilisis justo lorem erat. Dolore sit sanctus vero est et ea. Eos sed dolor dolor odio amet sed et magna lorem. Consetetur ipsum laoreet justo ad eum adipiscing justo eu no sit. Te quis aliquip takimata imperdiet takimata sit voluptua.\nInvidunt ipsum tempor no exerci. Accusam diam dolor amet accusam dolore ipsum vero lorem eos exerci sed vero sit accusam labore nonumy. Sed tempor accusam diam magna nulla rebum facilisi et diam takimata nonumy tempor exerci justo nonumy feugiat velit minim. Nihil lorem takimata eos sea et lorem. Aliquip velit justo takimata ipsum eirmod magna sea. Et no ipsum dolore ipsum duis lorem vel gubergren invidunt sit gubergren nisl et amet velit vel velit sed. Magna magna sadipscing diam velit diam vel aliquam adipiscing vero ipsum nulla kasd dolores sed nulla. Hendrerit lorem laoreet exerci eirmod dolore amet lorem autem ipsum dignissim. Dolor ea consequat dolor gubergren at invidunt et esse quis at dolor ipsum. Invidunt nonumy placerat ipsum tempor est justo duo diam diam accumsan iusto no ipsum tincidunt autem diam elitr vero. Sit no clita tincidunt amet mazim clita aliquyam et dolore vero magna gubergren ipsum clita autem voluptua. Kasd lorem qui consequat voluptua duo dolor nonumy luptatum. Sea sit aliquam dolore sed.\nDiam voluptua dolores ipsum augue eum nonumy ut nulla clita lorem imperdiet sanctus invidunt voluptua diam no rebum. Elit consetetur et nostrud sed clita sed vero assum. Nulla sed sadipscing diam ea invidunt erat no dolores kasd sanctus nulla amet. Sanctus sadipscing te te dolor labore erat kasd molestie nisl volutpat sed sadipscing eos. Invidunt esse justo justo possim. Accusam nibh qui sed sit nonumy magna placerat lorem dolor amet consetetur nobis facilisi duo et magna eos. Labore et eos nonumy et invidunt elitr vero magna magna diam est kasd nonumy nonumy qui congue. Blandit labore clita. Molestie assum consequat consequat ipsum ullamcorper et et ut in sit kasd ullamcorper tation dolor. Nonumy sanctus sea lorem sed te. Wisi vulputate ea dolor ipsum eirmod eu dolor eos elitr. Dolore labore ut assum et dolores. Duis zzril tempor no sed et duis iusto no. Clita et sit odio sed sit ut amet. Dolor accusam aliquip est consetetur et invidunt ipsum sadipscing stet ut vulputate nonumy hendrerit. Erat consetetur commodo nam clita tempor vel dolore facilisis duis esse ut veniam sit est labore.\n","publishDate":"2020-11-17T21:12:12.4615074+00:00"},{"id":10,"title":"Book 10","description":"Duis lorem in lorem tation tincidunt lorem et duo illum. Sanctus est et amet diam sed et duo nihil labore. Duis velit et sanctus in takimata in in nonumy clita diam dolore minim tempor facilisis feugiat ipsum eos invidunt. Voluptua sit facilisi sit consetetur ad et assum nonumy iusto esse te gubergren esse sea. Sea suscipit amet ipsum erat iriure nonummy magna labore accumsan eu iriure ut gubergren delenit consetetur amet gubergren invidunt. Dolores possim amet lorem eos sanctus nonumy amet diam dolores. Diam iriure et hendrerit ipsum vero. Tempor praesent aliquyam. Dolores accusam labore takimata duo amet no sed amet option autem elit tempor. Gubergren ut sed vero lorem rebum diam. Duo dolor lorem magna velit ea accusam sanctus nobis justo vero vero eos sed magna amet tempor consetetur. Invidunt ipsum sed dolor clita vel dolore aliquam et ipsum ipsum autem vero nonumy. Dolor consequat takimata nisl tincidunt sadipscing dolor sadipscing dolor sed gubergren stet dolore duo. Vero aliquam sadipscing eos aliquip congue vero sanctus eirmod nulla accusam diam. Exerci lorem hendrerit. Consequat sanctus diam congue clita option dignissim ea et in sadipscing dolores dolore iusto. Dignissim labore iriure nulla accusam dolor liber sit sea iriure ea voluptua ex et ipsum lorem lorem.\n","pageCount":1000,"excerpt":"Sed elitr erat nonumy kasd vero vero sea justo est aliquam eirmod sit sea consequat dolor ea. Ipsum enim aliquyam et sanctus duis ipsum sadipscing ut sit et kasd diam sed voluptua consetetur dolor tempor diam. Elit vulputate diam. Tempor sit nonumy exerci vel justo dolore eum et eirmod rebum sed feugiat kasd tempor lorem invidunt justo. Eos dolor takimata luptatum sed amet sed euismod feugiat. Accusam nisl clita invidunt dolore erat no et rebum. Lobortis justo velit ut ut stet ipsum nostrud tempor in te sea vero. Ullamcorper duo rebum aliquyam duis stet at sea eos elitr suscipit labore ea est stet magna nostrud tincidunt placerat. Ea lorem et et aliquyam sed elitr consequat facilisis tempor sed stet hendrerit. Amet duo adipiscing aliquyam voluptua sit rebum. Facilisis sit lorem amet nonumy dolor et et diam tempor molestie sit sanctus et nihil takimata et. Est magna magna esse dolor elitr sadipscing diam gubergren doming. Dolore nihil invidunt nulla duo at eos takimata erat dolore consetetur ipsum. Kasd est eum gubergren labore euismod aliquyam nonummy aliquyam nonumy sit enim lorem sanctus. Sanctus sea dolor tempor aliquam laoreet erat tation kasd dignissim eirmod nonummy et labore ipsum dolore gubergren. Doming et autem iriure praesent. Cum diam tempor duo no tempor stet sit dolor erat amet et commodo takimata feugait quis magna wisi. Ipsum amet consetetur zzril consetetur doming delenit aliquip et sit tempor magna.\nSea ipsum dolores lorem consetetur ipsum dolores takimata clita lorem gubergren sit ipsum voluptua lorem et dolore sadipscing. Tempor clita et accumsan tincidunt in elitr feugiat nisl dolor lorem no et aliquam magna. Aliquam sadipscing vero nam dolores qui ipsum id amet est vero commodo ut dolores nostrud accusam nostrud. Duo aliquyam voluptua at elitr kasd ipsum justo erat dolor clita nonumy clita kasd dolores invidunt ad. Sea molestie amet nulla rebum magna at qui amet dolor est sanctus nisl erat dolore diam et. Ea consetetur ut stet lorem erat at labore ut takimata dolore eu adipiscing in ea gubergren stet sed. Kasd et accusam ea at kasd sadipscing rebum et eirmod takimata takimata voluptua sed et accusam iusto ipsum amet. Dolor sit voluptua lorem iusto no dolor dolore velit sit erat amet et voluptua. Ut duis erat sadipscing ipsum clita dolores nisl eirmod. Et dolor laoreet veniam dolores magna kasd ea facilisi sanctus sadipscing diam eos sadipscing eos nulla. Consequat justo ut dolore aliquip ipsum ea feugiat nulla consetetur est elitr at lorem ipsum veniam magna. Dolor eros nobis et lobortis justo vel praesent consetetur dolores consetetur. Invidunt facilisis quod amet et duo in veniam eu vel. Lorem diam aliquip sanctus veniam sit sea consetetur vel at aliquip diam luptatum at nulla. Et elitr duis no autem consequat invidunt sea sadipscing luptatum. Amet consectetuer justo qui in te ex ea aliquyam ipsum illum. Esse tempor et et nulla amet est sadipscing diam kasd lorem labore qui dolore eirmod.\nLorem erat rebum consetetur gubergren sadipscing dolore in sanctus sed magna ut voluptua ipsum nibh gubergren nisl. Nisl elitr nonumy sanctus sea esse velit ut eos dolor invidunt ut no odio. Hendrerit at lorem duo gubergren. Sed gubergren iusto ullamcorper dolore suscipit eros rebum. Sit eum clita enim amet est sea dolor eos sadipscing sanctus quod tempor amet nulla accusam et consetetur ea. Eos invidunt elitr et hendrerit consetetur ex dolores wisi est aliquyam. Accusam gubergren ut dolore et voluptua nonumy ea diam erat sit at accusam dolore et lobortis erat. Dolor ipsum amet sea nulla gubergren nobis consequat. Suscipit justo sed amet duo stet no odio diam accusam dolore duis sadipscing est sit vero consetetur nisl dolores.\nEirmod sadipscing tempor diam lorem luptatum ut rebum aliquam sanctus gubergren. Dolor et voluptua lorem eum et nulla stet diam ea. Autem lorem sea consetetur consetetur et ea sanctus elit euismod consectetuer dolor. Lorem iusto rebum duis eos sea et ea et consetetur elitr accusam. Justo vel et est clita et velit at nonumy eos augue in. Magna est amet amet. Lorem consequat ea consequat at duo et diam accusam eos et tation dolore ut nonumy lorem ea sit invidunt. Duis option ad est ea zzril et diam magna consetetur est ea. Erat eos hendrerit kasd ex et. Et eos stet ea lorem duis clita dolor. Et lorem lorem dolor dolore et eirmod tempor sed erat sadipscing lorem nostrud sea. Consequat sanctus ea ut. Wisi nulla et tincidunt dolor sed ipsum amet vel sit vulputate lorem justo eirmod sadipscing sed sit. Sed hendrerit ut ipsum labore erat ipsum odio te. Invidunt ipsum zzril feugiat quis ipsum enim amet ea amet clita elitr feugiat stet tation at ut sanctus no. Et ipsum clita justo tempor vulputate hendrerit. Hendrerit tempor rebum congue ea dolore luptatum labore lobortis sanctus eos justo diam dolor. Sanctus facilisis tempor.\nAmet in facilisis hendrerit diam et ipsum eirmod diam clita dolor nonumy clita dolor stet erat magna feugiat. Sed liber eos ipsum clita dolore no erat duo ut magna. Amet at quis lobortis lorem at aliquip molestie consetetur laoreet vero takimata facilisi magna. Vero tempor iriure. Vero consetetur feugait et nonummy et ipsum sit eros tempor. Magna ipsum vel justo feugait kasd ut dolor stet lorem amet gubergren. Et sadipscing adipiscing ipsum dolore ipsum ut nulla dolor aliquip takimata volutpat no sea invidunt vel sit feugait. Justo eos gubergren vero. Vero dolore et laoreet diam sea lorem clita. Exerci liber adipiscing. Est ut diam dolor sed sea et dolore dolor duo tempor magna sit elitr dolore sit quis erat iusto. At et at diam id facer et ipsum sed consectetuer sit tempor et accumsan sed nulla duo et et. Eos ut lorem lorem lorem nonumy eirmod et accusam aliquyam eum aliquyam et. Ipsum aliquyam tincidunt consectetuer eros ea et dolores. Nonumy ut dolores kasd kasd dolor tempor eirmod tempor sit invidunt quis diam. At lorem lorem nobis sit magna ipsum diam hendrerit eirmod ipsum et gubergren. Sit et dolor sit voluptua et ea ut eirmod dolores eum dolore dolores dolor dolores labore feugiat ipsum no. Amet consetetur kasd praesent et ut. Lorem sed stet sea vel sed ipsum dolore consectetuer lorem takimata elitr.\n","publishDate":"2020-11-16T21:12:12.4616173+00:00"},{"id":11,"title":"Book 11","description":"Justo vulputate magna est justo zzril sit et sanctus ullamcorper sit et. Labore sanctus lorem magna est tempor sed illum at et voluptua kasd diam dolore ea ex invidunt. At eum duo no euismod eu kasd est esse feugiat. Accusam at diam ut est duo vel et justo invidunt est sadipscing. Voluptua stet lorem amet erat. Erat sed lorem dolor takimata at dolor ipsum aliquyam et ipsum duo dolores. Sea nisl lorem justo at ut magna dolor aliquyam labore. Ut amet diam lorem stet esse et et voluptua no invidunt duo diam et ad tempor. Augue duis elit dolores eirmod ea enim lorem dolor invidunt odio consetetur tempor. Kasd aliquip et. Takimata sadipscing vel ipsum. Vulputate elitr kasd blandit et assum accusam tempor nonummy enim praesent voluptua lorem erat diam justo justo gubergren sit.\n","pageCount":1100,"excerpt":"Sit lorem justo diam nulla. Et amet sanctus sadipscing kasd sed praesent magna voluptua vero magna doming. Sea amet at. Aliquam takimata clita tempor aliquip amet et dolore sit magna magna. Sadipscing sadipscing in ipsum sea aliquam nonumy no magna sanctus ipsum magna labore rebum. Est duo dolor no magna accusam erat erat accusam. Amet diam dolores amet nulla te euismod. Nonumy et qui nulla ipsum sed tation clita adipiscing et duis no magna. Eirmod sed ea ipsum amet. Euismod tempor accusam hendrerit magna commodo eum dolore et at sadipscing. Facer stet et nulla eos delenit ipsum dolor aliquam no est ea est amet duis duis. At magna consectetuer kasd rebum nulla amet minim voluptua eirmod enim amet et lobortis vero. Et tempor amet molestie at justo eirmod. Nonumy elitr lorem ea. Sit at ipsum ea ea imperdiet consetetur sed invidunt nonummy dignissim nonummy. Sit nibh lobortis ea consetetur sit adipiscing invidunt facilisi no clita clita at takimata sadipscing molestie est et. Invidunt eirmod ut stet veniam gubergren gubergren kasd erat ut erat te. Ipsum sanctus eos. Vero no autem ut ipsum diam aliquyam dolores diam vero.\nDolor sed rebum ullamcorper kasd gubergren dolore accusam quis sit. Duo dolore soluta sit sea et magna sadipscing vulputate. Eos rebum sit vero et commodo dolore amet eum accusam odio invidunt possim diam tempor ut. Adipiscing sadipscing et ipsum et diam et aliquyam diam consectetuer tempor dolor blandit no ea aliquam. Lorem doming duo et sit sadipscing eos exerci dolore nulla dolores enim invidunt dolore. Iriure kasd kasd lorem clita magna ea eirmod voluptua. Sadipscing et ea et erat stet facilisi adipiscing et vero feugiat nihil nonumy. Sit sadipscing gubergren et ipsum ipsum dolore ut clita dolor sea mazim diam. Quis sadipscing sea elitr sadipscing sanctus. Voluptua dolores justo ipsum rebum feugiat invidunt dolor nobis voluptua dolore accusam sadipscing ipsum justo lorem. Labore voluptua sit molestie est dignissim ut suscipit dolor vero et diam. Takimata aliquip labore justo ullamcorper voluptua. Aliquyam nonumy consetetur. Vulputate feugiat duo at accusam labore justo at labore voluptua exerci ut dolore qui est ea sit dolores. Aliquip rebum clita dolores vulputate doming. Accumsan velit sadipscing stet sit iriure kasd labore te autem blandit sadipscing ut commodo eos zzril dolor eos lorem. Sanctus molestie eirmod.\nVel amet dolore ipsum diam. Lorem lorem eirmod gubergren nulla rebum sea quod. Te exerci no gubergren vel sed dolore. Magna et kasd sadipscing lorem imperdiet duis takimata justo vel eos tempor aliquam est ut et et. Consetetur ut dolor elitr dolor clita ipsum et justo iriure at vero dolore lorem. Lorem vel dolore et dolore kasd dolor enim ut amet. Invidunt nonumy sadipscing eos vero voluptua diam. Dolor dolor dolor et ipsum dolore augue et ut et et in sit vero.\nKasd justo dolores amet facilisis elitr ipsum nam luptatum ut voluptua no. Amet dolor lorem. Odio dolor tempor sed et sit labore lorem enim. Clita dolor nisl eirmod clita duo sanctus exerci sea gubergren diam. Velit consetetur et sanctus rebum. Nonumy invidunt sea blandit soluta voluptua. Accusam et sadipscing dolore wisi et amet clita. Vero lobortis stet magna eu diam vero. Consetetur sanctus velit ipsum elit voluptua amet lorem esse sea lorem sed est amet erat sed. In invidunt augue tempor exerci voluptua magna sanctus sed. Vel tincidunt veniam sea lorem. Ut accumsan consequat et elitr no sea magna no amet lorem sit labore hendrerit et ut. Dolore sadipscing est vel invidunt suscipit erat. Dolor esse takimata eu nisl amet. Sit ipsum lorem est accusam no clita magna sed dolore eum duis lobortis ut et et feugait exerci. Facilisis et minim. Et tempor praesent duis consetetur dignissim sit. Sit ut iusto sit ut lorem at ea dolore et clita tempor duis facilisi sadipscing consetetur. At est et et sed duis.\nAliquyam eirmod duo et rebum dolores consetetur diam sed no. Dolore nonumy invidunt ad. Duis dolor quis lorem invidunt sed facilisis consetetur eos. Et labore cum ipsum sanctus et. Sea lorem ea takimata veniam magna tempor consequat amet erat autem. Minim illum et elitr magna elitr justo diam amet et nonumy aliquyam sea lorem ullamcorper autem kasd iriure justo. Eos dolore delenit enim. Hendrerit invidunt dolore vero invidunt justo sit sed sadipscing euismod. Enim placerat molestie sanctus liber erat justo eirmod commodo cum amet sit vulputate hendrerit et sea eu te sed. Et gubergren rebum diam eos vulputate et diam amet diam soluta consequat liber esse ipsum vulputate dignissim. Dolores sadipscing clita eros clita sadipscing tincidunt eos gubergren duo gubergren clita. Duo dolore congue ipsum lorem rebum. Et duo rebum molestie nam nonumy dolor illum. Ipsum tempor eirmod eirmod et clita labore duo. Magna ea magna amet diam lorem invidunt nonumy clita molestie sit takimata vel ipsum. Eos dolore lorem aliquyam voluptua est eos elitr sadipscing kasd sea luptatum lobortis vero sit vulputate. Aliquyam feugait eos sadipscing dolores et sed rebum amet sit sed dolor dolores ut ut et stet et. Stet lorem elitr eirmod at et diam dolores ipsum ex.\n","publishDate":"2020-11-15T21:12:12.4617089+00:00"},{"id":12,"title":"Book 12","description":"Consetetur te justo iriure elitr ullamcorper dolore odio nihil ut et no tempor consetetur facilisis feugait feugiat. Consetetur te no. Nostrud amet eirmod nam ipsum consectetuer sit et eirmod vel dignissim tempor cum sed ea at. Duis feugiat nonumy takimata eirmod eirmod commodo duo aliquyam amet facilisis. Erat vero assum eos erat dolore ut sed lorem exerci enim accumsan illum invidunt soluta velit. Ullamcorper vel sed facilisi ea wisi sed stet at. Takimata molestie vero justo sit. Amet sadipscing voluptua dolore rebum tincidunt no diam dolores nonumy invidunt invidunt liber. Dolor tempor diam sed aliquyam labore amet eu lorem in. Sadipscing ipsum elitr ex lobortis ipsum hendrerit quis sanctus ipsum. Voluptua facilisi accusam invidunt sed velit est gubergren. Eros sadipscing duis nonumy eirmod no nulla delenit consequat diam erat consetetur. In est erat soluta sea eos elitr kasd nam et no at. Accusam amet justo elitr eu sadipscing nonumy nonumy lorem et nonumy ipsum rebum dolor exerci consetetur. Et nonumy blandit takimata invidunt ut consequat ut magna iriure ea justo est consetetur in rebum gubergren aliquam dolor.\n","pageCount":1200,"excerpt":"Sea in est diam vulputate nonumy consequat lorem amet erat soluta volutpat sed aliquyam ipsum tincidunt. Justo facilisis dignissim labore ipsum et dolor sea nibh et zzril nonumy lorem et kasd. Et kasd sit enim dolores facilisis eros sit sea tempor et praesent magna. Rebum lorem sea esse qui praesent vero kasd facilisis. Labore stet gubergren duo dolores voluptua at zzril sed labore duis justo dolor kasd in sea eirmod dignissim. Sed option tempor vulputate tempor sed vero ea wisi tempor dolore feugait iusto eleifend enim. Lorem ut accumsan et enim kasd sanctus consetetur tempor sit iriure dolor ipsum ea aliquyam dolore lorem. Sit lorem sit eos vero. Sed amet sed duis erat mazim diam vulputate dolor. Sit magna dolor odio.\nVel nostrud et diam autem vero invidunt magna takimata dolore suscipit invidunt lorem aliquyam blandit magna kasd rebum elitr. Et vero enim amet sanctus tempor erat volutpat illum lorem labore ex consetetur ut consetetur. Vel illum amet amet gubergren ipsum velit. Tempor lorem diam nonumy stet qui diam duo. Est labore et ipsum nibh labore justo vero duo. Sit ipsum sanctus ut autem tempor et sit diam rebum vero. Ex eirmod dolore sea dolor nonumy et lorem et erat illum accusam eos dolor diam. Sadipscing sit magna voluptua sed ut in illum dolore. Facer ipsum aliquyam suscipit amet justo duo no delenit sed amet illum ea.\nAmet illum sanctus ipsum labore justo nulla no aliquyam dolor veniam dolore amet accusam labore erat dolore vero. Duo consetetur sed voluptua sed et lorem rebum liber eirmod voluptua eum. Dolor dolore eros nonumy et stet dolor eros no tempor et accusam sea invidunt duo eirmod. Sed labore takimata diam iriure amet elitr est sed. Magna sanctus voluptua. At diam at magna justo minim iriure invidunt amet aliquyam. Exerci amet elitr tempor esse. Ut voluptua vero. Eirmod vulputate rebum sea. Ut labore esse est. Odio et eu nulla stet dolores. Ipsum vel amet elitr nonumy diam elitr est amet sit erat velit justo amet erat sit. Invidunt diam erat vero tempor sed iriure vel nulla. Sit accumsan duo dolore elitr odio vero tempor amet vero clita ipsum sed eirmod consequat dolore labore illum ipsum. Nisl elitr et diam iusto laoreet eirmod ipsum clita et diam stet duis. Erat veniam magna velit voluptua ipsum amet sea clita voluptua tincidunt nonumy autem diam accusam aliquyam gubergren.\nEt voluptua ipsum takimata sed diam molestie eu voluptua. Sit labore praesent et stet elitr sanctus amet ad elitr sit elitr commodo elit sanctus dolores enim vero. Doming placerat takimata sed delenit feugiat accusam voluptua et diam feugait velit assum dolor et duis elitr. Lorem dolor et et in minim lorem duo stet diam elitr sit mazim consetetur facilisis molestie amet soluta. Facilisi justo nonumy et et labore gubergren takimata nisl et diam et et rebum takimata erat takimata. Aliquyam lorem ad sea amet enim consetetur. Accusam et et gubergren est ipsum commodo cum justo. Ea consetetur lorem lorem vero est ea veniam vero eu nostrud tempor ut ipsum diam dolore. Commodo duis gubergren eos sadipscing magna rebum sit stet et eum tempor tempor dolores lorem rebum et stet rebum. Dolore vel no nonumy ipsum dolor consequat. Ut magna duo esse sanctus et lorem ipsum ipsum dolor vulputate clita invidunt invidunt ea nibh voluptua. Invidunt minim amet facilisi ipsum labore tempor dolores sanctus est placerat consetetur possim dolor ipsum. Gubergren dolore facilisi est rebum et dolores amet. Ea elitr ut wisi amet et dolor dolor erat est et dolore erat amet. Sit accusam kasd amet magna no augue ipsum rebum. Autem et tempor et no ipsum id lorem rebum eirmod. Elitr aliquam gubergren nulla consetetur aliquyam gubergren luptatum diam esse erat eirmod sed diam quod clita accusam rebum. Ipsum possim stet et enim dolor no voluptua sit takimata amet et. Sanctus feugait lorem et amet labore.\nStet et tempor voluptua rebum amet dolor kasd et consequat et ut clita invidunt laoreet lorem cum. Aliquyam qui et iusto accumsan nobis est consectetuer magna ex ut velit eum wisi dolore invidunt. Dolores duo sed lobortis sit. Ea tempor diam accusam dolor invidunt et eirmod ea ut et. Erat dolore congue illum. Accusam duis ea et ipsum diam nonumy est ut nisl accusam est. Stet facilisi erat sed tation ut nisl iriure takimata duis consetetur clita. Laoreet dolore hendrerit sed illum dolores. Sed et lorem consequat. Clita te amet et accumsan ea adipiscing dolore kasd et lorem clita tempor dolores quis diam ullamcorper ipsum. Possim lorem sed et. Stet sit eos justo ipsum te consetetur dolor kasd amet te at eirmod sed. Adipiscing quod elit autem luptatum gubergren erat ut dolores ut sea eirmod est sit dolor consetetur dolor et et. Nostrud elitr magna autem duo duis sit qui. Dolor hendrerit accumsan eum aliquyam diam amet dolor nulla et eos dolores kasd accumsan dolore amet takimata. Sit magna dolor et ipsum stet at nonumy diam at dolore lorem.\n","publishDate":"2020-11-14T21:12:12.470967+00:00"},{"id":13,"title":"Book 13","description":"Erat molestie at dolores labore dolor ullamcorper sed dolor dignissim et et sadipscing est ut dolor praesent diam kasd. Vel aliquyam ipsum ea invidunt et liber at lorem sit feugait magna ex gubergren nonumy sea duis magna diam. Sed diam erat ea nisl. Consetetur lorem tempor lorem sit. Eirmod erat lorem nonumy dolore gubergren ea eum ut amet. Labore kasd euismod delenit et dolore consetetur invidunt ipsum diam. Aliquyam lorem voluptua luptatum nonummy consectetuer consetetur praesent tempor sit et sit diam sea at labore. Lorem amet ea erat diam kasd erat. Diam ut clita nisl consetetur duo vero invidunt no ea molestie stet. Ea sit ipsum justo stet labore augue rebum ea takimata voluptua dolore sadipscing et stet amet amet tempor. Feugiat diam blandit takimata et amet consetetur diam ad at duo sadipscing takimata et tation velit. Erat kasd ea. Ad at consequat duo invidunt dolore aliquam ut at placerat in. Sed et magna magna elitr lorem. Justo vero labore ipsum illum vel et elit enim tempor labore dolores hendrerit eirmod eu amet ut nonumy.\n","pageCount":1300,"excerpt":"Nonumy quod et et eirmod takimata nulla illum eirmod nibh diam takimata eum erat amet labore vel eos. Lorem dolores consetetur dolor vero justo euismod justo feugait nostrud et et elitr labore vero qui amet dolore clita. Et sit ipsum sadipscing tempor amet magna mazim duo sadipscing feugiat vel vel. Tempor aliquyam amet lorem sed lorem adipiscing invidunt et voluptua est labore ut et invidunt dolores. Diam et dolore consetetur et diam. Rebum tincidunt esse et suscipit ut magna et ad ipsum sit tempor eum esse labore sea labore invidunt aliquyam. Iusto iusto elit no sanctus amet sadipscing nonumy et et sed ea et consetetur. Sanctus amet congue ex ut. Diam blandit erat voluptua sadipscing eum aliquyam et dolore sanctus hendrerit sed tempor rebum sea sadipscing quis iriure. Ut sed et feugait id stet no et clita. Nulla est dignissim accumsan labore enim justo invidunt et stet at erat dolores iusto dolores vel. Aliquyam aliquyam eleifend clita consequat dolor amet lorem ipsum eos. Molestie sit labore amet dolor elitr ut qui eirmod molestie lorem nulla sed et iriure et no erat at. Eros vero amet erat dolor magna dolores facilisi dolor at. Dolor no kasd duis eirmod diam magna iriure vero in ut dolor erat eros. No est diam dignissim eleifend accusam diam et amet stet sit est elitr. Voluptua kasd sit rebum at takimata invidunt sed voluptua nulla aliquam lorem praesent ut vero kasd.\nInvidunt et eirmod eum luptatum eu sadipscing aliquyam. Commodo eu consectetuer sed velit nonumy at lorem diam lorem labore lorem qui consectetuer vel eu. Et sit accusam vero eos aliquyam invidunt sea tempor no labore aliquyam dolore ex dolor.\nTakimata sit takimata praesent lorem. Sadipscing dolor dolor sit sadipscing ex ad et sea dolores duo option elitr dolores facilisis et sed zzril soluta. Magna at justo lorem facilisis aliquyam labore dolore at nihil accusam option labore. Nonumy feugait voluptua eum sadipscing lorem dignissim iusto feugait facilisis sanctus lorem clita. Aliquyam et no quod. Nihil aliquyam ut labore feugiat invidunt rebum et amet kasd gubergren magna duo et aliquam facilisi et.\nAccusam stet duis elitr eu invidunt eirmod euismod. Magna magna sadipscing molestie iriure amet tempor kasd eum facilisis erat sed aliquyam ipsum. Doming ipsum eu. Nisl sea stet enim dolores sanctus aliquam et ipsum nisl eirmod sadipscing euismod. Nonummy est lorem justo elitr lobortis velit. No ea sea et no. Eu nibh eum duis ut exerci justo sed sit takimata sed gubergren et magna ut lorem est eu. Adipiscing ut rebum lorem nonummy et sed sea. Justo lorem sanctus ipsum ipsum feugiat. Eirmod voluptua et dolor. Sed velit eirmod elitr hendrerit magna consectetuer sanctus elitr diam sadipscing at justo sed sanctus magna nonumy tempor no. Qui gubergren et volutpat sit erat tation no diam sit. Et illum wisi ipsum. Gubergren vel amet feugait augue dolore soluta rebum sanctus no sed. Laoreet dolor lorem. No odio eos feugiat dolore nobis at congue.\nKasd vero gubergren kasd stet justo eos kasd est euismod vulputate consequat ut et nibh sea. Ut labore adipiscing wisi ad dolor diam lorem no accusam vero eum diam sed invidunt. Sed nonumy in eos sit amet nonummy ipsum lorem justo accumsan accusam magna consequat. Diam eros diam ut ipsum kasd ut dolor nisl accusam iriure nisl ipsum dolore veniam diam labore sit. Duis diam autem soluta ipsum dignissim facilisi dolor ip
[...]
<doc>Verifies that the given item is not empty.</doc>
<arguments>
<arg>${RESPOSTA.json()["description"]}</arg>
</arguments>
<msg timestamp="20201126 18:12:16.792" level="INFO">Length is 1009</msg>
<status status="PASS" starttime="20201126 18:12:16.792" endtime="20201126 18:12:16.792"></status>
</kw>
<kw name="Should Not Be Empty" library="BuiltIn">
<doc>Verifies that the given item is not empty.</doc>
<arguments>
<arg>${RESPOSTA.json()["excerpt"]}</arg>
</arguments>
<msg timestamp="20201126 18:12:16.792" level="INFO">Length is 4843</msg>
<status status="PASS" starttime="20201126 18:12:16.792" endtime="20201126 18:12:16.792"></status>
</kw>
<kw name="Should Not Be Empty" library="BuiltIn">
<doc>Verifies that the given item is not empty.</doc>
<arguments>
<arg>${RESPOSTA.json()["publishDate"]}</arg>
</arguments>
<msg timestamp="20201126 18:12:16.792" level="INFO">Length is 33</msg>
<status status="PASS" starttime="20201126 18:12:16.792" endtime="20201126 18:12:16.792"></status>
</kw>
<status status="PASS" starttime="20201126 18:12:16.792" endtime="20201126 18:12:16.792"></status>
</kw>
<status status="PASS" starttime="20201126 18:12:16.495" endtime="20201126 18:12:16.792" critical="yes"></status>
</test>
<test id="s1-s1-t3" name="Cadastrar um novo livro (POST)">
<kw name="Cadastrar um novo livro" library="ResourceAPIBooks">
<kw name="Post Request" library="RequestsLibrary">
<doc>Send a POST request on the session object found using the
given `alias`</doc>
<arguments>
<arg>fakeAPI</arg>
<arg>api/v1/Books</arg>
<arg>data={"id": ${BOOK_201.id},"title": "${BOOK_201.title}","description": "${BOOK_201.description}","pageCount": ${BOOK_201.pageCount},"excerpt": "${BOOK_201.excerpt}","publishDate": "${BOOK_201.publishDate}"}</arg>
<arg>headers=${HEADERS}</arg>
</arguments>
<assign>
<var>${RESPOSTA}</var>
</assign>
<msg timestamp="20201126 18:12:17.026" level="INFO">POST Request : url=https://fakerestapi.azurewebsites.net/api/v1/Books 
 path_url=/api/v1/Books 
 headers={'User-Agent': 'python-requests/2.24.0', 'Accept-Encoding': 'gzip, deflate', 'Accept': '*/*', 'Connection': 'keep-alive', 'content-type': 'application/json', 'Content-Length': '190'} 
 body=b'{"id": 201,"title": "Meu novo Book","description": "Meu novo livro conta coisas fant\xc3\xa1sticas","pageCount": 523,"excerpt": "Meu Novo livro \xc3\xa9 massa","publishDate": "2018-04-26T17:58:14.765Z"}' 
 </msg>
<msg timestamp="20201126 18:12:17.026" level="INFO">POST Response : url=https://fakerestapi.azurewebsites.net/api/v1/Books 
 status=200, reason=OK 
 body={"id":201,"title":"Meu novo Book","description":"Meu novo livro conta coisas fantásticas","pageCount":523,"excerpt":"Meu Novo livro é massa","publishDate":"2018-04-26T17:58:14.765Z"} 
 </msg>
<msg timestamp="20201126 18:12:17.026" level="INFO">c:\users\gabriel\appdata\local\programs\python\python39\lib\site-packages\urllib3\connectionpool.py:981: InsecureRequestWarning: Unverified HTTPS request is being made to host 'fakerestapi.azurewebsites.net'. Adding certificate verification is strongly advised. See: https://urllib3.readthedocs.io/en/latest/advanced-usage.html#ssl-warnings
  warnings.warn(</msg>
<msg timestamp="20201126 18:12:17.042" level="INFO">${RESPOSTA} = &lt;Response [200]&gt;</msg>
<status status="PASS" starttime="20201126 18:12:16.807" endtime="20201126 18:12:17.042"></status>
</kw>
<kw name="Log" library="BuiltIn">
<doc>Logs the given message with the given level.</doc>
<arguments>
<arg>${RESPOSTA.text}</arg>
</arguments>
<msg timestamp="20201126 18:12:17.042" level="INFO">{"id":201,"title":"Meu novo Book","description":"Meu novo livro conta coisas fantásticas","pageCount":523,"excerpt":"Meu Novo livro é massa","publishDate":"2018-04-26T17:58:14.765Z"}</msg>
<status status="PASS" starttime="20201126 18:12:17.042" endtime="20201126 18:12:17.042"></status>
</kw>
<kw name="Set Test Variable" library="BuiltIn">
<doc>Makes a variable available everywhere within the scope of the current test.</doc>
<arguments>
<arg>${RESPOSTA}</arg>
</arguments>
<msg timestamp="20201126 18:12:17.042" level="INFO">${RESPOSTA} = &lt;Response [200]&gt;</msg>
<status status="PASS" starttime="20201126 18:12:17.042" endtime="20201126 18:12:17.042"></status>
</kw>
<status status="PASS" starttime="20201126 18:12:16.807" endtime="20201126 18:12:17.042"></status>
</kw>
<kw name="Conferir o status code" library="ResourceAPIBooks">
<arguments>
<arg>200</arg>
</arguments>
<kw name="Should Be Equal As Strings" library="BuiltIn">
<doc>Fails if objects are unequal after converting them to strings.</doc>
<arguments>
<arg>${RESPOSTA.status_code}</arg>
<arg>${STATUSCODE_DESEJADO}</arg>
</arguments>
<msg timestamp="20201126 18:12:17.042" level="INFO">Argument types are:
&lt;class 'int'&gt;
&lt;type 'unicode'&gt;</msg>
<status status="PASS" starttime="20201126 18:12:17.042" endtime="20201126 18:12:17.042"></status>
</kw>
<status status="PASS" starttime="20201126 18:12:17.042" endtime="20201126 18:12:17.042"></status>
</kw>
<kw name="Conferir o reason" library="ResourceAPIBooks">
<arguments>
<arg>OK</arg>
</arguments>
<kw name="Should Be Equal As Strings" library="BuiltIn">
<doc>Fails if objects are unequal after converting them to strings.</doc>
<arguments>
<arg>${RESPOSTA.reason}</arg>
<arg>${REASON_DESEJADO}</arg>
</arguments>
<status status="PASS" starttime="20201126 18:12:17.042" endtime="20201126 18:12:17.042"></status>
</kw>
<status status="PASS" starttime="20201126 18:12:17.042" endtime="20201126 18:12:17.042"></status>
</kw>
<kw name="Conferir se retorna todos os dados cadastrados do livro &quot;201&quot;" library="ResourceAPIBooks">
<kw name="Conferir livro" library="ResourceAPIBooks">
<arguments>
<arg>${ID_LIVRO}</arg>
</arguments>
<kw name="Dictionary Should Contain Item" library="Collections">
<doc>An item of ``key`` / ``value`` must be found in a ``dictionary``.</doc>
<arguments>
<arg>${RESPOSTA.json()}</arg>
<arg>id</arg>
<arg>${BOOK_${ID_LIVRO}.id}</arg>
</arguments>
<status status="PASS" starttime="20201126 18:12:17.042" endtime="20201126 18:12:17.042"></status>
</kw>
<kw name="Dictionary Should Contain Item" library="Collections">
<doc>An item of ``key`` / ``value`` must be found in a ``dictionary``.</doc>
<arguments>
<arg>${RESPOSTA.json()}</arg>
<arg>title</arg>
<arg>${BOOK_${ID_LIVRO}.title}</arg>
</arguments>
<status status="PASS" starttime="20201126 18:12:17.042" endtime="20201126 18:12:17.042"></status>
</kw>
<kw name="Dictionary Should Contain Item" library="Collections">
<doc>An item of ``key`` / ``value`` must be found in a ``dictionary``.</doc>
<arguments>
<arg>${RESPOSTA.json()}</arg>
<arg>description</arg>
<arg>${BOOK_${ID_LIVRO}.description}</arg>
</arguments>
<status status="PASS" starttime="20201126 18:12:17.042" endtime="20201126 18:12:17.042"></status>
</kw>
<kw name="Dictionary Should Contain Item" library="Collections">
<doc>An item of ``key`` / ``value`` must be found in a ``dictionary``.</doc>
<arguments>
<arg>${RESPOSTA.json()}</arg>
<arg>pageCount</arg>
<arg>${BOOK_${ID_LIVRO}.pageCount}</arg>
</arguments>
<status status="PASS" starttime="20201126 18:12:17.042" endtime="20201126 18:12:17.042"></status>
</kw>
<kw name="Dictionary Should Contain Item" library="Collections">
<doc>An item of ``key`` / ``value`` must be found in a ``dictionary``.</doc>
<arguments>
<arg>${RESPOSTA.json()}</arg>
<arg>excerpt</arg>
<arg>${BOOK_${ID_LIVRO}.excerpt}</arg>
</arguments>
<status status="PASS" starttime="20201126 18:12:17.042" endtime="20201126 18:12:17.042"></status>
</kw>
<kw name="Dictionary Should Contain Item" library="Collections">
<doc>An item of ``key`` / ``value`` must be found in a ``dictionary``.</doc>
<arguments>
<arg>${RESPOSTA.json()}</arg>
<arg>publishDate</arg>
<arg>${BOOK_${ID_LIVRO}.publishDate}</arg>
</arguments>
<status status="PASS" starttime="20201126 18:12:17.042" endtime="20201126 18:12:17.042"></status>
</kw>
<status status="PASS" starttime="20201126 18:12:17.042" endtime="20201126 18:12:17.042"></status>
</kw>
<status status="PASS" starttime="20201126 18:12:17.042" endtime="20201126 18:12:17.042"></status>
</kw>
<status status="PASS" starttime="20201126 18:12:16.807" endtime="20201126 18:12:17.042" critical="yes"></status>
</test>
<test id="s1-s1-t4" name="Alterar um livro (PUT)">
<kw name="Alterar o livro &quot;150&quot;" library="ResourceAPIBooks">
<kw name="Put Request" library="RequestsLibrary">
<doc>Send a PUT request on the session object found using the
given `alias`</doc>
<arguments>
<arg>fakeAPI</arg>
<arg>api/v1/Books/${ID_LIVRO}</arg>
<arg>data={"id": ${BOOK_150.id},"title": "${BOOK_150.title}","description": "${BOOK_150.description}","pageCount": ${BOOK_150.pageCount},"excerpt": "${BOOK_150.excerpt}","publishDate": "${BOOK_150.publishDate}"}</arg>
<arg>headers=${HEADERS}</arg>
</arguments>
<assign>
<var>${RESPOSTA}</var>
</assign>
<msg timestamp="20201126 18:12:17.292" level="INFO">PUT Request : url=https://fakerestapi.azurewebsites.net/api/v1/Books/150 
 path_url=/api/v1/Books/150 
 headers={'User-Agent': 'python-requests/2.24.0', 'Accept-Encoding': 'gzip, deflate', 'Accept': '*/*', 'Connection': 'keep-alive', 'content-type': 'application/json', 'Content-Length': '188'} 
 body=b'{"id": 150,"title": "Book 150 alterado","description": "Descri\xc3\xa7\xc3\xa3o do book 150 alteada","pageCount": 600,"excerpt": "Resumo do book 150 alteado","publishDate": "2017-04-26T15:58:14.765Z"}' 
 </msg>
<msg timestamp="20201126 18:12:17.292" level="INFO">PUT Response : url=https://fakerestapi.azurewebsites.net/api/v1/Books/150 
 status=200, reason=OK 
 body={"id":150,"title":"Book 150 alterado","description":"Descrição do book 150 alteada","pageCount":600,"excerpt":"Resumo do book 150 alteado","publishDate":"2017-04-26T15:58:14.765Z"} 
 </msg>
<msg timestamp="20201126 18:12:17.292" level="INFO">c:\users\gabriel\appdata\local\programs\python\python39\lib\site-packages\urllib3\connectionpool.py:981: InsecureRequestWarning: Unverified HTTPS request is being made to host 'fakerestapi.azurewebsites.net'. Adding certificate verification is strongly advised. See: https://urllib3.readthedocs.io/en/latest/advanced-usage.html#ssl-warnings
  warnings.warn(</msg>
<msg timestamp="20201126 18:12:17.292" level="INFO">${RESPOSTA} = &lt;Response [200]&gt;</msg>
<status status="PASS" starttime="20201126 18:12:17.057" endtime="20201126 18:12:17.292"></status>
</kw>
<kw name="Log" library="BuiltIn">
<doc>Logs the given message with the given level.</doc>
<arguments>
<arg>${RESPOSTA.text}</arg>
</arguments>
<msg timestamp="20201126 18:12:17.292" level="INFO">{"id":150,"title":"Book 150 alterado","description":"Descrição do book 150 alteada","pageCount":600,"excerpt":"Resumo do book 150 alteado","publishDate":"2017-04-26T15:58:14.765Z"}</msg>
<status status="PASS" starttime="20201126 18:12:17.292" endtime="20201126 18:12:17.292"></status>
</kw>
<kw name="Set Test Variable" library="BuiltIn">
<doc>Makes a variable available everywhere within the scope of the current test.</doc>
<arguments>
<arg>${RESPOSTA}</arg>
</arguments>
<msg timestamp="20201126 18:12:17.292" level="INFO">${RESPOSTA} = &lt;Response [200]&gt;</msg>
<status status="PASS" starttime="20201126 18:12:17.292" endtime="20201126 18:12:17.292"></status>
</kw>
<status status="PASS" starttime="20201126 18:12:17.057" endtime="20201126 18:12:17.292"></status>
</kw>
<kw name="Conferir o status code" library="ResourceAPIBooks">
<arguments>
<arg>200</arg>
</arguments>
<kw name="Should Be Equal As Strings" library="BuiltIn">
<doc>Fails if objects are unequal after converting them to strings.</doc>
<arguments>
<arg>${RESPOSTA.status_code}</arg>
<arg>${STATUSCODE_DESEJADO}</arg>
</arguments>
<msg timestamp="20201126 18:12:17.307" level="INFO">Argument types are:
&lt;class 'int'&gt;
&lt;type 'unicode'&gt;</msg>
<status status="PASS" starttime="20201126 18:12:17.307" endtime="20201126 18:12:17.307"></status>
</kw>
<status status="PASS" starttime="20201126 18:12:17.307" endtime="20201126 18:12:17.307"></status>
</kw>
<kw name="Conferir o reason" library="ResourceAPIBooks">
<arguments>
<arg>OK</arg>
</arguments>
<kw name="Should Be Equal As Strings" library="BuiltIn">
<doc>Fails if objects are unequal after converting them to strings.</doc>
<arguments>
<arg>${RESPOSTA.reason}</arg>
<arg>${REASON_DESEJADO}</arg>
</arguments>
<status status="PASS" starttime="20201126 18:12:17.307" endtime="20201126 18:12:17.307"></status>
</kw>
<status status="PASS" starttime="20201126 18:12:17.307" endtime="20201126 18:12:17.307"></status>
</kw>
<kw name="Conferir se retorna todos os dados alterados do livro &quot;150&quot;" library="ResourceAPIBooks">
<kw name="Conferir livro" library="ResourceAPIBooks">
<arguments>
<arg>${ID_LIVRO}</arg>
</arguments>
<kw name="Dictionary Should Contain Item" library="Collections">
<doc>An item of ``key`` / ``value`` must be found in a ``dictionary``.</doc>
<arguments>
<arg>${RESPOSTA.json()}</arg>
<arg>id</arg>
<arg>${BOOK_${ID_LIVRO}.id}</arg>
</arguments>
<status status="PASS" starttime="20201126 18:12:17.307" endtime="20201126 18:12:17.307"></status>
</kw>
<kw name="Dictionary Should Contain Item" library="Collections">
<doc>An item of ``key`` / ``value`` must be found in a ``dictionary``.</doc>
<arguments>
<arg>${RESPOSTA.json()}</arg>
<arg>title</arg>
<arg>${BOOK_${ID_LIVRO}.title}</arg>
</arguments>
<status status="PASS" starttime="20201126 18:12:17.307" endtime="20201126 18:12:17.307"></status>
</kw>
<kw name="Dictionary Should Contain Item" library="Collections">
<doc>An item of ``key`` / ``value`` must be found in a ``dictionary``.</doc>
<arguments>
<arg>${RESPOSTA.json()}</arg>
<arg>description</arg>
<arg>${BOOK_${ID_LIVRO}.description}</arg>
</arguments>
<status status="PASS" starttime="20201126 18:12:17.307" endtime="20201126 18:12:17.307"></status>
</kw>
<kw name="Dictionary Should Contain Item" library="Collections">
<doc>An item of ``key`` / ``value`` must be found in a ``dictionary``.</doc>
<arguments>
<arg>${RESPOSTA.json()}</arg>
<arg>pageCount</arg>
<arg>${BOOK_${ID_LIVRO}.pageCount}</arg>
</arguments>
<status status="PASS" starttime="20201126 18:12:17.307" endtime="20201126 18:12:17.307"></status>
</kw>
<kw name="Dictionary Should Contain Item" library="Collections">
<doc>An item of ``key`` / ``value`` must be found in a ``dictionary``.</doc>
<arguments>
<arg>${RESPOSTA.json()}</arg>
<arg>excerpt</arg>
<arg>${BOOK_${ID_LIVRO}.excerpt}</arg>
</arguments>
<status status="PASS" starttime="20201126 18:12:17.307" endtime="20201126 18:12:17.307"></status>
</kw>
<kw name="Dictionary Should Contain Item" library="Collections">
<doc>An item of ``key`` / ``value`` must be found in a ``dictionary``.</doc>
<arguments>
<arg>${RESPOSTA.json()}</arg>
<arg>publishDate</arg>
<arg>${BOOK_${ID_LIVRO}.publishDate}</arg>
</arguments>
<status status="PASS" starttime="20201126 18:12:17.307" endtime="20201126 18:12:17.307"></status>
</kw>
<status status="PASS" starttime="20201126 18:12:17.307" endtime="20201126 18:12:17.307"></status>
</kw>
<status status="PASS" starttime="20201126 18:12:17.307" endtime="20201126 18:12:17.307"></status>
</kw>
<status status="PASS" starttime="20201126 18:12:17.057" endtime="20201126 18:12:17.307" critical="yes"></status>
</test>
<test id="s1-s1-t5" name="Deletar um livro (DELETE)">
<kw name="Excluir o livro &quot;200&quot;" library="ResourceAPIBooks">
<kw name="Delete Request" library="RequestsLibrary">
<doc>Send a DELETE request on the session object found using the
given `alias`</doc>
<arguments>
<arg>fakeAPI</arg>
<arg>api/v1/Books/${ID_LIVRO}</arg>
</arguments>
<assign>
<var>${RESPOSTA}</var>
</assign>
<msg timestamp="20201126 18:12:17.557" level="INFO">DELETE Request : url=https://fakerestapi.azurewebsites.net/api/v1/Books/200 
 path_url=/api/v1/Books/200 
 headers={'User-Agent': 'python-requests/2.24.0', 'Accept-Encoding': 'gzip, deflate', 'Accept': '*/*', 'Connection': 'keep-alive', 'Content-Length': '0'} 
 body=None 
 </msg>
<msg timestamp="20201126 18:12:17.557" level="INFO">DELETE Response : url=https://fakerestapi.azurewebsites.net/api/v1/Books/200 
 status=200, reason=OK 
 body=None 
 </msg>
<msg timestamp="20201126 18:12:17.557" level="INFO">c:\users\gabriel\appdata\local\programs\python\python39\lib\site-packages\urllib3\connectionpool.py:981: InsecureRequestWarning: Unverified HTTPS request is being made to host 'fakerestapi.azurewebsites.net'. Adding certificate verification is strongly advised. See: https://urllib3.readthedocs.io/en/latest/advanced-usage.html#ssl-warnings
  warnings.warn(</msg>
<msg timestamp="20201126 18:12:17.557" level="INFO">${RESPOSTA} = &lt;Response [200]&gt;</msg>
<status status="PASS" starttime="20201126 18:12:17.323" endtime="20201126 18:12:17.557"></status>
</kw>
<kw name="Log" library="BuiltIn">
<doc>Logs the given message with the given level.</doc>
<arguments>
<arg>${RESPOSTA.text}</arg>
</arguments>
<msg timestamp="20201126 18:12:17.557" level="INFO"></msg>
<status status="PASS" starttime="20201126 18:12:17.557" endtime="20201126 18:12:17.557"></status>
</kw>
<kw name="Set Test Variable" library="BuiltIn">
<doc>Makes a variable available everywhere within the scope of the current test.</doc>
<arguments>
<arg>${RESPOSTA}</arg>
</arguments>
<msg timestamp="20201126 18:12:17.557" level="INFO">${RESPOSTA} = &lt;Response [200]&gt;</msg>
<status status="PASS" starttime="20201126 18:12:17.557" endtime="20201126 18:12:17.557"></status>
</kw>
<status status="PASS" starttime="20201126 18:12:17.323" endtime="20201126 18:12:17.557"></status>
</kw>
<kw name="Conferir o status code" library="ResourceAPIBooks">
<arguments>
<arg>200</arg>
</arguments>
<kw name="Should Be Equal As Strings" library="BuiltIn">
<doc>Fails if objects are unequal after converting them to strings.</doc>
<arguments>
<arg>${RESPOSTA.status_code}</arg>
<arg>${STATUSCODE_DESEJADO}</arg>
</arguments>
<msg timestamp="20201126 18:12:17.557" level="INFO">Argument types are:
&lt;class 'int'&gt;
&lt;type 'unicode'&gt;</msg>
<status status="PASS" starttime="20201126 18:12:17.557" endtime="20201126 18:12:17.557"></status>
</kw>
<status status="PASS" starttime="20201126 18:12:17.557" endtime="20201126 18:12:17.557"></status>
</kw>
<kw name="Conferir o reason" library="ResourceAPIBooks">
<arguments>
<arg>OK</arg>
</arguments>
<kw name="Should Be Equal As Strings" library="BuiltIn">
<doc>Fails if objects are unequal after converting them to strings.</doc>
<arguments>
<arg>${RESPOSTA.reason}</arg>
<arg>${REASON_DESEJADO}</arg>
</arguments>
<status status="PASS" starttime="20201126 18:12:17.557" endtime="20201126 18:12:17.557"></status>
</kw>
<status status="PASS" starttime="20201126 18:12:17.557" endtime="20201126 18:12:17.557"></status>
</kw>
<kw name="Conferir se excluiu o livro &quot;200&quot;" library="ResourceAPIBooks">
<kw name="Should Be Empty" library="BuiltIn">
<doc>Verifies that the given item is empty.</doc>
<arguments>
<arg>${RESPOSTA.content}</arg>
</arguments>
<msg timestamp="20201126 18:12:17.573" level="INFO">Length is 0</msg>
<status status="PASS" starttime="20201126 18:12:17.573" endtime="20201126 18:12:17.573"></status>
</kw>
<status status="PASS" starttime="20201126 18:12:17.573" endtime="20201126 18:12:17.573"></status>
</kw>
<status status="PASS" starttime="20201126 18:12:17.323" endtime="20201126 18:12:17.573" critical="yes"></status>
</test>
<doc>Documentação da API: https://fakerestapi.azurewebsites.net/swagger/ui/index#!/Books</doc>
<status status="PASS" starttime="20201126 18:12:11.317" endtime="20201126 18:12:17.573"></status>
</suite>
<status status="PASS" starttime="20201126 18:12:11.285" endtime="20201126 18:12:17.573"></status>
</suite>
<statistics>
<total>
<stat pass="5" fail="0">Critical Tests</stat>
<stat pass="5" fail="0">All Tests</stat>
</total>
<tag>
</tag>
<suite>
<stat pass="5" fail="0" id="s1" name="API">API</stat>
<stat pass="5" fail="0" id="s1-s1" name="APIBooks TestCases">API.APIBooks TestCases</stat>
</suite>
</statistics>
<errors>
</errors>
</robot>
